17.06.2015 16:26:32,973 INFO  runner.Runner - Create company and airplanes in the company
17.06.2015 16:26:32,990 INFO  runner.Runner - Parse input XML data file
17.06.2015 16:26:33,008 INFO  runner.Runner - To count the total capacity and loading capacity, search of the plane in fuel consumption.
17.06.2015 16:26:33,009 INFO  runner.Runner - Save data to file
17.06.2015 16:26:33,015 INFO  logic.CompanyOutputData - Data are saved correctly
17.06.2015 16:26:33,015 INFO  runner.Runner - Job finish
18.06.2015 03:55:00,597 INFO  logic.GenerateAirplane - Generate new airplane ID 1, passanger 33
18.06.2015 03:55:00,598 INFO  logic.ProcessingAirplane - Processing airplane ID 1, passanger count 33, necessary time 264
18.06.2015 03:55:00,598 INFO  logic.ProcessingAirplane - Use terminal number 1
18.06.2015 03:55:00,862 INFO  logic.ProcessingAirplane - Use terminal number 2
18.06.2015 03:55:00,898 INFO  logic.GenerateAirplane - Generate new airplane ID 2, passanger 10
18.06.2015 03:55:00,899 INFO  logic.ProcessingAirplane - Processing airplane ID 2, passanger count 10, necessary time 80
18.06.2015 03:55:00,899 INFO  logic.ProcessingAirplane - Use terminal number 3
18.06.2015 03:55:00,979 INFO  logic.ProcessingAirplane - Use terminal number 1
18.06.2015 03:55:01,059 INFO  logic.ProcessingAirplane - Use terminal number 3
18.06.2015 03:55:01,126 INFO  logic.ProcessingAirplane - Use terminal number 1
18.06.2015 03:55:01,139 INFO  logic.ProcessingAirplane - Use terminal number 2
18.06.2015 03:55:01,198 INFO  logic.GenerateAirplane - Generate new airplane ID 3, passanger 43
18.06.2015 03:55:01,199 INFO  logic.ProcessingAirplane - Processing airplane ID 3, passanger count 43, necessary time 344
18.06.2015 03:55:01,199 INFO  logic.ProcessingAirplane - Use terminal number 3
18.06.2015 03:55:01,219 INFO  logic.ProcessingAirplane - Use terminal number 2
18.06.2015 03:55:01,299 INFO  logic.ProcessingAirplane - Use terminal number 2
18.06.2015 03:55:01,379 INFO  logic.ProcessingAirplane - Use terminal number 2
18.06.2015 03:55:01,390 INFO  logic.ProcessingAirplane - Use terminal number 1
18.06.2015 03:55:01,459 INFO  logic.ProcessingAirplane - Use terminal number 2
18.06.2015 03:55:01,498 INFO  logic.GenerateAirplane - Generate new airplane ID 4, passanger 81
18.06.2015 03:55:01,499 INFO  logic.ProcessingAirplane - Processing airplane ID 4, passanger count 81, necessary time 648
18.06.2015 03:55:01,539 INFO  logic.ProcessingAirplane - Use terminal number 2
18.06.2015 03:55:01,543 INFO  logic.ProcessingAirplane - Use terminal number 3
18.06.2015 03:55:01,619 INFO  logic.ProcessingAirplane - Use terminal number 2
18.06.2015 03:55:01,654 INFO  logic.ProcessingAirplane - Use terminal number 1
18.06.2015 03:55:01,699 INFO  logic.ProcessingAirplane - Use terminal number 2
18.06.2015 03:55:01,779 INFO  logic.ProcessingAirplane - Use terminal number 2
18.06.2015 03:55:01,798 INFO  logic.GenerateAirplane - Generate new airplane ID 5, passanger 61
18.06.2015 03:55:01,799 INFO  logic.ProcessingAirplane - Processing airplane ID 5, passanger count 61, necessary time 488
18.06.2015 03:55:01,859 INFO  logic.ProcessingAirplane - Use terminal number 2
18.06.2015 03:55:01,887 INFO  logic.ProcessingAirplane - Use terminal number 3
18.06.2015 03:55:01,918 INFO  logic.ProcessingAirplane - Use terminal number 1
18.06.2015 03:55:01,939 INFO  logic.ProcessingAirplane - Use terminal number 2
18.06.2015 03:55:02,019 INFO  logic.ProcessingAirplane - Use terminal number 2
18.06.2015 03:55:02,098 INFO  logic.GenerateAirplane - Generate new airplane ID 6, passanger 27
18.06.2015 03:55:02,099 INFO  logic.ProcessingAirplane - Processing airplane ID 6, passanger count 27, necessary time 216
18.06.2015 03:55:02,099 INFO  logic.ProcessingAirplane - Use terminal number 2
18.06.2015 03:55:02,179 INFO  logic.ProcessingAirplane - Use terminal number 2
18.06.2015 03:55:02,182 INFO  logic.ProcessingAirplane - Use terminal number 1
18.06.2015 03:55:02,231 INFO  logic.ProcessingAirplane - Use terminal number 3
18.06.2015 03:55:02,259 INFO  logic.ProcessingAirplane - Use terminal number 2
18.06.2015 03:55:02,339 INFO  logic.ProcessingAirplane - Use terminal number 2
18.06.2015 03:55:02,398 INFO  logic.GenerateAirplane - Generate new airplane ID 7, passanger 12
18.06.2015 03:55:02,399 INFO  logic.ProcessingAirplane - Processing airplane ID 7, passanger count 12, necessary time 96
18.06.2015 03:55:02,419 INFO  logic.ProcessingAirplane - Use terminal number 2
18.06.2015 03:55:02,446 INFO  logic.ProcessingAirplane - Use terminal number 1
18.06.2015 03:55:02,499 INFO  logic.ProcessingAirplane - Use terminal number 2
18.06.2015 03:55:02,575 INFO  logic.ProcessingAirplane - Use terminal number 3
18.06.2015 03:55:02,579 INFO  logic.ProcessingAirplane - Use terminal number 2
18.06.2015 03:55:02,659 INFO  logic.ProcessingAirplane - Use terminal number 2
18.06.2015 03:55:02,698 INFO  logic.GenerateAirplane - Generate new airplane ID 8, passanger 39
18.06.2015 03:55:02,699 INFO  logic.ProcessingAirplane - Processing airplane ID 8, passanger count 39, necessary time 312
18.06.2015 03:55:02,710 INFO  logic.ProcessingAirplane - Use terminal number 1
18.06.2015 03:55:02,739 INFO  logic.ProcessingAirplane - Use terminal number 2
18.06.2015 03:55:02,819 INFO  logic.ProcessingAirplane - Use terminal number 2
18.06.2015 03:55:02,899 INFO  logic.ProcessingAirplane - Use terminal number 2
18.06.2015 03:55:02,919 INFO  logic.ProcessingAirplane - Use terminal number 3
18.06.2015 03:55:02,974 INFO  logic.ProcessingAirplane - Use terminal number 1
18.06.2015 03:55:02,979 INFO  logic.ProcessingAirplane - Use terminal number 2
18.06.2015 03:55:02,998 INFO  logic.GenerateAirplane - Generate new airplane ID 9, passanger 64
18.06.2015 03:55:02,999 INFO  logic.ProcessingAirplane - Processing airplane ID 9, passanger count 64, necessary time 512
18.06.2015 03:55:03,059 INFO  logic.ProcessingAirplane - Use terminal number 2
18.06.2015 03:55:03,139 INFO  logic.ProcessingAirplane - Use terminal number 2
18.06.2015 03:55:03,219 INFO  logic.ProcessingAirplane - Use terminal number 2
18.06.2015 03:55:03,238 INFO  logic.ProcessingAirplane - Use terminal number 1
18.06.2015 03:55:03,263 INFO  logic.ProcessingAirplane - Use terminal number 3
18.06.2015 03:55:03,298 INFO  logic.GenerateAirplane - Generate new airplane ID 10, passanger 16
18.06.2015 03:55:03,298 INFO  logic.ProcessingAirplane - Processing airplane ID 10, passanger count 16, necessary time 128
18.06.2015 03:55:03,299 INFO  logic.ProcessingAirplane - Use terminal number 2
18.06.2015 03:55:03,379 INFO  logic.ProcessingAirplane - Use terminal number 2
18.06.2015 03:55:03,459 INFO  logic.ProcessingAirplane - Use terminal number 2
18.06.2015 03:55:03,502 INFO  logic.ProcessingAirplane - Use terminal number 1
18.06.2015 03:55:03,539 INFO  logic.ProcessingAirplane - Use terminal number 2
18.06.2015 03:55:03,598 INFO  logic.GenerateAirplane - Generate new airplane ID 11, passanger 34
18.06.2015 03:55:03,599 INFO  logic.ProcessingAirplane - Processing airplane ID 11, passanger count 34, necessary time 272
18.06.2015 03:55:03,607 INFO  logic.ProcessingAirplane - Use terminal number 3
18.06.2015 03:55:03,619 INFO  logic.ProcessingAirplane - Use terminal number 2
18.06.2015 03:55:03,699 INFO  logic.ProcessingAirplane - Use terminal number 2
18.06.2015 03:55:03,766 INFO  logic.ProcessingAirplane - Use terminal number 1
18.06.2015 03:55:03,779 INFO  logic.ProcessingAirplane - Use terminal number 2
18.06.2015 03:55:03,859 INFO  logic.ProcessingAirplane - Use terminal number 2
18.06.2015 03:55:03,898 INFO  logic.GenerateAirplane - Generate new airplane ID 12, passanger 24
18.06.2015 03:55:03,899 INFO  logic.ProcessingAirplane - Processing airplane ID 12, passanger count 24, necessary time 192
18.06.2015 03:55:03,939 INFO  logic.ProcessingAirplane - Use terminal number 2
18.06.2015 03:55:03,951 INFO  logic.ProcessingAirplane - Use terminal number 3
18.06.2015 03:55:04,019 INFO  logic.ProcessingAirplane - Use terminal number 2
18.06.2015 03:55:04,030 INFO  logic.ProcessingAirplane - Use terminal number 1
18.06.2015 03:55:04,099 INFO  logic.ProcessingAirplane - Use terminal number 2
18.06.2015 03:55:04,179 INFO  logic.ProcessingAirplane - Use terminal number 2
18.06.2015 03:55:04,198 INFO  logic.GenerateAirplane - Generate new airplane ID 13, passanger 50
18.06.2015 03:55:04,199 INFO  logic.ProcessingAirplane - Processing airplane ID 13, passanger count 50, necessary time 400
18.06.2015 03:55:04,259 INFO  logic.ProcessingAirplane - Use terminal number 2
18.06.2015 03:55:04,294 INFO  logic.ProcessingAirplane - Use terminal number 1
18.06.2015 03:55:04,295 INFO  logic.ProcessingAirplane - Use terminal number 3
18.06.2015 03:55:04,339 INFO  logic.ProcessingAirplane - Use terminal number 2
18.06.2015 03:55:04,419 INFO  logic.ProcessingAirplane - Use terminal number 2
18.06.2015 03:55:04,498 INFO  logic.GenerateAirplane - Generate new airplane ID 14, passanger 80
18.06.2015 03:55:04,499 INFO  logic.ProcessingAirplane - Processing airplane ID 14, passanger count 80, necessary time 640
18.06.2015 03:55:04,499 INFO  logic.ProcessingAirplane - Use terminal number 2
18.06.2015 03:55:04,558 INFO  logic.ProcessingAirplane - Use terminal number 1
18.06.2015 03:55:04,579 INFO  logic.ProcessingAirplane - Use terminal number 2
18.06.2015 03:55:04,639 INFO  logic.ProcessingAirplane - Use terminal number 3
18.06.2015 03:55:04,659 INFO  logic.ProcessingAirplane - Use terminal number 2
18.06.2015 03:55:04,739 INFO  logic.ProcessingAirplane - Use terminal number 2
18.06.2015 03:55:04,798 INFO  logic.GenerateAirplane - Generate new airplane ID 15, passanger 59
18.06.2015 03:55:04,799 INFO  logic.ProcessingAirplane - Processing airplane ID 15, passanger count 59, necessary time 472
18.06.2015 03:55:04,819 INFO  logic.ProcessingAirplane - Use terminal number 2
18.06.2015 03:55:04,822 INFO  logic.ProcessingAirplane - Use terminal number 1
18.06.2015 03:55:04,899 INFO  logic.ProcessingAirplane - Use terminal number 2
18.06.2015 03:55:04,979 INFO  logic.ProcessingAirplane - Use terminal number 2
18.06.2015 03:55:04,983 INFO  logic.ProcessingAirplane - Use terminal number 3
18.06.2015 03:55:05,059 INFO  logic.ProcessingAirplane - Use terminal number 2
18.06.2015 03:55:05,086 INFO  logic.ProcessingAirplane - Use terminal number 1
18.06.2015 03:55:05,098 INFO  logic.GenerateAirplane - Generate new airplane ID 16, passanger 32
18.06.2015 03:55:05,099 INFO  logic.ProcessingAirplane - Processing airplane ID 16, passanger count 32, necessary time 256
18.06.2015 03:55:05,139 INFO  logic.ProcessingAirplane - Use terminal number 2
18.06.2015 03:55:05,219 INFO  logic.ProcessingAirplane - Use terminal number 2
18.06.2015 03:55:05,299 INFO  logic.ProcessingAirplane - Use terminal number 2
18.06.2015 03:55:05,327 INFO  logic.ProcessingAirplane - Use terminal number 3
18.06.2015 03:55:05,350 INFO  logic.ProcessingAirplane - Use terminal number 1
18.06.2015 03:55:05,379 INFO  logic.ProcessingAirplane - Use terminal number 2
18.06.2015 03:55:05,398 INFO  logic.GenerateAirplane - Generate new airplane ID 17, passanger 20
18.06.2015 03:55:05,399 INFO  logic.ProcessingAirplane - Processing airplane ID 17, passanger count 20, necessary time 160
18.06.2015 03:55:05,459 INFO  logic.ProcessingAirplane - Use terminal number 2
18.06.2015 03:55:05,539 INFO  logic.ProcessingAirplane - Use terminal number 2
18.06.2015 03:55:05,614 INFO  logic.ProcessingAirplane - Use terminal number 1
18.06.2015 03:55:05,619 INFO  logic.ProcessingAirplane - Use terminal number 2
18.06.2015 03:55:05,671 INFO  logic.ProcessingAirplane - Use terminal number 3
18.06.2015 03:55:05,698 INFO  logic.GenerateAirplane - Generate new airplane ID 18, passanger 98
18.06.2015 03:55:05,698 INFO  logic.ProcessingAirplane - Processing airplane ID 18, passanger count 98, necessary time 784
18.06.2015 03:55:05,699 INFO  logic.ProcessingAirplane - Use terminal number 2
18.06.2015 03:55:05,779 INFO  logic.ProcessingAirplane - Use terminal number 2
18.06.2015 03:55:05,859 INFO  logic.ProcessingAirplane - Use terminal number 2
18.06.2015 03:55:05,878 INFO  logic.ProcessingAirplane - Use terminal number 1
18.06.2015 03:55:05,939 INFO  logic.ProcessingAirplane - Use terminal number 2
18.06.2015 03:55:05,998 INFO  logic.GenerateAirplane - Generate new airplane ID 19, passanger 28
18.06.2015 03:55:05,999 INFO  logic.ProcessingAirplane - Processing airplane ID 19, passanger count 28, necessary time 224
18.06.2015 03:55:06,015 INFO  logic.ProcessingAirplane - Use terminal number 3
18.06.2015 03:55:06,019 INFO  logic.ProcessingAirplane - Use terminal number 2
18.06.2015 03:55:06,099 INFO  logic.ProcessingAirplane - Use terminal number 2
18.06.2015 03:55:06,142 INFO  logic.ProcessingAirplane - Use terminal number 1
18.06.2015 03:55:06,179 INFO  logic.ProcessingAirplane - Use terminal number 2
18.06.2015 03:55:06,259 INFO  logic.ProcessingAirplane - Use terminal number 2
18.06.2015 03:55:06,298 INFO  logic.GenerateAirplane - Generate new airplane ID 20, passanger 51
18.06.2015 03:55:06,325 INFO  logic.ProcessingAirplane - Processing airplane ID 20, passanger count 51, necessary time 408
18.06.2015 03:55:06,339 INFO  logic.ProcessingAirplane - Use terminal number 2
18.06.2015 03:55:06,359 INFO  logic.ProcessingAirplane - Use terminal number 3
18.06.2015 03:55:06,406 INFO  logic.ProcessingAirplane - Use terminal number 1
18.06.2015 03:55:06,419 INFO  logic.ProcessingAirplane - Use terminal number 2
18.06.2015 03:55:06,455 INFO  logic.ProcessingAirplane - Use terminal number 3
18.06.2015 03:55:06,499 INFO  logic.ProcessingAirplane - Use terminal number 2
18.06.2015 03:55:06,551 INFO  logic.ProcessingAirplane - Use terminal number 3
18.06.2015 03:55:06,579 INFO  logic.ProcessingAirplane - Use terminal number 2
18.06.2015 03:55:06,598 INFO  logic.GenerateAirplane - Generate new airplane ID 21, passanger 11
18.06.2015 03:55:06,598 INFO  logic.ProcessingAirplane - Processing airplane ID 21, passanger count 11, necessary time 88
18.06.2015 03:55:06,647 INFO  logic.ProcessingAirplane - Use terminal number 3
18.06.2015 03:55:06,659 INFO  logic.ProcessingAirplane - Use terminal number 2
18.06.2015 03:55:06,670 INFO  logic.ProcessingAirplane - Use terminal number 1
18.06.2015 03:55:06,739 INFO  logic.ProcessingAirplane - Use terminal number 2
18.06.2015 03:55:06,743 INFO  logic.ProcessingAirplane - Use terminal number 3
18.06.2015 03:55:06,819 INFO  logic.ProcessingAirplane - Use terminal number 2
18.06.2015 03:55:06,839 INFO  logic.ProcessingAirplane - Use terminal number 3
18.06.2015 03:55:06,898 INFO  logic.GenerateAirplane - Generate new airplane ID 22, passanger 38
18.06.2015 03:55:06,899 INFO  logic.ProcessingAirplane - Processing airplane ID 22, passanger count 38, necessary time 304
18.06.2015 03:55:06,899 INFO  logic.ProcessingAirplane - Use terminal number 2
18.06.2015 03:55:06,934 INFO  logic.ProcessingAirplane - Use terminal number 1
18.06.2015 03:55:06,935 INFO  logic.ProcessingAirplane - Use terminal number 3
18.06.2015 03:55:06,979 INFO  logic.ProcessingAirplane - Use terminal number 2
18.06.2015 03:55:07,031 INFO  logic.ProcessingAirplane - Use terminal number 3
18.06.2015 03:55:07,059 INFO  logic.ProcessingAirplane - Use terminal number 2
18.06.2015 03:55:07,127 INFO  logic.ProcessingAirplane - Use terminal number 3
18.06.2015 03:55:07,139 INFO  logic.ProcessingAirplane - Use terminal number 2
18.06.2015 03:55:07,198 INFO  logic.ProcessingAirplane - Use terminal number 1
18.06.2015 03:55:07,198 INFO  logic.GenerateAirplane - Generate new airplane ID 23, passanger 38
18.06.2015 03:55:07,199 INFO  logic.ProcessingAirplane - Processing airplane ID 23, passanger count 38, necessary time 304
18.06.2015 03:55:07,219 INFO  logic.ProcessingAirplane - Use terminal number 2
18.06.2015 03:55:07,223 INFO  logic.ProcessingAirplane - Use terminal number 3
18.06.2015 03:55:07,299 INFO  logic.ProcessingAirplane - Use terminal number 2
18.06.2015 03:55:07,319 INFO  logic.ProcessingAirplane - Use terminal number 3
18.06.2015 03:55:07,379 INFO  logic.ProcessingAirplane - Use terminal number 2
18.06.2015 03:55:07,415 INFO  logic.ProcessingAirplane - Use terminal number 3
18.06.2015 03:55:07,459 INFO  logic.ProcessingAirplane - Use terminal number 2
18.06.2015 03:55:07,462 INFO  logic.ProcessingAirplane - Use terminal number 1
18.06.2015 03:55:07,498 INFO  logic.GenerateAirplane - Generate new airplane ID 24, passanger 86
18.06.2015 03:55:07,499 INFO  logic.ProcessingAirplane - Processing airplane ID 24, passanger count 86, necessary time 688
18.06.2015 03:55:07,511 INFO  logic.ProcessingAirplane - Use terminal number 3
18.06.2015 03:55:07,539 INFO  logic.ProcessingAirplane - Use terminal number 2
18.06.2015 03:55:07,607 INFO  logic.ProcessingAirplane - Use terminal number 3
18.06.2015 03:55:07,619 INFO  logic.ProcessingAirplane - Use terminal number 2
18.06.2015 03:55:07,699 INFO  logic.ProcessingAirplane - Use terminal number 2
18.06.2015 03:55:07,703 INFO  logic.ProcessingAirplane - Use terminal number 3
18.06.2015 03:55:07,726 INFO  logic.ProcessingAirplane - Use terminal number 1
18.06.2015 03:55:07,779 INFO  logic.ProcessingAirplane - Use terminal number 2
18.06.2015 03:55:07,798 INFO  logic.GenerateAirplane - Generate new airplane ID 25, passanger 71
18.06.2015 03:55:07,798 INFO  logic.ProcessingAirplane - Processing airplane ID 25, passanger count 71, necessary time 568
18.06.2015 03:55:07,799 INFO  logic.ProcessingAirplane - Use terminal number 3
18.06.2015 03:55:07,859 INFO  logic.ProcessingAirplane - Use terminal number 2
18.06.2015 03:55:07,895 INFO  logic.ProcessingAirplane - Use terminal number 3
18.06.2015 03:55:07,939 INFO  logic.ProcessingAirplane - Use terminal number 2
18.06.2015 03:55:07,990 INFO  logic.ProcessingAirplane - Use terminal number 1
18.06.2015 03:55:07,991 INFO  logic.ProcessingAirplane - Use terminal number 3
18.06.2015 03:55:08,019 INFO  logic.ProcessingAirplane - Use terminal number 2
18.06.2015 03:55:08,087 INFO  logic.ProcessingAirplane - Use terminal number 3
18.06.2015 03:55:08,098 INFO  logic.GenerateAirplane - Generate new airplane ID 26, passanger 62
18.06.2015 03:55:08,098 INFO  logic.ProcessingAirplane - Processing airplane ID 26, passanger count 62, necessary time 496
18.06.2015 03:55:08,099 INFO  logic.ProcessingAirplane - Use terminal number 2
18.06.2015 03:55:08,179 INFO  logic.ProcessingAirplane - Use terminal number 2
18.06.2015 03:55:08,183 INFO  logic.ProcessingAirplane - Use terminal number 3
18.06.2015 03:55:08,254 INFO  logic.ProcessingAirplane - Use terminal number 1
18.06.2015 03:55:08,259 INFO  logic.ProcessingAirplane - Use terminal number 2
18.06.2015 03:55:08,279 INFO  logic.ProcessingAirplane - Use terminal number 3
18.06.2015 03:55:08,339 INFO  logic.ProcessingAirplane - Use terminal number 2
18.06.2015 03:55:08,375 INFO  logic.ProcessingAirplane - Use terminal number 3
18.06.2015 03:55:08,398 INFO  logic.GenerateAirplane - Generate new airplane ID 27, passanger 28
18.06.2015 03:55:08,398 INFO  logic.ProcessingAirplane - Processing airplane ID 27, passanger count 28, necessary time 224
18.06.2015 03:55:08,419 INFO  logic.ProcessingAirplane - Use terminal number 2
18.06.2015 03:55:08,471 INFO  logic.ProcessingAirplane - Use terminal number 3
18.06.2015 03:55:08,499 INFO  logic.ProcessingAirplane - Use terminal number 2
18.06.2015 03:55:08,518 INFO  logic.ProcessingAirplane - Use terminal number 1
18.06.2015 03:55:08,567 INFO  logic.ProcessingAirplane - Use terminal number 3
18.06.2015 03:55:08,579 INFO  logic.ProcessingAirplane - Use terminal number 2
18.06.2015 03:55:08,659 INFO  logic.ProcessingAirplane - Use terminal number 2
18.06.2015 03:55:08,663 INFO  logic.ProcessingAirplane - Use terminal number 3
18.06.2015 03:55:08,698 INFO  logic.GenerateAirplane - Generate new airplane ID 28, passanger 82
18.06.2015 03:55:08,698 INFO  logic.ProcessingAirplane - Processing airplane ID 28, passanger count 82, necessary time 656
18.06.2015 03:55:08,739 INFO  logic.ProcessingAirplane - Use terminal number 2
18.06.2015 03:55:08,759 INFO  logic.ProcessingAirplane - Use terminal number 3
18.06.2015 03:55:08,782 INFO  logic.ProcessingAirplane - Use terminal number 1
18.06.2015 03:55:08,819 INFO  logic.ProcessingAirplane - Use terminal number 2
18.06.2015 03:55:08,855 INFO  logic.ProcessingAirplane - Use terminal number 3
18.06.2015 03:55:08,899 INFO  logic.ProcessingAirplane - Use terminal number 2
18.06.2015 03:55:08,951 INFO  logic.ProcessingAirplane - Use terminal number 3
18.06.2015 03:55:08,979 INFO  logic.ProcessingAirplane - Use terminal number 2
18.06.2015 03:55:08,998 INFO  logic.GenerateAirplane - Generate new airplane ID 29, passanger 19
18.06.2015 03:55:08,998 INFO  logic.ProcessingAirplane - Processing airplane ID 29, passanger count 19, necessary time 152
18.06.2015 03:55:09,046 INFO  logic.ProcessingAirplane - Use terminal number 1
18.06.2015 03:55:09,047 INFO  logic.ProcessingAirplane - Use terminal number 3
18.06.2015 03:55:09,059 INFO  logic.ProcessingAirplane - Use terminal number 2
18.06.2015 03:55:09,139 INFO  logic.ProcessingAirplane - Use terminal number 2
18.06.2015 03:55:09,143 INFO  logic.ProcessingAirplane - Use terminal number 3
18.06.2015 03:55:09,219 INFO  logic.ProcessingAirplane - Use terminal number 2
18.06.2015 03:55:09,239 INFO  logic.ProcessingAirplane - Use terminal number 3
18.06.2015 03:55:09,298 INFO  logic.GenerateAirplane - Generate new airplane ID 30, passanger 48
18.06.2015 03:55:09,298 INFO  logic.ProcessingAirplane - Processing airplane ID 30, passanger count 48, necessary time 384
18.06.2015 03:55:09,299 INFO  logic.ProcessingAirplane - Use terminal number 2
18.06.2015 03:55:09,310 INFO  logic.ProcessingAirplane - Use terminal number 1
18.06.2015 03:55:09,335 INFO  logic.ProcessingAirplane - Use terminal number 3
18.06.2015 03:55:09,379 INFO  logic.ProcessingAirplane - Use terminal number 2
18.06.2015 03:55:09,431 INFO  logic.ProcessingAirplane - Use terminal number 3
18.06.2015 03:55:09,459 INFO  logic.ProcessingAirplane - Use terminal number 2
18.06.2015 03:55:09,527 INFO  logic.ProcessingAirplane - Use terminal number 3
18.06.2015 03:55:09,539 INFO  logic.ProcessingAirplane - Use terminal number 2
18.06.2015 03:55:09,574 INFO  logic.ProcessingAirplane - Use terminal number 1
18.06.2015 03:55:09,598 INFO  logic.GenerateAirplane - Generate new airplane ID 31, passanger 31
18.06.2015 03:55:09,598 INFO  logic.ProcessingAirplane - Processing airplane ID 31, passanger count 31, necessary time 248
18.06.2015 03:55:09,619 INFO  logic.ProcessingAirplane - Use terminal number 2
18.06.2015 03:55:09,623 INFO  logic.ProcessingAirplane - Use terminal number 3
18.06.2015 03:55:09,699 INFO  logic.ProcessingAirplane - Use terminal number 2
18.06.2015 03:55:09,719 INFO  logic.ProcessingAirplane - Use terminal number 3
18.06.2015 03:55:09,779 INFO  logic.ProcessingAirplane - Use terminal number 2
18.06.2015 03:55:09,815 INFO  logic.ProcessingAirplane - Use terminal number 3
18.06.2015 03:55:09,838 INFO  logic.ProcessingAirplane - Use terminal number 1
18.06.2015 03:55:09,859 INFO  logic.ProcessingAirplane - Use terminal number 2
18.06.2015 03:55:09,898 INFO  logic.GenerateAirplane - Generate new airplane ID 32, passanger 66
18.06.2015 03:55:09,898 INFO  logic.ProcessingAirplane - Processing airplane ID 32, passanger count 66, necessary time 528
18.06.2015 03:55:09,911 INFO  logic.ProcessingAirplane - Use terminal number 3
18.06.2015 03:55:09,939 INFO  logic.ProcessingAirplane - Use terminal number 2
18.06.2015 03:55:10,007 INFO  logic.ProcessingAirplane - Use terminal number 3
18.06.2015 03:55:10,019 INFO  logic.ProcessingAirplane - Use terminal number 2
18.06.2015 03:55:10,099 INFO  logic.ProcessingAirplane - Use terminal number 2
18.06.2015 03:55:10,102 INFO  logic.ProcessingAirplane - Use terminal number 1
18.06.2015 03:55:10,103 INFO  logic.ProcessingAirplane - Use terminal number 3
18.06.2015 03:55:10,179 INFO  logic.ProcessingAirplane - Use terminal number 2
18.06.2015 03:55:10,198 INFO  logic.GenerateAirplane - Generate new airplane ID 33, passanger 67
18.06.2015 03:55:10,199 INFO  logic.ProcessingAirplane - Processing airplane ID 33, passanger count 67, necessary time 536
18.06.2015 03:55:10,199 INFO  logic.ProcessingAirplane - Use terminal number 3
18.06.2015 03:55:10,259 INFO  logic.ProcessingAirplane - Use terminal number 2
18.06.2015 03:55:10,295 INFO  logic.ProcessingAirplane - Use terminal number 3
18.06.2015 03:55:10,339 INFO  logic.ProcessingAirplane - Use terminal number 2
18.06.2015 03:55:10,366 INFO  logic.ProcessingAirplane - Use terminal number 1
18.06.2015 03:55:10,391 INFO  logic.ProcessingAirplane - Use terminal number 3
18.06.2015 03:55:10,419 INFO  logic.ProcessingAirplane - Use terminal number 2
18.06.2015 03:55:10,487 INFO  logic.ProcessingAirplane - Use terminal number 3
18.06.2015 03:55:10,498 INFO  logic.GenerateAirplane - Generate new airplane ID 34, passanger 34
18.06.2015 03:55:10,498 INFO  logic.ProcessingAirplane - Processing airplane ID 34, passanger count 34, necessary time 272
18.06.2015 03:55:10,499 INFO  logic.ProcessingAirplane - Use terminal number 2
18.06.2015 03:55:10,579 INFO  logic.ProcessingAirplane - Use terminal number 2
18.06.2015 03:55:10,583 INFO  logic.ProcessingAirplane - Use terminal number 3
18.06.2015 03:55:10,630 INFO  logic.ProcessingAirplane - Use terminal number 1
18.06.2015 03:55:10,659 INFO  logic.ProcessingAirplane - Use terminal number 2
18.06.2015 03:55:10,679 INFO  logic.ProcessingAirplane - Use terminal number 3
18.06.2015 03:55:10,739 INFO  logic.ProcessingAirplane - Use terminal number 2
18.06.2015 03:55:10,775 INFO  logic.ProcessingAirplane - Use terminal number 3
18.06.2015 03:55:10,798 INFO  logic.GenerateAirplane - Generate new airplane ID 35, passanger 66
18.06.2015 03:55:10,798 INFO  logic.ProcessingAirplane - Processing airplane ID 35, passanger count 66, necessary time 528
18.06.2015 03:55:10,819 INFO  logic.ProcessingAirplane - Use terminal number 2
18.06.2015 03:55:10,871 INFO  logic.ProcessingAirplane - Use terminal number 3
18.06.2015 03:55:10,894 INFO  logic.ProcessingAirplane - Use terminal number 1
18.06.2015 03:55:10,899 INFO  logic.ProcessingAirplane - Use terminal number 2
18.06.2015 03:55:10,967 INFO  logic.ProcessingAirplane - Use terminal number 3
18.06.2015 03:55:10,979 INFO  logic.ProcessingAirplane - Use terminal number 2
18.06.2015 03:55:11,059 INFO  logic.ProcessingAirplane - Use terminal number 2
18.06.2015 03:55:11,063 INFO  logic.ProcessingAirplane - Use terminal number 3
18.06.2015 03:55:11,098 INFO  logic.GenerateAirplane - Generate new airplane ID 36, passanger 51
18.06.2015 03:55:11,098 INFO  logic.ProcessingAirplane - Processing airplane ID 36, passanger count 51, necessary time 408
18.06.2015 03:55:11,139 INFO  logic.ProcessingAirplane - Use terminal number 2
18.06.2015 03:55:11,158 INFO  logic.ProcessingAirplane - Use terminal number 1
18.06.2015 03:55:11,159 INFO  logic.ProcessingAirplane - Use terminal number 3
18.06.2015 03:55:11,219 INFO  logic.ProcessingAirplane - Use terminal number 2
18.06.2015 03:55:11,255 INFO  logic.ProcessingAirplane - Use terminal number 3
18.06.2015 03:55:11,299 INFO  logic.ProcessingAirplane - Use terminal number 2
18.06.2015 03:55:11,351 INFO  logic.ProcessingAirplane - Use terminal number 3
18.06.2015 03:55:11,379 INFO  logic.ProcessingAirplane - Use terminal number 2
18.06.2015 03:55:11,398 INFO  logic.GenerateAirplane - Generate new airplane ID 37, passanger 30
18.06.2015 03:55:11,398 INFO  logic.ProcessingAirplane - Processing airplane ID 37, passanger count 30, necessary time 240
18.06.2015 03:55:11,422 INFO  logic.ProcessingAirplane - Use terminal number 1
18.06.2015 03:55:11,447 INFO  logic.ProcessingAirplane - Use terminal number 3
18.06.2015 03:55:11,459 INFO  logic.ProcessingAirplane - Use terminal number 2
18.06.2015 03:55:11,539 INFO  logic.ProcessingAirplane - Use terminal number 2
18.06.2015 03:55:11,543 INFO  logic.ProcessingAirplane - Use terminal number 3
18.06.2015 03:55:11,619 INFO  logic.ProcessingAirplane - Use terminal number 2
18.06.2015 03:55:11,639 INFO  logic.ProcessingAirplane - Use terminal number 3
18.06.2015 03:55:11,686 INFO  logic.ProcessingAirplane - Use terminal number 1
18.06.2015 03:55:11,698 INFO  logic.GenerateAirplane - Generate new airplane ID 38, passanger 97
18.06.2015 03:55:11,698 INFO  logic.ProcessingAirplane - Processing airplane ID 38, passanger count 97, necessary time 776
18.06.2015 03:55:11,699 INFO  logic.ProcessingAirplane - Use terminal number 2
18.06.2015 03:55:11,735 INFO  logic.ProcessingAirplane - Use terminal number 3
18.06.2015 03:55:11,779 INFO  logic.ProcessingAirplane - Use terminal number 2
18.06.2015 03:55:11,831 INFO  logic.ProcessingAirplane - Use terminal number 3
18.06.2015 03:55:11,859 INFO  logic.ProcessingAirplane - Use terminal number 2
18.06.2015 03:55:11,927 INFO  logic.ProcessingAirplane - Use terminal number 3
18.06.2015 03:55:11,939 INFO  logic.ProcessingAirplane - Use terminal number 2
18.06.2015 03:55:11,950 INFO  logic.ProcessingAirplane - Use terminal number 1
18.06.2015 03:55:11,998 INFO  logic.GenerateAirplane - Generate new airplane ID 39, passanger 84
18.06.2015 03:55:11,998 INFO  logic.ProcessingAirplane - Processing airplane ID 39, passanger count 84, necessary time 672
18.06.2015 03:55:12,019 INFO  logic.ProcessingAirplane - Use terminal number 2
18.06.2015 03:55:12,023 INFO  logic.ProcessingAirplane - Use terminal number 3
18.06.2015 03:55:12,099 INFO  logic.ProcessingAirplane - Use terminal number 2
18.06.2015 03:55:12,119 INFO  logic.ProcessingAirplane - Use terminal number 3
18.06.2015 03:55:12,179 INFO  logic.ProcessingAirplane - Use terminal number 2
18.06.2015 03:55:12,214 INFO  logic.ProcessingAirplane - Use terminal number 1
18.06.2015 03:55:12,215 INFO  logic.ProcessingAirplane - Use terminal number 3
18.06.2015 03:55:12,259 INFO  logic.ProcessingAirplane - Use terminal number 2
18.06.2015 03:55:12,298 INFO  logic.GenerateAirplane - Generate new airplane ID 40, passanger 49
18.06.2015 03:55:12,298 INFO  logic.ProcessingAirplane - Processing airplane ID 40, passanger count 49, necessary time 392
18.06.2015 03:55:12,311 INFO  logic.ProcessingAirplane - Use terminal number 3
18.06.2015 03:55:12,339 INFO  logic.ProcessingAirplane - Use terminal number 2
18.06.2015 03:55:12,407 INFO  logic.ProcessingAirplane - Use terminal number 3
18.06.2015 03:55:12,419 INFO  logic.ProcessingAirplane - Use terminal number 2
18.06.2015 03:55:12,478 INFO  logic.ProcessingAirplane - Use terminal number 1
18.06.2015 03:55:12,499 INFO  logic.ProcessingAirplane - Use terminal number 2
18.06.2015 03:55:12,503 INFO  logic.ProcessingAirplane - Use terminal number 3
18.06.2015 03:55:12,579 INFO  logic.ProcessingAirplane - Use terminal number 2
18.06.2015 03:55:12,598 INFO  logic.GenerateAirplane - Generate new airplane ID 41, passanger 16
18.06.2015 03:55:12,598 INFO  logic.ProcessingAirplane - Processing airplane ID 41, passanger count 16, necessary time 128
18.06.2015 03:55:12,599 INFO  logic.ProcessingAirplane - Use terminal number 3
18.06.2015 03:55:12,659 INFO  logic.ProcessingAirplane - Use terminal number 2
18.06.2015 03:55:12,695 INFO  logic.ProcessingAirplane - Use terminal number 3
18.06.2015 03:55:12,742 INFO  logic.ProcessingAirplane - Use terminal number 1
18.06.2015 03:55:12,791 INFO  logic.ProcessingAirplane - Use terminal number 3
18.06.2015 03:55:12,887 INFO  logic.ProcessingAirplane - Use terminal number 3
18.06.2015 03:55:12,898 INFO  logic.GenerateAirplane - Generate new airplane ID 42, passanger 89
18.06.2015 03:55:12,898 INFO  logic.ProcessingAirplane - Processing airplane ID 42, passanger count 89, necessary time 712
18.06.2015 03:55:12,899 INFO  logic.ProcessingAirplane - Use terminal number 2
18.06.2015 03:55:12,983 INFO  logic.ProcessingAirplane - Use terminal number 3
18.06.2015 03:55:13,006 INFO  logic.ProcessingAirplane - Use terminal number 1
18.06.2015 03:55:13,079 INFO  logic.ProcessingAirplane - Use terminal number 3
18.06.2015 03:55:13,139 INFO  logic.ProcessingAirplane - Use terminal number 2
18.06.2015 03:55:13,175 INFO  logic.ProcessingAirplane - Use terminal number 3
18.06.2015 03:55:13,198 INFO  logic.GenerateAirplane - Generate new airplane ID 43, passanger 28
18.06.2015 03:55:13,198 INFO  logic.ProcessingAirplane - Processing airplane ID 43, passanger count 28, necessary time 224
18.06.2015 03:55:13,270 INFO  logic.ProcessingAirplane - Use terminal number 1
18.06.2015 03:55:13,271 INFO  logic.ProcessingAirplane - Use terminal number 3
18.06.2015 03:55:13,367 INFO  logic.ProcessingAirplane - Use terminal number 3
18.06.2015 03:55:13,379 INFO  logic.ProcessingAirplane - Use terminal number 2
18.06.2015 03:55:13,463 INFO  logic.ProcessingAirplane - Use terminal number 3
18.06.2015 03:55:13,498 INFO  logic.GenerateAirplane - Generate new airplane ID 44, passanger 60
18.06.2015 03:55:13,499 INFO  logic.ProcessingAirplane - Processing airplane ID 44, passanger count 60, necessary time 480
18.06.2015 03:55:13,534 INFO  logic.ProcessingAirplane - Use terminal number 1
18.06.2015 03:55:13,559 INFO  logic.ProcessingAirplane - Use terminal number 3
18.06.2015 03:55:13,619 INFO  logic.ProcessingAirplane - Use terminal number 2
18.06.2015 03:55:13,655 INFO  logic.ProcessingAirplane - Use terminal number 3
18.06.2015 03:55:13,751 INFO  logic.ProcessingAirplane - Use terminal number 3
18.06.2015 03:55:13,798 INFO  logic.GenerateAirplane - Generate new airplane ID 45, passanger 16
18.06.2015 03:55:13,798 INFO  logic.ProcessingAirplane - Use terminal number 1
18.06.2015 03:55:13,798 INFO  logic.ProcessingAirplane - Processing airplane ID 45, passanger count 16, necessary time 128
18.06.2015 03:55:13,847 INFO  logic.ProcessingAirplane - Use terminal number 3
18.06.2015 03:55:13,859 INFO  logic.ProcessingAirplane - Use terminal number 2
18.06.2015 03:55:13,943 INFO  logic.ProcessingAirplane - Use terminal number 3
18.06.2015 03:55:14,039 INFO  logic.ProcessingAirplane - Use terminal number 3
18.06.2015 03:55:14,062 INFO  logic.ProcessingAirplane - Use terminal number 1
18.06.2015 03:55:14,098 INFO  logic.GenerateAirplane - Generate new airplane ID 46, passanger 17
18.06.2015 03:55:14,098 INFO  logic.ProcessingAirplane - Processing airplane ID 46, passanger count 17, necessary time 136
18.06.2015 03:55:14,099 INFO  logic.ProcessingAirplane - Use terminal number 2
18.06.2015 03:55:14,135 INFO  logic.ProcessingAirplane - Use terminal number 3
18.06.2015 03:55:14,231 INFO  logic.ProcessingAirplane - Use terminal number 3
18.06.2015 03:55:14,326 INFO  logic.ProcessingAirplane - Use terminal number 1
18.06.2015 03:55:14,327 INFO  logic.ProcessingAirplane - Use terminal number 3
18.06.2015 03:55:14,339 INFO  logic.ProcessingAirplane - Use terminal number 2
18.06.2015 03:55:14,398 INFO  logic.GenerateAirplane - Generate new airplane ID 47, passanger 67
18.06.2015 03:55:14,398 INFO  logic.ProcessingAirplane - Processing airplane ID 47, passanger count 67, necessary time 536
18.06.2015 03:55:14,423 INFO  logic.ProcessingAirplane - Use terminal number 3
18.06.2015 03:55:14,519 INFO  logic.ProcessingAirplane - Use terminal number 3
18.06.2015 03:55:14,579 INFO  logic.ProcessingAirplane - Use terminal number 2
18.06.2015 03:55:14,590 INFO  logic.ProcessingAirplane - Use terminal number 1
18.06.2015 03:55:14,615 INFO  logic.ProcessingAirplane - Use terminal number 3
18.06.2015 03:55:14,698 INFO  logic.GenerateAirplane - Generate new airplane ID 48, passanger 44
18.06.2015 03:55:14,698 INFO  logic.ProcessingAirplane - Processing airplane ID 48, passanger count 44, necessary time 352
18.06.2015 03:55:14,711 INFO  logic.ProcessingAirplane - Use terminal number 3
18.06.2015 03:55:14,807 INFO  logic.ProcessingAirplane - Use terminal number 3
18.06.2015 03:55:14,819 INFO  logic.ProcessingAirplane - Use terminal number 2
18.06.2015 03:55:14,854 INFO  logic.ProcessingAirplane - Use terminal number 1
18.06.2015 03:55:14,903 INFO  logic.ProcessingAirplane - Use terminal number 3
18.06.2015 03:55:14,998 INFO  logic.GenerateAirplane - Generate new airplane ID 49, passanger 66
18.06.2015 03:55:14,998 INFO  logic.ProcessingAirplane - Processing airplane ID 49, passanger count 66, necessary time 528
18.06.2015 03:55:14,999 INFO  logic.ProcessingAirplane - Use terminal number 3
18.06.2015 03:55:15,059 INFO  logic.ProcessingAirplane - Use terminal number 2
18.06.2015 03:55:15,118 INFO  logic.ProcessingAirplane - Use terminal number 1
18.06.2015 03:55:15,298 INFO  logic.GenerateAirplane - Generate new airplane ID 50, passanger 36
18.06.2015 03:55:15,298 INFO  logic.ProcessingAirplane - Processing airplane ID 50, passanger count 36, necessary time 288
18.06.2015 03:55:15,299 INFO  logic.ProcessingAirplane - Use terminal number 2
18.06.2015 03:55:15,382 INFO  logic.ProcessingAirplane - Use terminal number 1
18.06.2015 03:55:15,527 INFO  logic.ProcessingAirplane - Use terminal number 3
18.06.2015 03:55:15,539 INFO  logic.ProcessingAirplane - Use terminal number 2
18.06.2015 03:55:15,598 INFO  logic.GenerateAirplane - Generate new airplane ID 51, passanger 86
18.06.2015 03:55:15,598 INFO  logic.ProcessingAirplane - Processing airplane ID 51, passanger count 86, necessary time 688
18.06.2015 03:55:15,646 INFO  logic.ProcessingAirplane - Use terminal number 1
18.06.2015 03:55:15,779 INFO  logic.ProcessingAirplane - Use terminal number 2
18.06.2015 03:55:15,898 INFO  logic.GenerateAirplane - Generate new airplane ID 52, passanger 15
18.06.2015 03:55:15,898 INFO  logic.ProcessingAirplane - Processing airplane ID 52, passanger count 15, necessary time 120
18.06.2015 03:55:15,910 INFO  logic.ProcessingAirplane - Use terminal number 1
18.06.2015 03:55:16,019 INFO  logic.ProcessingAirplane - Use terminal number 2
18.06.2015 03:55:16,055 INFO  logic.ProcessingAirplane - Use terminal number 3
18.06.2015 03:55:16,174 INFO  logic.ProcessingAirplane - Use terminal number 1
18.06.2015 03:55:16,198 INFO  logic.GenerateAirplane - Generate new airplane ID 53, passanger 44
18.06.2015 03:55:16,198 INFO  logic.ProcessingAirplane - Processing airplane ID 53, passanger count 44, necessary time 352
18.06.2015 03:55:16,259 INFO  logic.ProcessingAirplane - Use terminal number 2
18.06.2015 03:55:16,438 INFO  logic.ProcessingAirplane - Use terminal number 1
18.06.2015 03:55:16,498 INFO  logic.GenerateAirplane - Generate new airplane ID 54, passanger 32
18.06.2015 03:55:16,498 INFO  logic.ProcessingAirplane - Processing airplane ID 54, passanger count 32, necessary time 256
18.06.2015 03:55:16,499 INFO  logic.ProcessingAirplane - Use terminal number 2
18.06.2015 03:55:16,583 INFO  logic.ProcessingAirplane - Use terminal number 3
18.06.2015 03:55:16,702 INFO  logic.ProcessingAirplane - Use terminal number 1
18.06.2015 03:55:16,739 INFO  logic.ProcessingAirplane - Use terminal number 2
18.06.2015 03:55:16,798 INFO  logic.GenerateAirplane - Generate new airplane ID 55, passanger 79
18.06.2015 03:55:16,798 INFO  logic.ProcessingAirplane - Processing airplane ID 55, passanger count 79, necessary time 632
18.06.2015 03:55:16,966 INFO  logic.ProcessingAirplane - Use terminal number 1
18.06.2015 03:55:16,979 INFO  logic.ProcessingAirplane - Use terminal number 2
18.06.2015 03:55:17,098 INFO  logic.GenerateAirplane - Generate new airplane ID 56, passanger 51
18.06.2015 03:55:17,098 INFO  logic.ProcessingAirplane - Processing airplane ID 56, passanger count 51, necessary time 408
18.06.2015 03:55:17,111 INFO  logic.ProcessingAirplane - Use terminal number 3
18.06.2015 03:55:17,219 INFO  logic.ProcessingAirplane - Use terminal number 2
18.06.2015 03:55:17,230 INFO  logic.ProcessingAirplane - Use terminal number 1
18.06.2015 03:55:17,398 INFO  logic.GenerateAirplane - Generate new airplane ID 57, passanger 47
18.06.2015 03:55:17,398 INFO  logic.ProcessingAirplane - Processing airplane ID 57, passanger count 47, necessary time 376
18.06.2015 03:55:17,459 INFO  logic.ProcessingAirplane - Use terminal number 2
18.06.2015 03:55:17,494 INFO  logic.ProcessingAirplane - Use terminal number 1
18.06.2015 03:55:17,639 INFO  logic.ProcessingAirplane - Use terminal number 3
18.06.2015 03:55:17,698 INFO  logic.GenerateAirplane - Generate new airplane ID 58, passanger 17
18.06.2015 03:55:17,698 INFO  logic.ProcessingAirplane - Processing airplane ID 58, passanger count 17, necessary time 136
18.06.2015 03:55:17,699 INFO  logic.ProcessingAirplane - Use terminal number 2
18.06.2015 03:55:17,758 INFO  logic.ProcessingAirplane - Use terminal number 1
18.06.2015 03:55:17,939 INFO  logic.ProcessingAirplane - Use terminal number 2
18.06.2015 03:55:17,998 INFO  logic.GenerateAirplane - Generate new airplane ID 59, passanger 37
18.06.2015 03:55:17,998 INFO  logic.ProcessingAirplane - Processing airplane ID 59, passanger count 37, necessary time 296
18.06.2015 03:55:18,022 INFO  logic.ProcessingAirplane - Use terminal number 1
18.06.2015 03:55:18,167 INFO  logic.ProcessingAirplane - Use terminal number 3
18.06.2015 03:55:18,179 INFO  logic.ProcessingAirplane - Use terminal number 2
18.06.2015 03:55:18,286 INFO  logic.ProcessingAirplane - Use terminal number 1
18.06.2015 03:55:18,298 INFO  logic.GenerateAirplane - Generate new airplane ID 60, passanger 62
18.06.2015 03:55:18,298 INFO  logic.ProcessingAirplane - Processing airplane ID 60, passanger count 62, necessary time 496
18.06.2015 03:55:18,419 INFO  logic.ProcessingAirplane - Use terminal number 2
18.06.2015 03:55:18,550 INFO  logic.ProcessingAirplane - Use terminal number 1
18.06.2015 03:55:18,598 INFO  logic.GenerateAirplane - Generate new airplane ID 61, passanger 50
18.06.2015 03:55:18,598 INFO  logic.ProcessingAirplane - Processing airplane ID 61, passanger count 50, necessary time 400
18.06.2015 03:55:18,659 INFO  logic.ProcessingAirplane - Use terminal number 2
18.06.2015 03:55:18,695 INFO  logic.ProcessingAirplane - Use terminal number 3
18.06.2015 03:55:18,814 INFO  logic.ProcessingAirplane - Use terminal number 1
18.06.2015 03:55:18,898 INFO  logic.GenerateAirplane - Generate new airplane ID 62, passanger 87
18.06.2015 03:55:18,898 INFO  logic.ProcessingAirplane - Processing airplane ID 62, passanger count 87, necessary time 696
18.06.2015 03:55:18,899 INFO  logic.ProcessingAirplane - Use terminal number 2
18.06.2015 03:55:19,078 INFO  logic.ProcessingAirplane - Use terminal number 1
18.06.2015 03:55:19,139 INFO  logic.ProcessingAirplane - Use terminal number 2
18.06.2015 03:55:19,198 INFO  logic.GenerateAirplane - Generate new airplane ID 63, passanger 99
18.06.2015 03:55:19,198 INFO  logic.ProcessingAirplane - Processing airplane ID 63, passanger count 99, necessary time 792
18.06.2015 03:55:19,223 INFO  logic.ProcessingAirplane - Use terminal number 3
18.06.2015 03:55:19,342 INFO  logic.ProcessingAirplane - Use terminal number 1
18.06.2015 03:55:19,379 INFO  logic.ProcessingAirplane - Use terminal number 2
18.06.2015 03:55:19,498 INFO  logic.GenerateAirplane - Generate new airplane ID 64, passanger 37
18.06.2015 03:55:19,499 INFO  logic.ProcessingAirplane - Processing airplane ID 64, passanger count 37, necessary time 296
18.06.2015 03:55:19,606 INFO  logic.ProcessingAirplane - Use terminal number 1
18.06.2015 03:55:19,619 INFO  logic.ProcessingAirplane - Use terminal number 2
18.06.2015 03:55:19,751 INFO  logic.ProcessingAirplane - Use terminal number 3
18.06.2015 03:55:19,798 INFO  logic.GenerateAirplane - Generate new airplane ID 65, passanger 13
18.06.2015 03:55:19,798 INFO  logic.ProcessingAirplane - Processing airplane ID 65, passanger count 13, necessary time 104
18.06.2015 03:55:19,859 INFO  logic.ProcessingAirplane - Use terminal number 2
18.06.2015 03:55:19,870 INFO  logic.ProcessingAirplane - Use terminal number 1
18.06.2015 03:55:20,098 INFO  logic.GenerateAirplane - Generate new airplane ID 66, passanger 66
18.06.2015 03:55:20,098 INFO  logic.ProcessingAirplane - Processing airplane ID 66, passanger count 66, necessary time 528
18.06.2015 03:55:20,099 INFO  logic.ProcessingAirplane - Use terminal number 2
18.06.2015 03:55:20,134 INFO  logic.ProcessingAirplane - Use terminal number 1
18.06.2015 03:55:20,279 INFO  logic.ProcessingAirplane - Use terminal number 3
18.06.2015 03:55:20,398 INFO  logic.ProcessingAirplane - Use terminal number 1
18.06.2015 03:55:20,398 INFO  logic.GenerateAirplane - Generate new airplane ID 67, passanger 72
18.06.2015 03:55:20,399 INFO  logic.ProcessingAirplane - Processing airplane ID 67, passanger count 72, necessary time 576
18.06.2015 03:55:20,627 INFO  logic.ProcessingAirplane - Use terminal number 2
18.06.2015 03:55:20,662 INFO  logic.ProcessingAirplane - Use terminal number 1
18.06.2015 03:55:20,698 INFO  logic.GenerateAirplane - Generate new airplane ID 68, passanger 62
18.06.2015 03:55:20,698 INFO  logic.ProcessingAirplane - Processing airplane ID 68, passanger count 62, necessary time 496
18.06.2015 03:55:20,807 INFO  logic.ProcessingAirplane - Use terminal number 3
18.06.2015 03:55:20,926 INFO  logic.ProcessingAirplane - Use terminal number 1
18.06.2015 03:55:20,998 INFO  logic.GenerateAirplane - Generate new airplane ID 69, passanger 92
18.06.2015 03:55:20,998 INFO  logic.ProcessingAirplane - Processing airplane ID 69, passanger count 92, necessary time 736
18.06.2015 03:55:21,155 INFO  logic.ProcessingAirplane - Use terminal number 2
18.06.2015 03:55:21,190 INFO  logic.ProcessingAirplane - Use terminal number 1
18.06.2015 03:55:21,298 INFO  logic.GenerateAirplane - Generate new airplane ID 70, passanger 77
18.06.2015 03:55:21,298 INFO  logic.ProcessingAirplane - Processing airplane ID 70, passanger count 77, necessary time 616
18.06.2015 03:55:21,335 INFO  logic.ProcessingAirplane - Use terminal number 3
18.06.2015 03:55:21,454 INFO  logic.ProcessingAirplane - Use terminal number 1
18.06.2015 03:55:21,598 INFO  logic.GenerateAirplane - Generate new airplane ID 71, passanger 99
18.06.2015 03:55:21,598 INFO  logic.ProcessingAirplane - Processing airplane ID 71, passanger count 99, necessary time 792
18.06.2015 03:56:07,883 INFO  logic.GenerateAirplane - Generate new airplane ID 1, passanger 89
18.06.2015 03:56:07,884 INFO  logic.ProcessingAirplane - Processing airplane ID 1, passanger count 89, necessary time 1335
18.06.2015 03:56:07,884 INFO  logic.ProcessingAirplane - Use terminal number 1
18.06.2015 03:56:08,684 INFO  logic.GenerateAirplane - Generate new airplane ID 2, passanger 99
18.06.2015 03:56:08,685 INFO  logic.ProcessingAirplane - Processing airplane ID 2, passanger count 99, necessary time 1485
18.06.2015 03:56:08,685 INFO  logic.ProcessingAirplane - Use terminal number 2
18.06.2015 03:56:09,219 INFO  logic.ProcessingAirplane - Use terminal number 3
18.06.2015 03:56:09,484 INFO  logic.GenerateAirplane - Generate new airplane ID 3, passanger 86
18.06.2015 03:56:09,485 INFO  logic.ProcessingAirplane - Processing airplane ID 3, passanger count 86, necessary time 1290
18.06.2015 03:56:09,485 INFO  logic.ProcessingAirplane - Use terminal number 1
18.06.2015 03:56:10,170 INFO  logic.ProcessingAirplane - Use terminal number 2
18.06.2015 03:56:10,284 INFO  logic.GenerateAirplane - Generate new airplane ID 4, passanger 14
18.06.2015 03:56:10,285 INFO  logic.ProcessingAirplane - Processing airplane ID 4, passanger count 14, necessary time 210
18.06.2015 03:56:10,554 INFO  logic.ProcessingAirplane - Use terminal number 3
18.06.2015 03:56:10,775 INFO  logic.ProcessingAirplane - Use terminal number 1
18.06.2015 03:56:11,084 INFO  logic.GenerateAirplane - Generate new airplane ID 5, passanger 94
18.06.2015 03:56:11,085 INFO  logic.ProcessingAirplane - Processing airplane ID 5, passanger count 94, necessary time 1410
18.06.2015 03:56:11,655 INFO  logic.ProcessingAirplane - Use terminal number 2
18.06.2015 03:56:11,884 INFO  logic.GenerateAirplane - Generate new airplane ID 6, passanger 76
18.06.2015 03:56:11,885 INFO  logic.ProcessingAirplane - Processing airplane ID 6, passanger count 76, necessary time 1140
18.06.2015 03:56:11,889 INFO  logic.ProcessingAirplane - Use terminal number 3
18.06.2015 03:56:12,065 INFO  logic.ProcessingAirplane - Use terminal number 1
18.06.2015 03:56:12,684 INFO  logic.GenerateAirplane - Generate new airplane ID 7, passanger 88
18.06.2015 03:56:12,685 INFO  logic.ProcessingAirplane - Processing airplane ID 7, passanger count 88, necessary time 1320
18.06.2015 03:56:13,140 INFO  logic.ProcessingAirplane - Use terminal number 2
18.06.2015 03:56:13,224 INFO  logic.ProcessingAirplane - Use terminal number 3
18.06.2015 03:56:13,355 INFO  logic.ProcessingAirplane - Use terminal number 1
18.06.2015 03:56:13,484 INFO  logic.GenerateAirplane - Generate new airplane ID 8, passanger 13
18.06.2015 03:56:13,485 INFO  logic.ProcessingAirplane - Processing airplane ID 8, passanger count 13, necessary time 195
18.06.2015 03:58:17,948 INFO  logic.GenerateAirplane - Generate new airplane ID 1, passanger 49
18.06.2015 03:58:17,949 INFO  logic.ProcessingAirplane - Processing airplane ID 1, passanger count 49, necessary time 735
18.06.2015 03:58:17,950 INFO  logic.ProcessingAirplane - Use terminal number 1, airplane ID 1
18.06.2015 03:58:18,685 INFO  logic.ProcessingAirplane - Processing of the airplane ID 1 is complete
18.06.2015 03:58:18,749 INFO  logic.GenerateAirplane - Generate new airplane ID 2, passanger 35
18.06.2015 03:58:18,750 INFO  logic.ProcessingAirplane - Processing airplane ID 2, passanger count 35, necessary time 525
18.06.2015 03:58:18,750 INFO  logic.ProcessingAirplane - Use terminal number 2, airplane ID 2
18.06.2015 03:58:19,275 INFO  logic.ProcessingAirplane - Processing of the airplane ID 2 is complete
18.06.2015 03:58:19,549 INFO  logic.GenerateAirplane - Generate new airplane ID 3, passanger 58
18.06.2015 03:58:19,550 INFO  logic.ProcessingAirplane - Processing airplane ID 3, passanger count 58, necessary time 870
18.06.2015 03:58:19,550 INFO  logic.ProcessingAirplane - Use terminal number 3, airplane ID 3
18.06.2015 03:58:20,349 INFO  logic.GenerateAirplane - Generate new airplane ID 4, passanger 67
18.06.2015 03:58:20,350 INFO  logic.ProcessingAirplane - Processing airplane ID 4, passanger count 67, necessary time 1005
18.06.2015 03:58:20,350 INFO  logic.ProcessingAirplane - Use terminal number 1, airplane ID 4
18.06.2015 03:58:20,420 INFO  logic.ProcessingAirplane - Processing of the airplane ID 3 is complete
18.06.2015 03:58:21,149 INFO  logic.GenerateAirplane - Generate new airplane ID 5, passanger 51
18.06.2015 03:58:21,150 INFO  logic.ProcessingAirplane - Processing airplane ID 5, passanger count 51, necessary time 765
18.06.2015 03:58:21,150 INFO  logic.ProcessingAirplane - Use terminal number 2, airplane ID 5
18.06.2015 03:58:21,355 INFO  logic.ProcessingAirplane - Processing of the airplane ID 4 is complete
18.06.2015 03:58:21,915 INFO  logic.ProcessingAirplane - Processing of the airplane ID 5 is complete
18.06.2015 03:58:21,949 INFO  logic.GenerateAirplane - Generate new airplane ID 6, passanger 53
18.06.2015 03:58:21,949 INFO  logic.ProcessingAirplane - Processing airplane ID 6, passanger count 53, necessary time 795
18.06.2015 03:58:21,950 INFO  logic.ProcessingAirplane - Use terminal number 3, airplane ID 6
18.06.2015 03:58:22,745 INFO  logic.ProcessingAirplane - Processing of the airplane ID 6 is complete
18.06.2015 03:58:22,749 INFO  logic.GenerateAirplane - Generate new airplane ID 7, passanger 36
18.06.2015 03:58:22,749 INFO  logic.ProcessingAirplane - Processing airplane ID 7, passanger count 36, necessary time 540
18.06.2015 03:58:22,750 INFO  logic.ProcessingAirplane - Use terminal number 1, airplane ID 7
18.06.2015 03:58:23,290 INFO  logic.ProcessingAirplane - Processing of the airplane ID 7 is complete
18.06.2015 03:58:23,549 INFO  logic.GenerateAirplane - Generate new airplane ID 8, passanger 79
18.06.2015 03:58:23,550 INFO  logic.ProcessingAirplane - Processing airplane ID 8, passanger count 79, necessary time 1185
18.06.2015 03:58:23,550 INFO  logic.ProcessingAirplane - Use terminal number 2, airplane ID 8
18.06.2015 03:58:24,349 INFO  logic.GenerateAirplane - Generate new airplane ID 9, passanger 32
18.06.2015 03:58:24,350 INFO  logic.ProcessingAirplane - Processing airplane ID 9, passanger count 32, necessary time 480
18.06.2015 03:58:24,350 INFO  logic.ProcessingAirplane - Use terminal number 3, airplane ID 9
18.06.2015 03:58:24,750 INFO  logic.ProcessingAirplane - Processing of the airplane ID 8 is complete
18.06.2015 03:59:13,793 INFO  logic.GenerateAirplane - Generate new airplane ID 1, passanger 51
18.06.2015 03:59:13,794 INFO  logic.ProcessingAirplane - Processing airplane ID 1, passanger count 51, necessary time 2550
18.06.2015 03:59:13,794 INFO  logic.ProcessingAirplane - Use terminal number 1, airplane ID 1
18.06.2015 03:59:14,594 INFO  logic.GenerateAirplane - Generate new airplane ID 2, passanger 13
18.06.2015 03:59:14,595 INFO  logic.ProcessingAirplane - Processing airplane ID 2, passanger count 13, necessary time 650
18.06.2015 03:59:14,595 INFO  logic.ProcessingAirplane - Use terminal number 2, airplane ID 2
18.06.2015 03:59:15,245 INFO  logic.ProcessingAirplane - Processing of the airplane ID 2 is complete
18.06.2015 03:59:15,394 INFO  logic.GenerateAirplane - Generate new airplane ID 3, passanger 62
18.06.2015 03:59:15,395 INFO  logic.ProcessingAirplane - Processing airplane ID 3, passanger count 62, necessary time 3100
18.06.2015 03:59:15,395 INFO  logic.ProcessingAirplane - Use terminal number 3, airplane ID 3
18.06.2015 03:59:16,194 INFO  logic.GenerateAirplane - Generate new airplane ID 4, passanger 99
18.06.2015 03:59:16,195 INFO  logic.ProcessingAirplane - Processing airplane ID 4, passanger count 99, necessary time 4950
18.06.2015 03:59:16,195 INFO  logic.ProcessingAirplane - Use terminal number 2, airplane ID 4
18.06.2015 03:59:16,344 INFO  logic.ProcessingAirplane - Processing of the airplane ID 1 is complete
18.06.2015 03:59:16,994 INFO  logic.GenerateAirplane - Generate new airplane ID 5, passanger 50
18.06.2015 03:59:16,995 INFO  logic.ProcessingAirplane - Processing airplane ID 5, passanger count 50, necessary time 2500
18.06.2015 03:59:16,995 INFO  logic.ProcessingAirplane - Use terminal number 1, airplane ID 5
18.06.2015 03:59:17,794 INFO  logic.GenerateAirplane - Generate new airplane ID 6, passanger 81
18.06.2015 03:59:17,795 INFO  logic.ProcessingAirplane - Processing airplane ID 6, passanger count 81, necessary time 4050
18.06.2015 03:59:18,495 INFO  logic.ProcessingAirplane - Processing of the airplane ID 3 is complete
18.06.2015 03:59:18,495 INFO  logic.ProcessingAirplane - Use terminal number 3, airplane ID 6
18.06.2015 03:59:18,594 INFO  logic.GenerateAirplane - Generate new airplane ID 7, passanger 36
18.06.2015 03:59:18,594 INFO  logic.ProcessingAirplane - Processing airplane ID 7, passanger count 36, necessary time 1800
18.06.2015 03:59:19,394 INFO  logic.GenerateAirplane - Generate new airplane ID 8, passanger 44
18.06.2015 03:59:19,395 INFO  logic.ProcessingAirplane - Processing airplane ID 8, passanger count 44, necessary time 2200
18.06.2015 03:59:19,495 INFO  logic.ProcessingAirplane - Processing of the airplane ID 5 is complete
18.06.2015 03:59:19,495 INFO  logic.ProcessingAirplane - Use terminal number 1, airplane ID 7
18.06.2015 03:59:20,194 INFO  logic.GenerateAirplane - Generate new airplane ID 9, passanger 72
18.06.2015 03:59:20,195 INFO  logic.ProcessingAirplane - Processing airplane ID 9, passanger count 72, necessary time 3600
18.06.2015 03:59:20,994 INFO  logic.GenerateAirplane - Generate new airplane ID 10, passanger 25
18.06.2015 03:59:20,995 INFO  logic.ProcessingAirplane - Processing airplane ID 10, passanger count 25, necessary time 1250
18.06.2015 03:59:21,145 INFO  logic.ProcessingAirplane - Processing of the airplane ID 4 is complete
18.06.2015 03:59:21,145 INFO  logic.ProcessingAirplane - Use terminal number 2, airplane ID 8
18.06.2015 03:59:21,295 INFO  logic.ProcessingAirplane - Processing of the airplane ID 7 is complete
18.06.2015 03:59:21,295 INFO  logic.ProcessingAirplane - Use terminal number 1, airplane ID 9
18.06.2015 03:59:21,794 INFO  logic.GenerateAirplane - Generate new airplane ID 11, passanger 19
18.06.2015 03:59:21,795 INFO  logic.ProcessingAirplane - Processing airplane ID 11, passanger count 19, necessary time 950
18.06.2015 03:59:22,545 INFO  logic.ProcessingAirplane - Use terminal number 3, airplane ID 10
18.06.2015 03:59:22,545 INFO  logic.ProcessingAirplane - Processing of the airplane ID 6 is complete
18.06.2015 03:59:22,594 INFO  logic.GenerateAirplane - Generate new airplane ID 12, passanger 96
18.06.2015 03:59:22,594 INFO  logic.ProcessingAirplane - Processing airplane ID 12, passanger count 96, necessary time 4800
18.06.2015 03:59:23,345 INFO  logic.ProcessingAirplane - Processing of the airplane ID 8 is complete
18.06.2015 03:59:23,345 INFO  logic.ProcessingAirplane - Use terminal number 2, airplane ID 11
18.06.2015 03:59:23,394 INFO  logic.GenerateAirplane - Generate new airplane ID 13, passanger 19
18.06.2015 03:59:23,394 INFO  logic.ProcessingAirplane - Processing airplane ID 13, passanger count 19, necessary time 950
18.06.2015 03:59:23,795 INFO  logic.ProcessingAirplane - Processing of the airplane ID 10 is complete
18.06.2015 03:59:23,795 INFO  logic.ProcessingAirplane - Use terminal number 3, airplane ID 12
18.06.2015 03:59:24,194 INFO  logic.GenerateAirplane - Generate new airplane ID 14, passanger 91
18.06.2015 03:59:24,195 INFO  logic.ProcessingAirplane - Processing airplane ID 14, passanger count 91, necessary time 4550
18.06.2015 03:59:24,295 INFO  logic.ProcessingAirplane - Processing of the airplane ID 11 is complete
18.06.2015 03:59:24,295 INFO  logic.ProcessingAirplane - Use terminal number 2, airplane ID 13
18.06.2015 03:59:24,896 INFO  logic.ProcessingAirplane - Processing of the airplane ID 9 is complete
18.06.2015 03:59:24,896 INFO  logic.ProcessingAirplane - Use terminal number 1, airplane ID 14
18.06.2015 03:59:24,994 INFO  logic.GenerateAirplane - Generate new airplane ID 15, passanger 31
18.06.2015 03:59:24,995 INFO  logic.ProcessingAirplane - Processing airplane ID 15, passanger count 31, necessary time 1550
18.06.2015 03:59:25,245 INFO  logic.ProcessingAirplane - Processing of the airplane ID 13 is complete
18.06.2015 03:59:25,245 INFO  logic.ProcessingAirplane - Use terminal number 2, airplane ID 15
18.06.2015 03:59:25,794 INFO  logic.GenerateAirplane - Generate new airplane ID 16, passanger 36
18.06.2015 03:59:25,795 INFO  logic.ProcessingAirplane - Processing airplane ID 16, passanger count 36, necessary time 1800
18.06.2015 03:59:26,594 INFO  logic.GenerateAirplane - Generate new airplane ID 17, passanger 64
18.06.2015 03:59:26,595 INFO  logic.ProcessingAirplane - Processing airplane ID 17, passanger count 64, necessary time 3200
18.06.2015 03:59:26,795 INFO  logic.ProcessingAirplane - Processing of the airplane ID 15 is complete
18.06.2015 03:59:26,795 INFO  logic.ProcessingAirplane - Use terminal number 2, airplane ID 16
18.06.2015 03:59:27,394 INFO  logic.GenerateAirplane - Generate new airplane ID 18, passanger 15
18.06.2015 03:59:27,395 INFO  logic.ProcessingAirplane - Processing airplane ID 18, passanger count 15, necessary time 750
18.06.2015 03:59:28,194 INFO  logic.GenerateAirplane - Generate new airplane ID 19, passanger 13
18.06.2015 03:59:28,195 INFO  logic.ProcessingAirplane - Processing airplane ID 19, passanger count 13, necessary time 650
18.06.2015 03:59:28,595 INFO  logic.ProcessingAirplane - Processing of the airplane ID 16 is complete
18.06.2015 03:59:28,595 INFO  logic.ProcessingAirplane - Use terminal number 3, airplane ID 18
18.06.2015 03:59:28,595 INFO  logic.ProcessingAirplane - Use terminal number 2, airplane ID 17
18.06.2015 03:59:28,595 INFO  logic.ProcessingAirplane - Processing of the airplane ID 12 is complete
18.06.2015 03:59:28,994 INFO  logic.GenerateAirplane - Generate new airplane ID 20, passanger 12
18.06.2015 03:59:28,995 INFO  logic.ProcessingAirplane - Processing airplane ID 20, passanger count 12, necessary time 600
18.06.2015 03:59:29,345 INFO  logic.ProcessingAirplane - Processing of the airplane ID 18 is complete
18.06.2015 03:59:29,345 INFO  logic.ProcessingAirplane - Use terminal number 3, airplane ID 19
18.06.2015 03:59:29,446 INFO  logic.ProcessingAirplane - Processing of the airplane ID 14 is complete
18.06.2015 03:59:29,446 INFO  logic.ProcessingAirplane - Use terminal number 1, airplane ID 20
18.06.2015 03:59:29,794 INFO  logic.GenerateAirplane - Generate new airplane ID 21, passanger 41
18.06.2015 03:59:29,798 INFO  logic.ProcessingAirplane - Processing airplane ID 21, passanger count 41, necessary time 2050
18.06.2015 03:59:29,995 INFO  logic.ProcessingAirplane - Processing of the airplane ID 19 is complete
18.06.2015 03:59:29,995 INFO  logic.ProcessingAirplane - Use terminal number 3, airplane ID 21
18.06.2015 03:59:30,046 INFO  logic.ProcessingAirplane - Processing of the airplane ID 20 is complete
18.06.2015 03:59:30,594 INFO  logic.GenerateAirplane - Generate new airplane ID 22, passanger 84
18.06.2015 03:59:30,595 INFO  logic.ProcessingAirplane - Processing airplane ID 22, passanger count 84, necessary time 4200
18.06.2015 03:59:30,595 INFO  logic.ProcessingAirplane - Use terminal number 1, airplane ID 22
18.06.2015 03:59:31,394 INFO  logic.GenerateAirplane - Generate new airplane ID 23, passanger 78
18.06.2015 03:59:31,395 INFO  logic.ProcessingAirplane - Processing airplane ID 23, passanger count 78, necessary time 3900
18.06.2015 03:59:31,796 INFO  logic.ProcessingAirplane - Processing of the airplane ID 17 is complete
18.06.2015 03:59:31,796 INFO  logic.ProcessingAirplane - Use terminal number 2, airplane ID 23
18.06.2015 04:00:01,384 INFO  logic.GenerateAirplane - Generate new airplane ID 1, passanger 68
18.06.2015 04:00:01,385 INFO  logic.ProcessingAirplane - Processing airplane ID 1, passanger count 68, necessary time 6800
18.06.2015 04:00:01,385 INFO  logic.ProcessingAirplane - Use terminal number 1, airplane ID 1
18.06.2015 04:00:02,184 INFO  logic.GenerateAirplane - Generate new airplane ID 2, passanger 43
18.06.2015 04:00:02,185 INFO  logic.ProcessingAirplane - Processing airplane ID 2, passanger count 43, necessary time 4300
18.06.2015 04:00:02,185 INFO  logic.ProcessingAirplane - Use terminal number 2, airplane ID 2
18.06.2015 04:00:02,984 INFO  logic.GenerateAirplane - Generate new airplane ID 3, passanger 50
18.06.2015 04:00:02,985 INFO  logic.ProcessingAirplane - Processing airplane ID 3, passanger count 50, necessary time 5000
18.06.2015 04:00:02,985 INFO  logic.ProcessingAirplane - Use terminal number 3, airplane ID 3
18.06.2015 04:00:03,784 INFO  logic.GenerateAirplane - Generate new airplane ID 4, passanger 93
18.06.2015 04:00:03,785 INFO  logic.ProcessingAirplane - Processing airplane ID 4, passanger count 93, necessary time 9300
18.06.2015 04:00:04,584 INFO  logic.GenerateAirplane - Generate new airplane ID 5, passanger 70
18.06.2015 04:00:04,585 INFO  logic.ProcessingAirplane - Processing airplane ID 5, passanger count 70, necessary time 7000
18.06.2015 04:00:05,384 INFO  logic.GenerateAirplane - Generate new airplane ID 6, passanger 43
18.06.2015 04:00:05,385 INFO  logic.ProcessingAirplane - Processing airplane ID 6, passanger count 43, necessary time 4300
18.06.2015 04:00:06,184 INFO  logic.GenerateAirplane - Generate new airplane ID 7, passanger 30
18.06.2015 04:00:06,185 INFO  logic.ProcessingAirplane - Processing airplane ID 7, passanger count 30, necessary time 3000
18.06.2015 04:00:06,485 INFO  logic.ProcessingAirplane - Processing of the airplane ID 2 is complete
18.06.2015 04:00:06,485 INFO  logic.ProcessingAirplane - Use terminal number 2, airplane ID 4
18.06.2015 04:00:06,984 INFO  logic.GenerateAirplane - Generate new airplane ID 8, passanger 63
18.06.2015 04:00:06,985 INFO  logic.ProcessingAirplane - Processing airplane ID 8, passanger count 63, necessary time 6300
18.06.2015 04:00:07,784 INFO  logic.GenerateAirplane - Generate new airplane ID 9, passanger 51
18.06.2015 04:00:07,785 INFO  logic.ProcessingAirplane - Processing airplane ID 9, passanger count 51, necessary time 5100
18.06.2015 04:00:07,985 INFO  logic.ProcessingAirplane - Processing of the airplane ID 3 is complete
18.06.2015 04:00:07,985 INFO  logic.ProcessingAirplane - Use terminal number 3, airplane ID 5
18.06.2015 04:00:08,185 INFO  logic.ProcessingAirplane - Processing of the airplane ID 1 is complete
18.06.2015 04:00:08,185 INFO  logic.ProcessingAirplane - Use terminal number 1, airplane ID 6
18.06.2015 04:00:08,584 INFO  logic.GenerateAirplane - Generate new airplane ID 10, passanger 93
18.06.2015 04:00:08,585 INFO  logic.ProcessingAirplane - Processing airplane ID 10, passanger count 93, necessary time 9300
18.06.2015 04:00:09,384 INFO  logic.GenerateAirplane - Generate new airplane ID 11, passanger 97
18.06.2015 04:00:09,385 INFO  logic.ProcessingAirplane - Processing airplane ID 11, passanger count 97, necessary time 9700
18.06.2015 04:00:10,184 INFO  logic.GenerateAirplane - Generate new airplane ID 12, passanger 14
18.06.2015 04:00:10,185 INFO  logic.ProcessingAirplane - Processing airplane ID 12, passanger count 14, necessary time 1400
18.06.2015 04:00:10,984 INFO  logic.GenerateAirplane - Generate new airplane ID 13, passanger 78
18.06.2015 04:00:10,985 INFO  logic.ProcessingAirplane - Processing airplane ID 13, passanger count 78, necessary time 7800
18.06.2015 04:00:11,784 INFO  logic.GenerateAirplane - Generate new airplane ID 14, passanger 37
18.06.2015 04:00:11,785 INFO  logic.ProcessingAirplane - Processing airplane ID 14, passanger count 37, necessary time 3700
18.06.2015 04:00:12,485 INFO  logic.ProcessingAirplane - Use terminal number 1, airplane ID 7
18.06.2015 04:00:12,485 INFO  logic.ProcessingAirplane - Processing of the airplane ID 6 is complete
18.06.2015 04:00:12,584 INFO  logic.GenerateAirplane - Generate new airplane ID 15, passanger 83
18.06.2015 04:00:12,584 INFO  logic.ProcessingAirplane - Processing airplane ID 15, passanger count 83, necessary time 8300
18.06.2015 04:00:13,384 INFO  logic.GenerateAirplane - Generate new airplane ID 16, passanger 34
18.06.2015 04:00:13,385 INFO  logic.ProcessingAirplane - Processing airplane ID 16, passanger count 34, necessary time 3400
18.06.2015 04:00:14,184 INFO  logic.GenerateAirplane - Generate new airplane ID 17, passanger 61
18.06.2015 04:00:14,185 INFO  logic.ProcessingAirplane - Processing airplane ID 17, passanger count 61, necessary time 6100
18.06.2015 04:00:14,984 INFO  logic.GenerateAirplane - Generate new airplane ID 18, passanger 52
18.06.2015 04:00:14,985 INFO  logic.ProcessingAirplane - Processing airplane ID 18, passanger count 52, necessary time 5200
18.06.2015 04:00:14,985 INFO  logic.ProcessingAirplane - Use terminal number 3, airplane ID 8
18.06.2015 04:00:14,985 INFO  logic.ProcessingAirplane - Processing of the airplane ID 5 is complete
18.06.2015 04:00:15,485 INFO  logic.ProcessingAirplane - Processing of the airplane ID 7 is complete
18.06.2015 04:00:15,485 INFO  logic.ProcessingAirplane - Use terminal number 1, airplane ID 9
18.06.2015 04:00:15,784 INFO  logic.GenerateAirplane - Generate new airplane ID 19, passanger 58
18.06.2015 04:00:15,785 INFO  logic.ProcessingAirplane - Processing airplane ID 19, passanger count 58, necessary time 5800
18.06.2015 04:00:15,785 INFO  logic.ProcessingAirplane - Processing of the airplane ID 4 is complete
18.06.2015 04:00:15,785 INFO  logic.ProcessingAirplane - Use terminal number 2, airplane ID 10
18.06.2015 04:00:16,584 INFO  logic.GenerateAirplane - Generate new airplane ID 20, passanger 28
18.06.2015 04:00:16,584 INFO  logic.ProcessingAirplane - Processing airplane ID 20, passanger count 28, necessary time 2800
18.06.2015 04:00:17,384 INFO  logic.GenerateAirplane - Generate new airplane ID 21, passanger 13
18.06.2015 04:00:17,388 INFO  logic.ProcessingAirplane - Processing airplane ID 21, passanger count 13, necessary time 1300
18.06.2015 04:00:18,184 INFO  logic.GenerateAirplane - Generate new airplane ID 22, passanger 71
18.06.2015 04:00:18,185 INFO  logic.ProcessingAirplane - Processing airplane ID 22, passanger count 71, necessary time 7100
18.06.2015 04:00:18,984 INFO  logic.GenerateAirplane - Generate new airplane ID 23, passanger 32
18.06.2015 04:00:18,985 INFO  logic.ProcessingAirplane - Processing airplane ID 23, passanger count 32, necessary time 3200
18.06.2015 04:00:19,784 INFO  logic.GenerateAirplane - Generate new airplane ID 24, passanger 96
18.06.2015 04:00:19,785 INFO  logic.ProcessingAirplane - Processing airplane ID 24, passanger count 96, necessary time 9600
18.06.2015 04:00:20,584 INFO  logic.GenerateAirplane - Generate new airplane ID 25, passanger 95
18.06.2015 04:00:20,585 INFO  logic.ProcessingAirplane - Processing airplane ID 25, passanger count 95, necessary time 9500
18.06.2015 04:00:20,585 INFO  logic.ProcessingAirplane - Processing of the airplane ID 9 is complete
18.06.2015 04:00:20,585 INFO  logic.ProcessingAirplane - Use terminal number 1, airplane ID 11
18.06.2015 04:00:21,285 INFO  logic.ProcessingAirplane - Processing of the airplane ID 8 is complete
18.06.2015 04:00:21,285 INFO  logic.ProcessingAirplane - Use terminal number 3, airplane ID 12
18.06.2015 04:00:21,384 INFO  logic.GenerateAirplane - Generate new airplane ID 26, passanger 97
18.06.2015 04:00:21,384 INFO  logic.ProcessingAirplane - Processing airplane ID 26, passanger count 97, necessary time 9700
18.06.2015 04:00:22,184 INFO  logic.GenerateAirplane - Generate new airplane ID 27, passanger 32
18.06.2015 04:00:22,185 INFO  logic.ProcessingAirplane - Processing airplane ID 27, passanger count 32, necessary time 3200
18.06.2015 04:00:22,685 INFO  logic.ProcessingAirplane - Processing of the airplane ID 12 is complete
18.06.2015 04:00:22,685 INFO  logic.ProcessingAirplane - Use terminal number 3, airplane ID 13
18.06.2015 04:00:22,984 INFO  logic.GenerateAirplane - Generate new airplane ID 28, passanger 15
18.06.2015 04:00:22,985 INFO  logic.ProcessingAirplane - Processing airplane ID 28, passanger count 15, necessary time 1500
18.06.2015 04:00:23,784 INFO  logic.GenerateAirplane - Generate new airplane ID 29, passanger 29
18.06.2015 04:00:23,785 INFO  logic.ProcessingAirplane - Processing airplane ID 29, passanger count 29, necessary time 2900
