04.06.2015 23:39:55,305 INFO  runner.Runner - Start
04.06.2015 23:39:55,305 INFO  logic.LoadData - Data are successfully loaded
04.06.2015 23:39:55,305 INFO  regex.TextRegex - Load SENTENCE_OR_LISTING regex
04.06.2015 23:39:55,305 INFO  regex.TextRegex - Load SENTENCE regex
04.06.2015 23:39:55,305 INFO  regex.TextRegex - Load WORD_OR_PUNKTUATION_MARK regex
04.06.2015 23:39:55,305 INFO  regex.TextRegex - Load WORD regex
04.06.2015 23:39:55,305 INFO  regex.TextRegex - Load PUNKTUATION_MARK regex
04.06.2015 23:39:55,305 INFO  regex.TextRegex - Load LISTING regex
04.06.2015 23:39:55,320 INFO  logic.SaveData - Composite are successfully saved
04.06.2015 23:43:40,555 INFO  runner.Runner - Start
04.06.2015 23:43:40,555 INFO  logic.LoadData - Data are successfully loaded
04.06.2015 23:43:40,555 INFO  regex.TextRegex - Load SENTENCE_OR_LISTING regex
04.06.2015 23:43:40,555 INFO  regex.TextRegex - Load SENTENCE regex
04.06.2015 23:43:40,555 INFO  regex.TextRegex - Load WORD_OR_PUNKTUATION_MARK regex
04.06.2015 23:43:40,555 INFO  regex.TextRegex - Load WORD regex
04.06.2015 23:43:40,555 INFO  regex.TextRegex - Load PUNKTUATION_MARK regex
04.06.2015 23:43:40,555 INFO  regex.TextRegex - Load LISTING regex
04.06.2015 23:43:40,570 INFO  logic.SaveData - Composite are successfully saved
04.06.2015 23:47:21,874 INFO  runner.Runner - Start
04.06.2015 23:47:21,874 INFO  logic.LoadData - Data are successfully loaded
04.06.2015 23:47:21,874 INFO  regex.TextRegex - Load SENTENCE_OR_LISTING regex
04.06.2015 23:47:21,874 INFO  regex.TextRegex - Load SENTENCE regex
04.06.2015 23:47:21,874 INFO  regex.TextRegex - Load WORD_OR_PUNKTUATION_MARK regex
04.06.2015 23:47:21,874 INFO  regex.TextRegex - Load WORD regex
04.06.2015 23:47:21,874 INFO  regex.TextRegex - Load PUNKTUATION_MARK regex
04.06.2015 23:47:21,874 INFO  regex.TextRegex - Load LISTING regex
04.06.2015 23:47:21,889 INFO  logic.SaveData - Composite are successfully saved
04.06.2015 23:54:30,834 INFO  runner.Runner - Start
04.06.2015 23:54:30,834 INFO  logic.LoadData - Data are successfully loaded
04.06.2015 23:54:30,834 INFO  regex.TextRegex - Load SENTENCE_OR_LISTING regex
04.06.2015 23:54:30,834 INFO  regex.TextRegex - Load SENTENCE regex
04.06.2015 23:54:30,834 INFO  regex.TextRegex - Load WORD_OR_PUNKTUATION_MARK regex
04.06.2015 23:54:30,834 INFO  regex.TextRegex - Load WORD regex
04.06.2015 23:54:30,834 INFO  regex.TextRegex - Load PUNKTUATION_MARK regex
04.06.2015 23:54:30,834 INFO  regex.TextRegex - Load LISTING regex
04.06.2015 23:54:30,850 INFO  logic.SaveData - Composite are successfully saved
05.06.2015 21:32:35,298 INFO  runner.Runner - Start
05.06.2015 21:32:35,314 INFO  logic.LoadData - Data are successfully loaded
05.06.2015 21:32:35,330 INFO  regex.TextRegex - Load SENTENCE_OR_LISTING regex
05.06.2015 21:32:35,330 INFO  regex.TextRegex - Load SENTENCE regex
05.06.2015 21:32:35,330 INFO  regex.TextRegex - Load WORD_OR_PUNKTUATION_MARK regex
05.06.2015 21:32:35,330 INFO  regex.TextRegex - Load WORD regex
05.06.2015 21:32:35,330 INFO  regex.TextRegex - Load PUNKTUATION_MARK regex
05.06.2015 21:32:35,330 INFO  regex.TextRegex - Load LISTING regex
05.06.2015 21:32:35,330 INFO  logic.SaveData - Composite are successfully saved
05.06.2015 21:36:31,432 INFO  runner.Runner - Start
05.06.2015 21:36:31,432 INFO  logic.LoadData - Data are successfully loaded
05.06.2015 21:36:31,448 INFO  regex.TextRegex - Load SENTENCE_OR_LISTING regex
05.06.2015 21:36:31,448 INFO  regex.TextRegex - Load SENTENCE regex
05.06.2015 21:36:31,448 INFO  regex.TextRegex - Load WORD_OR_PUNKTUATION_MARK regex
05.06.2015 21:36:31,448 INFO  regex.TextRegex - Load WORD regex
05.06.2015 21:36:31,448 INFO  regex.TextRegex - Load PUNKTUATION_MARK regex
05.06.2015 21:36:31,448 INFO  regex.TextRegex - Load LISTING regex
05.06.2015 21:36:31,448 INFO  logic.SaveData - Composite are successfully saved
05.06.2015 21:36:31,448 INFO  logic.SaveData - Composite are successfully saved
05.06.2015 21:37:09,485 INFO  runner.Runner - Start
05.06.2015 21:37:09,485 INFO  logic.LoadData - Data are successfully loaded
05.06.2015 21:37:09,500 INFO  regex.TextRegex - Load SENTENCE_OR_LISTING regex
05.06.2015 21:37:09,500 INFO  regex.TextRegex - Load SENTENCE regex
05.06.2015 21:37:09,500 INFO  regex.TextRegex - Load WORD_OR_PUNKTUATION_MARK regex
05.06.2015 21:37:09,500 INFO  regex.TextRegex - Load WORD regex
05.06.2015 21:37:09,500 INFO  regex.TextRegex - Load PUNKTUATION_MARK regex
05.06.2015 21:37:09,500 INFO  regex.TextRegex - Load LISTING regex
05.06.2015 21:37:09,500 INFO  logic.SaveData - Composite are successfully saved
05.06.2015 21:42:53,622 INFO  runner.Runner - Start
05.06.2015 21:42:53,622 INFO  logic.LoadData - Data are successfully loaded
05.06.2015 21:42:53,622 INFO  regex.TextRegex - Load SENTENCE_OR_LISTING regex
05.06.2015 21:42:53,622 INFO  regex.TextRegex - Load SENTENCE regex
05.06.2015 21:42:53,622 INFO  regex.TextRegex - Load WORD_OR_PUNKTUATION_MARK regex
05.06.2015 21:42:53,622 INFO  regex.TextRegex - Load WORD regex
05.06.2015 21:42:53,622 INFO  regex.TextRegex - Load PUNKTUATION_MARK regex
05.06.2015 21:42:53,622 INFO  regex.TextRegex - Load LISTING regex
05.06.2015 21:42:53,638 INFO  logic.SaveData - Composite are successfully saved
05.06.2015 21:46:08,014 INFO  runner.Runner - Start
05.06.2015 21:46:08,014 INFO  logic.LoadData - Data are successfully loaded
05.06.2015 21:46:08,029 INFO  regex.TextRegex - Load SENTENCE_OR_LISTING regex
05.06.2015 21:46:08,029 INFO  regex.TextRegex - Load SENTENCE regex
05.06.2015 21:46:08,029 INFO  regex.TextRegex - Load WORD_OR_PUNKTUATION_MARK regex
05.06.2015 21:46:08,029 INFO  regex.TextRegex - Load WORD regex
05.06.2015 21:46:08,029 INFO  regex.TextRegex - Load PUNKTUATION_MARK regex
05.06.2015 21:46:08,029 INFO  regex.TextRegex - Load LISTING regex
05.06.2015 21:46:08,029 INFO  logic.SaveData - Composite are successfully saved
05.06.2015 21:46:08,060 INFO  logic.SaveData - Composite are successfully saved
05.06.2015 21:47:31,265 INFO  runner.Runner - Start
05.06.2015 21:47:31,265 INFO  logic.LoadData - Data are successfully loaded
05.06.2015 21:47:31,265 INFO  regex.TextRegex - Load SENTENCE_OR_LISTING regex
05.06.2015 21:47:31,265 INFO  regex.TextRegex - Load SENTENCE regex
05.06.2015 21:47:31,265 INFO  regex.TextRegex - Load WORD_OR_PUNKTUATION_MARK regex
05.06.2015 21:47:31,265 INFO  regex.TextRegex - Load WORD regex
05.06.2015 21:47:31,265 INFO  regex.TextRegex - Load PUNKTUATION_MARK regex
05.06.2015 21:47:31,265 INFO  regex.TextRegex - Load LISTING regex
05.06.2015 21:47:31,280 INFO  logic.SaveData - Composite are successfully saved
05.06.2015 21:47:31,327 INFO  logic.SaveData - Composite are successfully saved
05.06.2015 21:48:11,287 INFO  runner.Runner - Start
05.06.2015 21:48:11,287 INFO  logic.LoadData - Data are successfully loaded
05.06.2015 21:48:11,287 INFO  regex.TextRegex - Load SENTENCE_OR_LISTING regex
05.06.2015 21:48:11,287 INFO  regex.TextRegex - Load SENTENCE regex
05.06.2015 21:48:11,287 INFO  regex.TextRegex - Load WORD_OR_PUNKTUATION_MARK regex
05.06.2015 21:48:11,287 INFO  regex.TextRegex - Load WORD regex
05.06.2015 21:48:11,287 INFO  regex.TextRegex - Load PUNKTUATION_MARK regex
05.06.2015 21:48:11,303 INFO  regex.TextRegex - Load LISTING regex
05.06.2015 21:48:11,303 INFO  logic.SaveData - Composite are successfully saved
05.06.2015 21:48:11,350 INFO  logic.SaveData - Composite are successfully saved
05.06.2015 21:48:51,761 INFO  runner.Runner - Start
05.06.2015 21:48:51,761 INFO  logic.LoadData - Data are successfully loaded
05.06.2015 21:48:51,761 INFO  regex.TextRegex - Load SENTENCE_OR_LISTING regex
05.06.2015 21:48:51,761 INFO  regex.TextRegex - Load SENTENCE regex
05.06.2015 21:48:51,761 INFO  regex.TextRegex - Load WORD_OR_PUNKTUATION_MARK regex
05.06.2015 21:48:51,761 INFO  regex.TextRegex - Load WORD regex
05.06.2015 21:48:51,761 INFO  regex.TextRegex - Load PUNKTUATION_MARK regex
05.06.2015 21:48:51,777 INFO  regex.TextRegex - Load LISTING regex
05.06.2015 21:48:51,777 INFO  logic.SaveData - Composite are successfully saved
05.06.2015 21:48:51,823 INFO  logic.SaveData - Composite are successfully saved
05.06.2015 21:50:29,776 INFO  runner.Runner - Start
05.06.2015 21:50:29,776 INFO  logic.LoadData - Data are successfully loaded
05.06.2015 21:50:29,776 INFO  regex.TextRegex - Load SENTENCE_OR_LISTING regex
05.06.2015 21:50:29,776 INFO  regex.TextRegex - Load SENTENCE regex
05.06.2015 21:50:29,776 INFO  regex.TextRegex - Load WORD_OR_PUNKTUATION_MARK regex
05.06.2015 21:50:29,776 INFO  regex.TextRegex - Load WORD regex
05.06.2015 21:50:29,776 INFO  regex.TextRegex - Load PUNKTUATION_MARK regex
05.06.2015 21:50:29,776 INFO  regex.TextRegex - Load LISTING regex
05.06.2015 21:50:29,791 INFO  logic.SaveData - Composite are successfully saved
05.06.2015 21:50:29,823 INFO  logic.SaveData - Composite are successfully saved
05.06.2015 21:52:21,756 INFO  runner.Runner - Start
05.06.2015 21:52:21,756 INFO  logic.LoadData - Data are successfully loaded
05.06.2015 21:52:21,756 INFO  regex.TextRegex - Load SENTENCE_OR_LISTING regex
05.06.2015 21:52:21,756 INFO  regex.TextRegex - Load SENTENCE regex
05.06.2015 21:52:21,756 INFO  regex.TextRegex - Load WORD_OR_PUNKTUATION_MARK regex
05.06.2015 21:52:21,756 INFO  regex.TextRegex - Load WORD regex
05.06.2015 21:52:21,756 INFO  regex.TextRegex - Load PUNKTUATION_MARK regex
05.06.2015 21:52:21,756 INFO  regex.TextRegex - Load LISTING regex
05.06.2015 21:52:21,771 INFO  logic.SaveData - Composite are successfully saved
05.06.2015 21:55:51,709 INFO  logic.SaveData - Composite are successfully saved
05.06.2015 21:58:34,291 INFO  runner.Runner - Start
05.06.2015 21:58:34,307 INFO  logic.LoadData - Data are successfully loaded
05.06.2015 21:58:34,307 INFO  regex.TextRegex - Load SENTENCE_OR_LISTING regex
05.06.2015 21:58:34,307 INFO  regex.TextRegex - Load SENTENCE regex
05.06.2015 21:58:34,307 INFO  regex.TextRegex - Load WORD_OR_PUNKTUATION_MARK regex
05.06.2015 21:58:34,307 INFO  regex.TextRegex - Load WORD regex
05.06.2015 21:58:34,307 INFO  regex.TextRegex - Load PUNKTUATION_MARK regex
05.06.2015 21:58:34,307 INFO  logic.SaveData - Composite are successfully saved
05.06.2015 21:58:34,307 INFO  logic.SaveData - Composite are successfully saved
05.06.2015 21:58:46,243 INFO  runner.Runner - Start
05.06.2015 21:58:46,243 INFO  logic.LoadData - Data are successfully loaded
05.06.2015 21:58:46,243 INFO  regex.TextRegex - Load SENTENCE_OR_LISTING regex
05.06.2015 21:58:46,243 INFO  regex.TextRegex - Load SENTENCE regex
05.06.2015 21:58:46,243 INFO  regex.TextRegex - Load WORD_OR_PUNKTUATION_MARK regex
05.06.2015 21:58:46,243 INFO  regex.TextRegex - Load WORD regex
05.06.2015 21:58:46,243 INFO  regex.TextRegex - Load PUNKTUATION_MARK regex
05.06.2015 21:58:46,243 INFO  logic.SaveData - Composite are successfully saved
05.06.2015 21:58:46,243 INFO  logic.SaveData - Composite are successfully saved
05.06.2015 22:00:22,584 INFO  runner.Runner - Start
05.06.2015 22:00:22,584 INFO  logic.LoadData - Data are successfully loaded
05.06.2015 22:00:22,584 INFO  regex.TextRegex - Load SENTENCE_OR_LISTING regex
05.06.2015 22:00:22,584 INFO  regex.TextRegex - Load SENTENCE regex
05.06.2015 22:00:22,584 INFO  regex.TextRegex - Load WORD_OR_PUNKTUATION_MARK regex
05.06.2015 22:00:22,584 INFO  regex.TextRegex - Load WORD regex
05.06.2015 22:00:22,584 INFO  regex.TextRegex - Load PUNKTUATION_MARK regex
05.06.2015 22:00:22,584 INFO  logic.SaveData - Composite are successfully saved
05.06.2015 22:10:11,355 INFO  runner.Runner - Start
05.06.2015 22:10:11,355 INFO  logic.LoadData - Data are successfully loaded
05.06.2015 22:10:11,355 INFO  regex.TextRegex - Load SENTENCE_OR_LISTING regex
05.06.2015 22:10:11,355 INFO  regex.TextRegex - Load SENTENCE regex
05.06.2015 22:10:11,355 INFO  regex.TextRegex - Load WORD_OR_PUNKTUATION_MARK regex
05.06.2015 22:10:11,355 INFO  regex.TextRegex - Load WORD regex
05.06.2015 22:10:11,355 INFO  regex.TextRegex - Load PUNKTUATION_MARK regex
05.06.2015 22:10:11,371 INFO  logic.SaveData - Composite are successfully saved
05.06.2015 22:17:21,325 INFO  runner.Runner - Start
05.06.2015 22:17:21,325 INFO  logic.LoadData - Data are successfully loaded
05.06.2015 22:17:21,325 INFO  regex.TextRegex - Load SENTENCE_OR_LISTING regex
05.06.2015 22:17:21,325 INFO  regex.TextRegex - Load SENTENCE regex
05.06.2015 22:17:21,325 INFO  regex.TextRegex - Load WORD_OR_PUNKTUATION_MARK regex
05.06.2015 22:17:21,325 INFO  regex.TextRegex - Load WORD regex
05.06.2015 22:17:21,325 INFO  regex.TextRegex - Load PUNKTUATION_MARK regex
05.06.2015 22:17:21,325 INFO  logic.SaveData - Composite are successfully saved
05.06.2015 22:40:50,828 INFO  runner.Runner - Start
05.06.2015 22:40:50,828 INFO  logic.LoadData - Data are successfully loaded
05.06.2015 22:40:50,828 INFO  regex.TextRegex - Load SENTENCE_OR_LISTING regex
05.06.2015 22:40:50,828 INFO  regex.TextRegex - Load SENTENCE regex
05.06.2015 22:40:50,828 INFO  regex.TextRegex - Load WORD_OR_PUNKTUATION_MARK regex
05.06.2015 22:40:50,828 INFO  regex.TextRegex - Load WORD regex
05.06.2015 22:40:50,828 INFO  regex.TextRegex - Load PUNKTUATION_MARK regex
05.06.2015 22:40:50,828 INFO  logic.SaveData - Composite are successfully saved
05.06.2015 22:40:50,828 INFO  logic.SaveData - Composite are successfully saved
05.06.2015 22:41:48,189 INFO  runner.Runner - Start
05.06.2015 22:41:48,205 INFO  logic.LoadData - Data are successfully loaded
05.06.2015 22:41:48,205 INFO  regex.TextRegex - Load SENTENCE_OR_LISTING regex
05.06.2015 22:41:48,205 INFO  regex.TextRegex - Load SENTENCE regex
05.06.2015 22:41:48,205 INFO  regex.TextRegex - Load WORD_OR_PUNKTUATION_MARK regex
05.06.2015 22:41:48,205 INFO  regex.TextRegex - Load WORD regex
05.06.2015 22:41:48,205 INFO  regex.TextRegex - Load PUNKTUATION_MARK regex
05.06.2015 22:41:48,205 INFO  logic.SaveData - Composite are successfully saved
05.06.2015 22:41:48,205 INFO  logic.SaveData - Composite are successfully saved
05.06.2015 23:23:34,494 INFO  runner.Runner - Start
05.06.2015 23:23:34,494 INFO  logic.LoadData - Data are successfully loaded
05.06.2015 23:23:34,509 INFO  regex.TextRegex - Load SENTENCE_OR_LISTING regex
05.06.2015 23:23:34,509 INFO  regex.TextRegex - Load SENTENCE regex
05.06.2015 23:23:34,509 INFO  regex.TextRegex - Load WORD_OR_PUNKTUATION_MARK regex
05.06.2015 23:23:34,509 INFO  regex.TextRegex - Load WORD regex
05.06.2015 23:23:34,509 INFO  regex.TextRegex - Load PUNKTUATION_MARK regex
05.06.2015 23:23:34,509 INFO  logic.SaveData - Composite are successfully saved
05.06.2015 23:24:29,178 INFO  logic.SaveData - Composite are successfully saved
05.06.2015 23:25:54,881 INFO  runner.Runner - Start
05.06.2015 23:25:54,881 INFO  logic.LoadData - Data are successfully loaded
05.06.2015 23:25:54,881 INFO  regex.TextRegex - Load SENTENCE_OR_LISTING regex
05.06.2015 23:25:54,881 INFO  regex.TextRegex - Load SENTENCE regex
05.06.2015 23:25:54,881 INFO  regex.TextRegex - Load WORD_OR_PUNKTUATION_MARK regex
05.06.2015 23:25:54,881 INFO  regex.TextRegex - Load WORD regex
05.06.2015 23:25:54,881 INFO  regex.TextRegex - Load PUNKTUATION_MARK regex
05.06.2015 23:25:54,881 INFO  logic.SaveData - Composite are successfully saved
05.06.2015 23:27:54,818 INFO  runner.Runner - Start
05.06.2015 23:27:54,818 INFO  logic.LoadData - Data are successfully loaded
05.06.2015 23:27:54,818 INFO  regex.TextRegex - Load SENTENCE_OR_LISTING regex
05.06.2015 23:27:54,818 INFO  regex.TextRegex - Load SENTENCE regex
05.06.2015 23:27:54,818 INFO  regex.TextRegex - Load WORD_OR_PUNKTUATION_MARK regex
05.06.2015 23:27:54,818 INFO  regex.TextRegex - Load WORD regex
05.06.2015 23:27:54,818 INFO  regex.TextRegex - Load PUNKTUATION_MARK regex
05.06.2015 23:27:54,818 INFO  logic.SaveData - Composite are successfully saved
05.06.2015 23:31:54,447 INFO  runner.Runner - Start
05.06.2015 23:31:54,447 INFO  logic.LoadData - Data are successfully loaded
05.06.2015 23:31:54,447 INFO  regex.TextRegex - Load SENTENCE_OR_LISTING regex
05.06.2015 23:31:54,447 INFO  regex.TextRegex - Load SENTENCE regex
05.06.2015 23:31:54,447 INFO  regex.TextRegex - Load WORD_OR_PUNKTUATION_MARK regex
05.06.2015 23:31:54,447 INFO  regex.TextRegex - Load WORD regex
05.06.2015 23:31:54,463 INFO  regex.TextRegex - Load PUNKTUATION_MARK regex
05.06.2015 23:31:54,463 INFO  logic.SaveData - Composite are successfully saved
05.06.2015 23:31:54,463 INFO  logic.SaveData - Composite are successfully saved
05.06.2015 23:34:08,568 INFO  runner.Runner - Start
05.06.2015 23:34:08,584 INFO  logic.LoadData - Data are successfully loaded
05.06.2015 23:34:08,584 INFO  regex.TextRegex - Load SENTENCE_OR_LISTING regex
05.06.2015 23:34:08,584 INFO  regex.TextRegex - Load SENTENCE regex
05.06.2015 23:34:08,584 INFO  regex.TextRegex - Load WORD_OR_PUNKTUATION_MARK regex
05.06.2015 23:34:08,584 INFO  regex.TextRegex - Load WORD regex
05.06.2015 23:34:08,584 INFO  regex.TextRegex - Load PUNKTUATION_MARK regex
05.06.2015 23:34:08,600 INFO  logic.SaveData - Composite are successfully saved
05.06.2015 23:35:01,317 INFO  runner.Runner - Start
05.06.2015 23:35:01,332 INFO  logic.LoadData - Data are successfully loaded
05.06.2015 23:35:01,332 INFO  regex.TextRegex - Load SENTENCE_OR_LISTING regex
05.06.2015 23:35:01,332 INFO  regex.TextRegex - Load SENTENCE regex
05.06.2015 23:35:01,332 INFO  regex.TextRegex - Load WORD_OR_PUNKTUATION_MARK regex
05.06.2015 23:35:01,332 INFO  regex.TextRegex - Load WORD regex
05.06.2015 23:35:01,332 INFO  regex.TextRegex - Load PUNKTUATION_MARK regex
05.06.2015 23:35:01,332 INFO  logic.SaveData - Composite are successfully saved
05.06.2015 23:35:16,715 INFO  runner.Runner - Start
05.06.2015 23:35:16,715 INFO  logic.LoadData - Data are successfully loaded
05.06.2015 23:35:16,715 INFO  regex.TextRegex - Load SENTENCE_OR_LISTING regex
05.06.2015 23:35:16,715 INFO  regex.TextRegex - Load SENTENCE regex
05.06.2015 23:35:16,715 INFO  regex.TextRegex - Load WORD_OR_PUNKTUATION_MARK regex
05.06.2015 23:35:16,715 INFO  regex.TextRegex - Load WORD regex
05.06.2015 23:35:16,715 INFO  regex.TextRegex - Load PUNKTUATION_MARK regex
05.06.2015 23:35:16,715 INFO  logic.SaveData - Composite are successfully saved
05.06.2015 23:35:52,365 INFO  runner.Runner - Start
05.06.2015 23:35:52,365 INFO  logic.LoadData - Data are successfully loaded
05.06.2015 23:35:52,381 INFO  regex.TextRegex - Load SENTENCE_OR_LISTING regex
05.06.2015 23:35:52,381 INFO  regex.TextRegex - Load SENTENCE regex
05.06.2015 23:35:52,381 INFO  regex.TextRegex - Load WORD_OR_PUNKTUATION_MARK regex
05.06.2015 23:35:52,381 INFO  regex.TextRegex - Load WORD regex
05.06.2015 23:35:52,381 INFO  regex.TextRegex - Load PUNKTUATION_MARK regex
05.06.2015 23:35:52,381 INFO  logic.SaveData - Composite are successfully saved
05.06.2015 23:39:43,760 INFO  logic.SaveData - Composite are successfully saved
05.06.2015 23:40:25,921 INFO  runner.Runner - Start
05.06.2015 23:40:25,925 INFO  logic.LoadData - Data are successfully loaded
05.06.2015 23:40:25,933 INFO  regex.TextRegex - Load SENTENCE_OR_LISTING regex
05.06.2015 23:40:25,933 INFO  regex.TextRegex - Load SENTENCE regex
05.06.2015 23:40:25,933 INFO  regex.TextRegex - Load WORD_OR_PUNKTUATION_MARK regex
05.06.2015 23:40:25,933 INFO  regex.TextRegex - Load WORD regex
05.06.2015 23:40:25,934 INFO  regex.TextRegex - Load PUNKTUATION_MARK regex
05.06.2015 23:40:25,936 INFO  regex.TextRegex - Load LISTING regex
05.06.2015 23:40:25,942 INFO  logic.SaveData - Composite are successfully saved
05.06.2015 23:40:25,944 INFO  logic.SaveData - Composite are successfully saved
05.06.2015 23:43:34,313 INFO  runner.Runner - Start
05.06.2015 23:43:34,313 INFO  logic.LoadData - Data are successfully loaded
05.06.2015 23:43:34,313 INFO  regex.TextRegex - Load SENTENCE_OR_LISTING regex
05.06.2015 23:43:34,313 INFO  regex.TextRegex - Load SENTENCE regex
05.06.2015 23:43:34,313 INFO  regex.TextRegex - Load WORD_OR_PUNKTUATION_MARK regex
05.06.2015 23:43:34,313 INFO  regex.TextRegex - Load WORD regex
05.06.2015 23:43:34,313 INFO  regex.TextRegex - Load PUNKTUATION_MARK regex
05.06.2015 23:43:34,313 INFO  regex.TextRegex - Load LISTING regex
05.06.2015 23:43:34,328 INFO  logic.SaveData - Composite are successfully saved
05.06.2015 23:43:34,328 INFO  logic.SaveData - Composite are successfully saved
05.06.2015 23:44:42,859 INFO  runner.Runner - Start
05.06.2015 23:44:42,874 INFO  logic.LoadData - Data are successfully loaded
05.06.2015 23:44:42,874 INFO  regex.TextRegex - Load SENTENCE_OR_LISTING regex
05.06.2015 23:44:42,874 INFO  regex.TextRegex - Load SENTENCE regex
05.06.2015 23:44:42,874 INFO  regex.TextRegex - Load WORD_OR_PUNKTUATION_MARK regex
05.06.2015 23:44:42,874 INFO  regex.TextRegex - Load WORD regex
05.06.2015 23:44:42,874 INFO  regex.TextRegex - Load PUNKTUATION_MARK regex
05.06.2015 23:44:42,874 INFO  regex.TextRegex - Load LISTING regex
05.06.2015 23:44:42,890 INFO  logic.SaveData - Composite are successfully saved
05.06.2015 23:46:27,072 INFO  logic.SaveData - Composite are successfully saved
06.06.2015 22:13:22,333 INFO  runner.Runner - Start
06.06.2015 22:13:22,349 INFO  logic.LoadData - Data are successfully loaded
06.06.2015 22:13:22,349 INFO  regex.TextRegex - Load SENTENCE_OR_LISTING regex
06.06.2015 22:13:22,349 INFO  regex.TextRegex - Load SENTENCE regex
06.06.2015 22:13:22,349 INFO  regex.TextRegex - Load WORD_OR_PUNKTUATION_MARK regex
06.06.2015 22:13:22,349 INFO  regex.TextRegex - Load WORD regex
06.06.2015 22:13:22,349 INFO  regex.TextRegex - Load PUNKTUATION_MARK regex
06.06.2015 22:13:22,349 INFO  regex.TextRegex - Load LISTING regex
06.06.2015 22:13:22,349 INFO  logic.SaveData - Composite are successfully saved
06.06.2015 22:13:22,364 INFO  logic.SaveData - Composite are successfully saved
06.06.2015 22:59:34,283 INFO  runner.Runner - Start
06.06.2015 22:59:34,298 INFO  logic.LoadData - Data are successfully loaded
06.06.2015 22:59:34,314 INFO  regex.TextRegex - Load SENTENCE_OR_LISTING regex
06.06.2015 22:59:34,314 INFO  regex.TextRegex - Load SENTENCE regex
06.06.2015 22:59:34,314 INFO  regex.TextRegex - Load WORD_OR_PUNKTUATION_MARK regex
06.06.2015 22:59:34,314 INFO  regex.TextRegex - Load WORD regex
06.06.2015 22:59:34,314 INFO  regex.TextRegex - Load PUNKTUATION_MARK regex
06.06.2015 22:59:34,314 INFO  regex.TextRegex - Load LISTING regex
06.06.2015 22:59:34,330 INFO  logic.SaveData - Composite are successfully saved
06.06.2015 22:59:34,330 INFO  logic.SaveData - Composite are successfully saved
06.06.2015 23:00:34,659 INFO  runner.Runner - Start
06.06.2015 23:00:34,659 INFO  logic.LoadData - Data are successfully loaded
06.06.2015 23:00:34,659 INFO  regex.TextRegex - Load SENTENCE_OR_LISTING regex
06.06.2015 23:00:34,659 INFO  regex.TextRegex - Load SENTENCE regex
06.06.2015 23:00:34,659 INFO  regex.TextRegex - Load WORD_OR_PUNKTUATION_MARK regex
06.06.2015 23:00:34,659 INFO  regex.TextRegex - Load WORD regex
06.06.2015 23:00:34,659 INFO  regex.TextRegex - Load PUNKTUATION_MARK regex
06.06.2015 23:00:34,659 INFO  regex.TextRegex - Load LISTING regex
06.06.2015 23:00:34,675 INFO  logic.SaveData - Composite are successfully saved
06.06.2015 23:02:08,183 INFO  runner.Runner - Start
06.06.2015 23:02:08,183 INFO  logic.LoadData - Data are successfully loaded
06.06.2015 23:02:08,199 INFO  regex.TextRegex - Load SENTENCE_OR_LISTING regex
06.06.2015 23:02:08,199 INFO  regex.TextRegex - Load SENTENCE regex
06.06.2015 23:02:08,199 INFO  regex.TextRegex - Load WORD_OR_PUNKTUATION_MARK regex
06.06.2015 23:02:08,199 INFO  regex.TextRegex - Load WORD regex
06.06.2015 23:02:08,199 INFO  regex.TextRegex - Load PUNKTUATION_MARK regex
06.06.2015 23:02:08,199 INFO  regex.TextRegex - Load LISTING regex
06.06.2015 23:02:08,199 INFO  logic.SaveData - Composite are successfully saved
06.06.2015 23:02:08,214 INFO  regex.TextRegex - Load CONSONANT regex
06.06.2015 23:02:08,214 INFO  logic.SaveData - Composite are successfully saved
06.06.2015 23:19:16,344 INFO  runner.Runner - Start
06.06.2015 23:19:16,359 INFO  logic.LoadData - Data are successfully loaded
06.06.2015 23:19:16,359 INFO  regex.TextRegex - Load SENTENCE_OR_LISTING regex
06.06.2015 23:19:16,359 INFO  regex.TextRegex - Load SENTENCE regex
06.06.2015 23:19:16,359 INFO  regex.TextRegex - Load WORD_OR_PUNKTUATION_MARK regex
06.06.2015 23:19:16,359 INFO  regex.TextRegex - Load WORD regex
06.06.2015 23:19:16,359 INFO  regex.TextRegex - Load PUNKTUATION_MARK regex
06.06.2015 23:19:16,359 INFO  regex.TextRegex - Load LISTING regex
06.06.2015 23:19:16,359 INFO  logic.SaveData - Composite are successfully saved
06.06.2015 23:19:16,391 INFO  logic.SaveData - Composite are successfully saved
06.06.2015 23:19:16,391 INFO  regex.TextRegex - Load CONSONANT regex
06.06.2015 23:19:16,391 INFO  logic.SaveData - Composite are successfully saved
07.06.2015 00:03:24,433 INFO  runner.Runner - Start
07.06.2015 00:03:24,433 INFO  logic.LoadData - Data are successfully loaded
07.06.2015 00:03:24,448 INFO  regex.TextRegex - Load SENTENCE_OR_LISTING regex
07.06.2015 00:03:24,448 INFO  regex.TextRegex - Load SENTENCE regex
07.06.2015 00:03:24,448 INFO  regex.TextRegex - Load WORD_OR_PUNKTUATION_MARK regex
07.06.2015 00:03:24,448 INFO  regex.TextRegex - Load WORD regex
07.06.2015 00:03:24,448 INFO  regex.TextRegex - Load PUNKTUATION_MARK regex
07.06.2015 00:03:24,448 INFO  regex.TextRegex - Load LISTING regex
07.06.2015 00:03:24,448 INFO  logic.SaveData - Composite are successfully saved
07.06.2015 00:03:24,448 INFO  logic.SaveData - Composite are successfully saved
07.06.2015 00:03:45,053 INFO  runner.Runner - Start
07.06.2015 00:03:45,053 INFO  logic.LoadData - Data are successfully loaded
07.06.2015 00:03:45,053 INFO  regex.TextRegex - Load SENTENCE_OR_LISTING regex
07.06.2015 00:03:45,053 INFO  regex.TextRegex - Load SENTENCE regex
07.06.2015 00:03:45,053 INFO  regex.TextRegex - Load WORD_OR_PUNKTUATION_MARK regex
07.06.2015 00:03:45,053 INFO  regex.TextRegex - Load WORD regex
07.06.2015 00:03:45,053 INFO  regex.TextRegex - Load PUNKTUATION_MARK regex
07.06.2015 00:03:45,053 INFO  regex.TextRegex - Load LISTING regex
07.06.2015 00:03:45,069 INFO  logic.SaveData - Composite are successfully saved
07.06.2015 00:03:45,069 INFO  logic.SaveData - Composite are successfully saved
07.06.2015 00:05:11,103 INFO  runner.Runner - Start
07.06.2015 00:05:11,103 INFO  logic.LoadData - Data are successfully loaded
07.06.2015 00:05:11,103 INFO  regex.TextRegex - Load SENTENCE_OR_LISTING regex
07.06.2015 00:05:11,103 INFO  regex.TextRegex - Load SENTENCE regex
07.06.2015 00:05:11,103 INFO  regex.TextRegex - Load WORD_OR_PUNKTUATION_MARK regex
07.06.2015 00:05:11,103 INFO  regex.TextRegex - Load WORD regex
07.06.2015 00:05:11,103 INFO  regex.TextRegex - Load PUNKTUATION_MARK regex
07.06.2015 00:05:11,103 INFO  regex.TextRegex - Load LISTING regex
07.06.2015 00:05:11,118 INFO  logic.SaveData - Composite are successfully saved
07.06.2015 00:05:11,118 INFO  logic.SaveData - Composite are successfully saved
07.06.2015 00:05:44,162 INFO  runner.Runner - Start
07.06.2015 00:05:44,162 INFO  logic.LoadData - Data are successfully loaded
07.06.2015 00:05:44,178 INFO  regex.TextRegex - Load SENTENCE_OR_LISTING regex
07.06.2015 00:05:44,178 INFO  regex.TextRegex - Load SENTENCE regex
07.06.2015 00:05:44,178 INFO  regex.TextRegex - Load WORD_OR_PUNKTUATION_MARK regex
07.06.2015 00:05:44,178 INFO  regex.TextRegex - Load WORD regex
07.06.2015 00:05:44,178 INFO  regex.TextRegex - Load PUNKTUATION_MARK regex
07.06.2015 00:05:44,178 INFO  regex.TextRegex - Load LISTING regex
07.06.2015 00:05:44,194 INFO  logic.SaveData - Composite are successfully saved
07.06.2015 00:05:44,194 INFO  logic.SaveData - Composite are successfully saved
07.06.2015 00:05:44,194 INFO  logic.SaveData - Composite are successfully saved
07.06.2015 00:05:44,194 INFO  regex.TextRegex - Load CONSONANT regex
07.06.2015 00:05:44,194 INFO  logic.SaveData - Composite are successfully saved
07.06.2015 00:11:22,743 INFO  runner.Runner - Start
07.06.2015 00:11:22,743 INFO  logic.LoadData - Data are successfully loaded
07.06.2015 00:11:22,758 INFO  regex.TextRegex - Load SENTENCE_OR_LISTING regex
07.06.2015 00:11:22,758 INFO  regex.TextRegex - Load SENTENCE regex
07.06.2015 00:11:22,758 INFO  regex.TextRegex - Load WORD_OR_PUNKTUATION_MARK regex
07.06.2015 00:11:22,758 INFO  regex.TextRegex - Load WORD regex
07.06.2015 00:11:22,758 INFO  regex.TextRegex - Load PUNKTUATION_MARK regex
07.06.2015 00:11:22,758 INFO  regex.TextRegex - Load LISTING regex
07.06.2015 00:11:22,774 INFO  logic.SaveData - Composite are successfully saved
07.06.2015 00:11:22,774 INFO  logic.SaveData - Composite are successfully saved
07.06.2015 00:11:22,774 INFO  logic.SaveData - Composite are successfully saved
07.06.2015 00:11:22,774 INFO  regex.TextRegex - Load CONSONANT regex
07.06.2015 00:11:22,774 INFO  logic.SaveData - Composite are successfully saved
07.06.2015 00:13:54,386 INFO  runner.Runner - Start
07.06.2015 00:13:54,386 INFO  logic.LoadData - Data are successfully loaded
07.06.2015 00:13:54,386 INFO  regex.TextRegex - Load SENTENCE_OR_LISTING regex
07.06.2015 00:13:54,386 INFO  regex.TextRegex - Load SENTENCE regex
07.06.2015 00:13:54,386 INFO  regex.TextRegex - Load WORD_OR_PUNKTUATION_MARK regex
07.06.2015 00:13:54,386 INFO  regex.TextRegex - Load WORD regex
07.06.2015 00:13:54,386 INFO  regex.TextRegex - Load PUNKTUATION_MARK regex
07.06.2015 00:13:54,386 INFO  regex.TextRegex - Load LISTING regex
07.06.2015 00:13:54,402 INFO  logic.SaveData - Composite are successfully saved
07.06.2015 00:13:54,402 INFO  logic.SaveData - Composite are successfully saved
07.06.2015 00:13:54,402 INFO  logic.SaveData - Composite are successfully saved
07.06.2015 00:13:54,402 INFO  regex.TextRegex - Load CONSONANT regex
07.06.2015 00:13:54,402 INFO  logic.SaveData - Composite are successfully saved
07.06.2015 00:14:25,038 INFO  runner.Runner - Start
07.06.2015 00:14:25,038 INFO  logic.LoadData - Data are successfully loaded
07.06.2015 00:14:25,054 INFO  regex.TextRegex - Load SENTENCE_OR_LISTING regex
07.06.2015 00:14:25,054 INFO  regex.TextRegex - Load SENTENCE regex
07.06.2015 00:14:25,054 INFO  regex.TextRegex - Load WORD_OR_PUNKTUATION_MARK regex
07.06.2015 00:14:25,054 INFO  regex.TextRegex - Load WORD regex
07.06.2015 00:14:25,054 INFO  regex.TextRegex - Load PUNKTUATION_MARK regex
07.06.2015 00:14:25,054 INFO  logic.SaveData - Composite are successfully saved
07.06.2015 00:14:25,054 INFO  logic.SaveData - Composite are successfully saved
07.06.2015 00:14:25,054 INFO  logic.SaveData - Composite are successfully saved
07.06.2015 00:14:25,054 INFO  regex.TextRegex - Load CONSONANT regex
07.06.2015 00:14:25,054 INFO  logic.SaveData - Composite are successfully saved
07.06.2015 00:14:59,416 INFO  runner.Runner - Start
07.06.2015 00:14:59,416 INFO  logic.LoadData - Data are successfully loaded
07.06.2015 00:14:59,416 INFO  regex.TextRegex - Load SENTENCE_OR_LISTING regex
07.06.2015 00:14:59,416 INFO  regex.TextRegex - Load SENTENCE regex
07.06.2015 00:14:59,416 INFO  regex.TextRegex - Load WORD_OR_PUNKTUATION_MARK regex
07.06.2015 00:14:59,416 INFO  regex.TextRegex - Load WORD regex
07.06.2015 00:14:59,416 INFO  regex.TextRegex - Load PUNKTUATION_MARK regex
07.06.2015 00:14:59,416 INFO  logic.SaveData - Composite are successfully saved
07.06.2015 00:14:59,416 INFO  logic.SaveData - Composite are successfully saved
07.06.2015 00:15:41,845 INFO  runner.Runner - Start
07.06.2015 00:15:41,845 INFO  logic.LoadData - Data are successfully loaded
07.06.2015 00:15:41,845 INFO  regex.TextRegex - Load SENTENCE_OR_LISTING regex
07.06.2015 00:15:41,845 INFO  regex.TextRegex - Load SENTENCE regex
07.06.2015 00:15:41,845 INFO  regex.TextRegex - Load WORD_OR_PUNKTUATION_MARK regex
07.06.2015 00:15:41,845 INFO  regex.TextRegex - Load WORD regex
07.06.2015 00:15:41,845 INFO  regex.TextRegex - Load PUNKTUATION_MARK regex
07.06.2015 00:15:41,845 INFO  logic.SaveData - Composite are successfully saved
07.06.2015 00:15:41,845 INFO  logic.SaveData - Composite are successfully saved
07.06.2015 00:17:56,736 INFO  runner.Runner - Start
07.06.2015 00:17:56,736 INFO  logic.LoadData - Data are successfully loaded
07.06.2015 00:17:56,752 INFO  regex.TextRegex - Load SENTENCE_OR_LISTING regex
07.06.2015 00:17:56,752 INFO  regex.TextRegex - Load SENTENCE regex
07.06.2015 00:17:56,752 INFO  regex.TextRegex - Load WORD_OR_PUNKTUATION_MARK regex
07.06.2015 00:17:56,752 INFO  regex.TextRegex - Load WORD regex
07.06.2015 00:17:56,752 INFO  regex.TextRegex - Load PUNKTUATION_MARK regex
07.06.2015 00:17:56,752 INFO  logic.SaveData - Composite are successfully saved
07.06.2015 00:17:56,752 INFO  logic.SaveData - Composite are successfully saved
07.06.2015 00:18:13,684 INFO  runner.Runner - Start
07.06.2015 00:18:13,684 INFO  logic.LoadData - Data are successfully loaded
07.06.2015 00:18:13,684 INFO  regex.TextRegex - Load SENTENCE_OR_LISTING regex
07.06.2015 00:18:13,684 INFO  regex.TextRegex - Load SENTENCE regex
07.06.2015 00:18:13,684 INFO  regex.TextRegex - Load WORD_OR_PUNKTUATION_MARK regex
07.06.2015 00:18:13,684 INFO  regex.TextRegex - Load WORD regex
07.06.2015 00:18:13,684 INFO  regex.TextRegex - Load PUNKTUATION_MARK regex
07.06.2015 00:18:13,684 INFO  logic.SaveData - Composite are successfully saved
07.06.2015 00:18:13,699 INFO  logic.SaveData - Composite are successfully saved
07.06.2015 00:19:06,565 INFO  runner.Runner - Start
07.06.2015 00:19:06,580 INFO  logic.LoadData - Data are successfully loaded
07.06.2015 00:19:06,580 INFO  regex.TextRegex - Load SENTENCE_OR_LISTING regex
07.06.2015 00:19:06,580 INFO  regex.TextRegex - Load SENTENCE regex
07.06.2015 00:19:06,580 INFO  regex.TextRegex - Load WORD_OR_PUNKTUATION_MARK regex
07.06.2015 00:19:06,580 INFO  regex.TextRegex - Load WORD regex
07.06.2015 00:19:06,580 INFO  regex.TextRegex - Load PUNKTUATION_MARK regex
07.06.2015 00:19:06,580 INFO  logic.SaveData - Composite are successfully saved
07.06.2015 00:19:06,580 INFO  logic.SaveData - Composite are successfully saved
07.06.2015 00:21:17,178 INFO  runner.Runner - Start
07.06.2015 00:21:17,179 INFO  logic.LoadData - Data are successfully loaded
07.06.2015 00:21:17,185 INFO  regex.TextRegex - Load SENTENCE_OR_LISTING regex
07.06.2015 00:21:17,185 INFO  regex.TextRegex - Load SENTENCE regex
07.06.2015 00:21:17,185 INFO  regex.TextRegex - Load WORD_OR_PUNKTUATION_MARK regex
07.06.2015 00:21:17,185 INFO  regex.TextRegex - Load WORD regex
07.06.2015 00:21:17,186 INFO  regex.TextRegex - Load PUNKTUATION_MARK regex
07.06.2015 00:21:17,187 INFO  logic.SaveData - Composite are successfully saved
07.06.2015 00:21:17,192 INFO  logic.SaveData - Composite are successfully saved
07.06.2015 00:23:47,403 INFO  runner.Runner - Start
07.06.2015 00:23:47,403 INFO  logic.LoadData - Data are successfully loaded
07.06.2015 00:23:47,403 INFO  regex.TextRegex - Load SENTENCE_OR_LISTING regex
07.06.2015 00:23:47,403 INFO  regex.TextRegex - Load SENTENCE regex
07.06.2015 00:23:47,403 INFO  regex.TextRegex - Load WORD_OR_PUNKTUATION_MARK regex
07.06.2015 00:23:47,403 INFO  regex.TextRegex - Load WORD regex
07.06.2015 00:23:47,403 INFO  regex.TextRegex - Load PUNKTUATION_MARK regex
07.06.2015 00:23:47,403 INFO  logic.SaveData - Composite are successfully saved
07.06.2015 00:23:47,419 INFO  logic.SaveData - Composite are successfully saved
07.06.2015 00:23:47,419 INFO  logic.SaveData - Composite are successfully saved
07.06.2015 00:23:47,419 INFO  regex.TextRegex - Load CONSONANT regex
07.06.2015 00:23:47,419 INFO  logic.SaveData - Composite are successfully saved
07.06.2015 00:24:55,022 INFO  runner.Runner - Start
07.06.2015 00:24:55,022 INFO  logic.LoadData - Data are successfully loaded
07.06.2015 00:24:55,022 INFO  regex.TextRegex - Load SENTENCE_OR_LISTING regex
07.06.2015 00:24:55,022 INFO  regex.TextRegex - Load SENTENCE regex
07.06.2015 00:24:55,022 INFO  regex.TextRegex - Load WORD_OR_PUNKTUATION_MARK regex
07.06.2015 00:24:55,022 INFO  regex.TextRegex - Load WORD regex
07.06.2015 00:24:55,022 INFO  regex.TextRegex - Load PUNKTUATION_MARK regex
07.06.2015 00:24:55,022 INFO  logic.SaveData - Composite are successfully saved
07.06.2015 00:24:55,038 INFO  logic.SaveData - Composite are successfully saved
07.06.2015 00:24:55,038 INFO  logic.SaveData - Composite are successfully saved
07.06.2015 00:24:55,038 INFO  regex.TextRegex - Load CONSONANT regex
07.06.2015 00:24:55,038 INFO  logic.SaveData - Composite are successfully saved
07.06.2015 00:26:30,217 INFO  runner.Runner - Start
07.06.2015 00:26:30,233 INFO  logic.LoadData - Data are successfully loaded
07.06.2015 00:26:30,233 INFO  regex.TextRegex - Load SENTENCE_OR_LISTING regex
07.06.2015 00:26:30,233 INFO  regex.TextRegex - Load SENTENCE regex
07.06.2015 00:26:30,233 INFO  regex.TextRegex - Load WORD_OR_PUNKTUATION_MARK regex
07.06.2015 00:26:30,233 INFO  regex.TextRegex - Load WORD regex
07.06.2015 00:26:30,233 INFO  regex.TextRegex - Load PUNKTUATION_MARK regex
07.06.2015 00:26:30,233 INFO  logic.SaveData - Composite are successfully saved
07.06.2015 00:26:30,233 INFO  logic.SaveData - Composite are successfully saved
07.06.2015 00:26:30,233 INFO  logic.SaveData - Composite are successfully saved
07.06.2015 00:26:30,233 INFO  regex.TextRegex - Load CONSONANT regex
07.06.2015 00:26:30,233 INFO  logic.SaveData - Composite are successfully saved
07.06.2015 00:26:53,552 INFO  runner.Runner - Start
07.06.2015 00:26:53,552 INFO  logic.LoadData - Data are successfully loaded
07.06.2015 00:26:53,552 INFO  regex.TextRegex - Load SENTENCE_OR_LISTING regex
07.06.2015 00:26:53,552 INFO  regex.TextRegex - Load SENTENCE regex
07.06.2015 00:26:53,552 INFO  regex.TextRegex - Load WORD_OR_PUNKTUATION_MARK regex
07.06.2015 00:26:53,552 INFO  regex.TextRegex - Load WORD regex
07.06.2015 00:26:53,552 INFO  regex.TextRegex - Load PUNKTUATION_MARK regex
07.06.2015 00:26:53,552 INFO  logic.SaveData - Composite are successfully saved
07.06.2015 00:26:53,568 INFO  logic.SaveData - Composite are successfully saved
07.06.2015 00:26:53,568 INFO  logic.SaveData - Composite are successfully saved
07.06.2015 00:26:53,568 INFO  regex.TextRegex - Load CONSONANT regex
07.06.2015 00:26:53,568 INFO  logic.SaveData - Composite are successfully saved
07.06.2015 00:27:43,761 INFO  runner.Runner - Start
07.06.2015 00:27:43,761 INFO  logic.LoadData - Data are successfully loaded
07.06.2015 00:27:43,776 INFO  regex.TextRegex - Load SENTENCE_OR_LISTING regex
07.06.2015 00:27:43,776 INFO  regex.TextRegex - Load SENTENCE regex
07.06.2015 00:27:43,780 INFO  regex.TextRegex - Load WORD_OR_PUNKTUATION_MARK regex
07.06.2015 00:27:43,780 INFO  regex.TextRegex - Load WORD regex
07.06.2015 00:27:43,781 INFO  regex.TextRegex - Load PUNKTUATION_MARK regex
07.06.2015 00:27:43,783 INFO  logic.SaveData - Composite are successfully saved
07.06.2015 00:27:43,787 INFO  logic.SaveData - Composite are successfully saved
07.06.2015 00:27:43,788 INFO  logic.SaveData - Composite are successfully saved
07.06.2015 00:27:43,789 INFO  regex.TextRegex - Load CONSONANT regex
07.06.2015 00:27:43,790 INFO  logic.SaveData - Composite are successfully saved
07.06.2015 00:29:39,777 INFO  runner.Runner - Start
07.06.2015 00:29:39,777 INFO  logic.LoadData - Data are successfully loaded
07.06.2015 00:29:39,777 INFO  regex.TextRegex - Load SENTENCE_OR_LISTING regex
07.06.2015 00:29:39,777 INFO  regex.TextRegex - Load SENTENCE regex
07.06.2015 00:29:39,777 INFO  regex.TextRegex - Load WORD_OR_PUNKTUATION_MARK regex
07.06.2015 00:29:39,777 INFO  regex.TextRegex - Load WORD regex
07.06.2015 00:29:39,777 INFO  regex.TextRegex - Load PUNKTUATION_MARK regex
07.06.2015 00:29:39,777 INFO  logic.SaveData - Composite are successfully saved
07.06.2015 00:29:39,777 INFO  logic.SaveData - Composite are successfully saved
07.06.2015 00:29:39,777 INFO  logic.SaveData - Composite are successfully saved
07.06.2015 00:29:39,777 INFO  regex.TextRegex - Load CONSONANT regex
07.06.2015 00:29:39,777 INFO  logic.SaveData - Composite are successfully saved
07.06.2015 00:30:56,488 INFO  runner.Runner - Start
07.06.2015 00:30:56,488 INFO  logic.LoadData - Data are successfully loaded
07.06.2015 00:30:56,504 INFO  regex.TextRegex - Load SENTENCE_OR_LISTING regex
07.06.2015 00:30:56,504 INFO  regex.TextRegex - Load SENTENCE regex
07.06.2015 00:30:56,504 INFO  regex.TextRegex - Load WORD_OR_PUNKTUATION_MARK regex
07.06.2015 00:30:56,504 INFO  regex.TextRegex - Load WORD regex
07.06.2015 00:30:56,520 INFO  regex.TextRegex - Load PUNKTUATION_MARK regex
07.06.2015 00:30:56,520 INFO  regex.TextRegex - Load LISTING regex
07.06.2015 00:30:56,520 INFO  logic.SaveData - Composite are successfully saved
07.06.2015 00:30:56,520 INFO  logic.SaveData - Composite are successfully saved
07.06.2015 00:30:56,535 INFO  logic.SaveData - Composite are successfully saved
07.06.2015 00:30:56,535 INFO  regex.TextRegex - Load CONSONANT regex
07.06.2015 00:30:56,535 INFO  logic.SaveData - Composite are successfully saved
07.06.2015 00:33:13,571 INFO  runner.Runner - Start
07.06.2015 00:33:13,571 INFO  logic.LoadData - Data are successfully loaded
07.06.2015 00:33:13,571 INFO  regex.TextRegex - Load SENTENCE_OR_LISTING regex
07.06.2015 00:33:13,571 INFO  regex.TextRegex - Load SENTENCE regex
07.06.2015 00:33:13,571 INFO  regex.TextRegex - Load WORD_OR_PUNKTUATION_MARK regex
07.06.2015 00:33:13,571 INFO  regex.TextRegex - Load WORD regex
07.06.2015 00:33:13,571 INFO  regex.TextRegex - Load PUNKTUATION_MARK regex
07.06.2015 00:33:13,587 INFO  regex.TextRegex - Load LISTING regex
07.06.2015 00:33:13,587 INFO  logic.SaveData - Composite are successfully saved
07.06.2015 00:33:13,587 INFO  logic.SaveData - Composite are successfully saved
07.06.2015 00:33:13,587 INFO  logic.SaveData - Composite are successfully saved
07.06.2015 00:33:13,587 INFO  regex.TextRegex - Load CONSONANT regex
07.06.2015 00:33:13,587 INFO  logic.SaveData - Composite are successfully saved
