23.06.2015 13:25:42,399 INFO  runner.Runner - Job start
23.06.2015 13:25:42,424 INFO  creator.GenerateAirplane - Generate new airplane ID-1, passanger 48
23.06.2015 13:25:42,440 INFO  logic.ProcessingAirplane - The airplane ID-1 expects service
23.06.2015 13:25:42,440 INFO  logic.ProcessingAirplane - Processing airplane ID-1, passanger count 48, necessary time 4800
23.06.2015 13:25:42,440 INFO  logic.ProcessingAirplane - Use terminal number 1, airplane ID-1
23.06.2015 13:25:42,940 INFO  creator.GenerateAirplane - Generate new airplane ID-2, passanger 99
23.06.2015 13:25:42,940 INFO  logic.ProcessingAirplane - The airplane ID-2 expects service
23.06.2015 13:25:42,940 INFO  logic.ProcessingAirplane - Processing airplane ID-2, passanger count 99, necessary time 9900
23.06.2015 13:25:42,940 INFO  logic.ProcessingAirplane - Use terminal number 2, airplane ID-2
23.06.2015 13:25:43,455 INFO  creator.GenerateAirplane - Generate new airplane ID-3, passanger 49
23.06.2015 13:25:43,457 INFO  logic.ProcessingAirplane - The airplane ID-3 expects service
23.06.2015 13:25:43,457 INFO  logic.ProcessingAirplane - Processing airplane ID-3, passanger count 49, necessary time 4900
23.06.2015 13:25:43,458 INFO  logic.ProcessingAirplane - Use terminal number 3, airplane ID-3
23.06.2015 13:25:43,966 INFO  creator.GenerateAirplane - Generate new airplane ID-4, passanger 91
23.06.2015 13:25:43,966 INFO  logic.ProcessingAirplane - The airplane ID-4 expects service
23.06.2015 13:25:43,966 INFO  logic.ProcessingAirplane - Processing airplane ID-4, passanger count 91, necessary time 9100
23.06.2015 13:25:43,966 INFO  logic.ProcessingAirplane - Use ladder number 1, airplane ID-4
23.06.2015 13:25:44,482 INFO  creator.GenerateAirplane - Generate new airplane ID-5, passanger 70
23.06.2015 13:25:44,483 INFO  logic.ProcessingAirplane - The airplane ID-5 expects service
23.06.2015 13:25:44,484 INFO  logic.ProcessingAirplane - Processing airplane ID-5, passanger count 70, necessary time 7000
23.06.2015 13:25:44,484 INFO  logic.ProcessingAirplane - Use ladder number 2, airplane ID-5
23.06.2015 13:25:44,985 INFO  creator.GenerateAirplane - Generate new airplane ID-6, passanger 60
23.06.2015 13:25:44,985 INFO  logic.ProcessingAirplane - The airplane ID-6 expects service
23.06.2015 13:25:44,985 INFO  logic.ProcessingAirplane - Processing airplane ID-6, passanger count 60, necessary time 6000
23.06.2015 13:25:44,985 INFO  logic.ProcessingAirplane - Use ladder number 3, airplane ID-6
23.06.2015 13:25:45,485 INFO  creator.GenerateAirplane - Generate new airplane ID-7, passanger 37
23.06.2015 13:25:45,485 INFO  logic.ProcessingAirplane - The airplane ID-7 expects service
23.06.2015 13:25:45,485 INFO  logic.ProcessingAirplane - Processing airplane ID-7, passanger count 37, necessary time 3700
23.06.2015 13:25:45,487 INFO  logic.ProcessingAirplane - Use ladder number 4, airplane ID-7
23.06.2015 13:25:45,994 INFO  creator.GenerateAirplane - Generate new airplane ID-8, passanger 18
23.06.2015 13:25:45,994 INFO  logic.ProcessingAirplane - The airplane ID-8 expects service
23.06.2015 13:25:45,994 INFO  logic.ProcessingAirplane - Processing airplane ID-8, passanger count 18, necessary time 1800
23.06.2015 13:25:45,994 INFO  logic.ProcessingAirplane - Use ladder number 5, airplane ID-8
23.06.2015 13:25:46,494 INFO  creator.GenerateAirplane - Generate new airplane ID-9, passanger 57
23.06.2015 13:25:46,495 INFO  logic.ProcessingAirplane - The airplane ID-9 expects service
23.06.2015 13:25:46,997 INFO  creator.GenerateAirplane - Generate new airplane ID-10, passanger 22
23.06.2015 13:25:47,012 INFO  logic.ProcessingAirplane - The airplane ID-10 expects service
23.06.2015 13:25:47,247 INFO  logic.ProcessingAirplane - Processing of the airplane ID-1 is complete
23.06.2015 13:25:47,247 INFO  logic.ProcessingAirplane - Processing airplane ID-10, passanger count 22, necessary time 2200
23.06.2015 13:25:47,247 INFO  logic.ProcessingAirplane - Use terminal number 1, airplane ID-10
23.06.2015 13:25:47,512 INFO  creator.GenerateAirplane - Generate new airplane ID-11, passanger 30
23.06.2015 13:25:47,513 INFO  logic.ProcessingAirplane - The airplane ID-11 expects service
23.06.2015 13:25:47,799 INFO  logic.ProcessingAirplane - Processing of the airplane ID-8 is complete
23.06.2015 13:25:47,799 INFO  logic.ProcessingAirplane - Processing airplane ID-11, passanger count 30, necessary time 3000
23.06.2015 13:25:47,799 INFO  logic.ProcessingAirplane - Use ladder number 5, airplane ID-11
23.06.2015 13:25:48,018 INFO  creator.GenerateAirplane - Generate new airplane ID-12, passanger 71
23.06.2015 13:25:48,018 INFO  logic.ProcessingAirplane - The airplane ID-12 expects service
23.06.2015 13:25:48,361 INFO  logic.ProcessingAirplane - Processing of the airplane ID-3 is complete
23.06.2015 13:25:48,361 INFO  logic.ProcessingAirplane - Processing airplane ID-9, passanger count 57, necessary time 5700
23.06.2015 13:25:48,361 INFO  logic.ProcessingAirplane - Use terminal number 3, airplane ID-9
23.06.2015 13:25:48,518 INFO  creator.GenerateAirplane - Generate new airplane ID-13, passanger 80
23.06.2015 13:25:48,519 INFO  logic.ProcessingAirplane - The airplane ID-13 expects service
23.06.2015 13:25:49,021 INFO  creator.GenerateAirplane - Generate new airplane ID-14, passanger 69
23.06.2015 13:25:49,021 INFO  logic.ProcessingAirplane - The airplane ID-14 expects service
23.06.2015 13:25:49,193 INFO  logic.ProcessingAirplane - Processing of the airplane ID-7 is complete
23.06.2015 13:25:49,193 INFO  logic.ProcessingAirplane - Processing airplane ID-13, passanger count 80, necessary time 8000
23.06.2015 13:25:49,193 INFO  logic.ProcessingAirplane - Use ladder number 4, airplane ID-13
23.06.2015 13:25:49,458 INFO  logic.ProcessingAirplane - Processing of the airplane ID-10 is complete
23.06.2015 13:25:49,458 INFO  logic.ProcessingAirplane - Processing airplane ID-14, passanger count 69, necessary time 6900
23.06.2015 13:25:49,458 INFO  logic.ProcessingAirplane - Use terminal number 1, airplane ID-14
23.06.2015 13:25:49,536 INFO  creator.GenerateAirplane - Generate new airplane ID-15, passanger 49
23.06.2015 13:25:49,537 INFO  logic.ProcessingAirplane - The airplane ID-15 expects service
23.06.2015 13:25:50,048 INFO  creator.GenerateAirplane - Generate new airplane ID-16, passanger 60
23.06.2015 13:25:50,048 INFO  logic.ProcessingAirplane - The airplane ID-16 expects service
23.06.2015 13:25:50,564 INFO  creator.GenerateAirplane - Generate new airplane ID-17, passanger 91
23.06.2015 13:25:50,565 INFO  logic.ProcessingAirplane - The airplane ID-17 expects service
23.06.2015 13:25:50,800 INFO  logic.ProcessingAirplane - Processing of the airplane ID-11 is complete
23.06.2015 13:25:50,800 INFO  logic.ProcessingAirplane - Processing airplane ID-16, passanger count 60, necessary time 6000
23.06.2015 13:25:50,800 INFO  logic.ProcessingAirplane - Use ladder number 5, airplane ID-16
23.06.2015 13:25:50,988 INFO  logic.ProcessingAirplane - Processing of the airplane ID-6 is complete
23.06.2015 13:25:50,988 INFO  logic.ProcessingAirplane - Processing airplane ID-12, passanger count 71, necessary time 7100
23.06.2015 13:25:50,988 INFO  logic.ProcessingAirplane - Use ladder number 3, airplane ID-12
23.06.2015 13:25:51,066 INFO  creator.GenerateAirplane - Generate new airplane ID-18, passanger 38
23.06.2015 13:25:51,066 INFO  logic.ProcessingAirplane - The airplane ID-18 expects service
23.06.2015 13:25:51,488 INFO  logic.ProcessingAirplane - Processing of the airplane ID-5 is complete
23.06.2015 13:25:51,488 INFO  logic.ProcessingAirplane - Processing airplane ID-17, passanger count 91, necessary time 9100
23.06.2015 13:25:51,488 INFO  logic.ProcessingAirplane - Use ladder number 2, airplane ID-17
23.06.2015 13:25:51,567 INFO  creator.GenerateAirplane - Generate new airplane ID-19, passanger 88
23.06.2015 13:25:51,568 INFO  logic.ProcessingAirplane - The airplane ID-19 expects service
23.06.2015 13:25:52,071 INFO  creator.GenerateAirplane - Generate new airplane ID-20, passanger 68
23.06.2015 13:25:52,071 INFO  logic.ProcessingAirplane - The airplane ID-20 expects service
23.06.2015 13:25:52,587 INFO  creator.GenerateAirplane - Generate new airplane ID-21, passanger 93
23.06.2015 13:25:52,588 INFO  logic.ProcessingAirplane - The airplane ID-21 expects service
23.06.2015 13:25:52,855 INFO  logic.ProcessingAirplane - Processing of the airplane ID-2 is complete
23.06.2015 13:25:52,855 INFO  logic.ProcessingAirplane - Processing airplane ID-20, passanger count 68, necessary time 6800
23.06.2015 13:25:52,855 INFO  logic.ProcessingAirplane - Use terminal number 2, airplane ID-20
23.06.2015 13:25:53,073 INFO  logic.ProcessingAirplane - Processing of the airplane ID-4 is complete
23.06.2015 13:25:53,073 INFO  logic.ProcessingAirplane - Processing airplane ID-21, passanger count 93, necessary time 9300
23.06.2015 13:25:53,073 INFO  logic.ProcessingAirplane - Use ladder number 1, airplane ID-21
23.06.2015 13:25:53,089 INFO  creator.GenerateAirplane - Generate new airplane ID-22, passanger 14
23.06.2015 13:25:53,089 INFO  logic.ProcessingAirplane - The airplane ID-22 expects service
23.06.2015 13:25:53,593 INFO  creator.GenerateAirplane - Generate new airplane ID-23, passanger 29
23.06.2015 13:25:53,594 INFO  logic.ProcessingAirplane - The airplane ID-23 expects service
23.06.2015 13:25:54,065 INFO  logic.ProcessingAirplane - Processing airplane ID-18, passanger count 38, necessary time 3800
23.06.2015 13:25:54,065 INFO  logic.ProcessingAirplane - Use terminal number 3, airplane ID-18
23.06.2015 13:25:54,065 INFO  logic.ProcessingAirplane - Processing of the airplane ID-9 is complete
23.06.2015 13:25:54,096 INFO  creator.GenerateAirplane - Generate new airplane ID-24, passanger 72
23.06.2015 13:25:54,096 INFO  logic.ProcessingAirplane - The airplane ID-24 expects service
23.06.2015 13:25:54,611 INFO  creator.GenerateAirplane - Generate new airplane ID-25, passanger 92
23.06.2015 13:25:54,611 INFO  logic.ProcessingAirplane - The airplane ID-25 expects service
23.06.2015 13:25:55,113 INFO  creator.GenerateAirplane - Generate new airplane ID-26, passanger 71
23.06.2015 13:25:55,113 INFO  logic.ProcessingAirplane - The airplane ID-26 expects service
23.06.2015 13:25:55,616 INFO  creator.GenerateAirplane - Generate new airplane ID-27, passanger 34
23.06.2015 13:25:55,616 INFO  logic.ProcessingAirplane - The airplane ID-27 expects service
23.06.2015 13:25:56,118 INFO  creator.GenerateAirplane - Generate new airplane ID-28, passanger 77
23.06.2015 13:25:56,118 INFO  logic.ProcessingAirplane - The airplane ID-28 expects service
23.06.2015 13:25:56,368 INFO  logic.ProcessingAirplane - Processing of the airplane ID-14 is complete
23.06.2015 13:25:56,368 INFO  logic.ProcessingAirplane - Processing airplane ID-28, passanger count 77, necessary time 7700
23.06.2015 13:25:56,368 INFO  logic.ProcessingAirplane - Use terminal number 1, airplane ID-28
23.06.2015 13:25:56,633 INFO  creator.GenerateAirplane - Generate new airplane ID-29, passanger 39
23.06.2015 13:25:56,634 INFO  logic.ProcessingAirplane - The airplane ID-29 expects service
23.06.2015 13:25:56,808 INFO  logic.ProcessingAirplane - Processing of the airplane ID-16 is complete
23.06.2015 13:25:56,808 INFO  logic.ProcessingAirplane - Processing airplane ID-22, passanger count 14, necessary time 1400
23.06.2015 13:25:56,808 INFO  logic.ProcessingAirplane - Use ladder number 5, airplane ID-22
23.06.2015 13:25:57,135 INFO  creator.GenerateAirplane - Generate new airplane ID-30, passanger 69
23.06.2015 13:25:57,135 INFO  logic.ProcessingAirplane - The airplane ID-30 expects service
23.06.2015 13:25:57,199 INFO  logic.ProcessingAirplane - Processing airplane ID-15, passanger count 49, necessary time 4900
23.06.2015 13:25:57,199 INFO  logic.ProcessingAirplane - Use ladder number 4, airplane ID-15
23.06.2015 13:25:57,199 INFO  logic.ProcessingAirplane - Processing of the airplane ID-13 is complete
23.06.2015 13:25:57,639 INFO  creator.GenerateAirplane - Generate new airplane ID-31, passanger 53
23.06.2015 13:25:57,641 INFO  logic.ProcessingAirplane - The airplane ID-31 expects service
23.06.2015 13:25:57,877 INFO  logic.ProcessingAirplane - Processing of the airplane ID-18 is complete
23.06.2015 13:25:57,877 INFO  logic.ProcessingAirplane - Processing airplane ID-19, passanger count 88, necessary time 8800
23.06.2015 13:25:57,877 INFO  logic.ProcessingAirplane - Use terminal number 3, airplane ID-19
23.06.2015 13:25:58,096 INFO  logic.ProcessingAirplane - Processing of the airplane ID-12 is complete
23.06.2015 13:25:58,096 INFO  logic.ProcessingAirplane - Processing airplane ID-25, passanger count 92, necessary time 9200
23.06.2015 13:25:58,096 INFO  logic.ProcessingAirplane - Use ladder number 3, airplane ID-25
23.06.2015 13:25:58,142 INFO  creator.GenerateAirplane - Generate new airplane ID-32, passanger 90
23.06.2015 13:25:58,142 INFO  logic.ProcessingAirplane - The airplane ID-32 expects service
23.06.2015 13:25:58,220 INFO  logic.ProcessingAirplane - Processing of the airplane ID-22 is complete
23.06.2015 13:25:58,220 INFO  logic.ProcessingAirplane - Processing airplane ID-23, passanger count 29, necessary time 2900
23.06.2015 13:25:58,220 INFO  logic.ProcessingAirplane - Use ladder number 5, airplane ID-23
23.06.2015 13:25:58,658 INFO  creator.GenerateAirplane - Generate new airplane ID-33, passanger 31
23.06.2015 13:25:58,659 INFO  logic.ProcessingAirplane - The airplane ID-33 expects service
23.06.2015 13:25:59,161 INFO  creator.GenerateAirplane - Generate new airplane ID-34, passanger 91
23.06.2015 13:25:59,161 INFO  logic.ProcessingAirplane - The airplane ID-34 expects service
23.06.2015 13:25:59,664 INFO  logic.ProcessingAirplane - Processing of the airplane ID-20 is complete
23.06.2015 13:25:59,664 INFO  creator.GenerateAirplane - Generate new airplane ID-35, passanger 75
23.06.2015 13:25:59,666 INFO  logic.ProcessingAirplane - Processing airplane ID-33, passanger count 31, necessary time 3100
23.06.2015 13:25:59,666 INFO  logic.ProcessingAirplane - Use terminal number 2, airplane ID-33
23.06.2015 13:25:59,666 INFO  logic.ProcessingAirplane - The airplane ID-35 expects service
23.06.2015 13:26:00,182 INFO  creator.GenerateAirplane - Generate new airplane ID-36, passanger 50
23.06.2015 13:26:00,182 INFO  logic.ProcessingAirplane - The airplane ID-36 expects service
23.06.2015 13:26:00,588 INFO  logic.ProcessingAirplane - Processing of the airplane ID-17 is complete
23.06.2015 13:26:00,588 INFO  logic.ProcessingAirplane - Processing airplane ID-30, passanger count 69, necessary time 6900
23.06.2015 13:26:00,588 INFO  logic.ProcessingAirplane - Use ladder number 2, airplane ID-30
23.06.2015 13:26:00,683 INFO  creator.GenerateAirplane - Generate new airplane ID-37, passanger 77
23.06.2015 13:26:00,684 INFO  logic.ProcessingAirplane - The airplane ID-37 expects service
23.06.2015 13:26:01,123 INFO  logic.ProcessingAirplane - Processing of the airplane ID-23 is complete
23.06.2015 13:26:01,123 INFO  logic.ProcessingAirplane - Processing airplane ID-26, passanger count 71, necessary time 7100
23.06.2015 13:26:01,123 INFO  logic.ProcessingAirplane - Use ladder number 5, airplane ID-26
23.06.2015 13:26:01,185 INFO  creator.GenerateAirplane - Generate new airplane ID-38, passanger 82
23.06.2015 13:26:01,185 INFO  logic.ProcessingAirplane - The airplane ID-38 expects service
23.06.2015 13:26:01,690 INFO  creator.GenerateAirplane - Generate new airplane ID-39, passanger 58
23.06.2015 13:26:01,691 INFO  logic.ProcessingAirplane - The airplane ID-39 expects service
23.06.2015 13:26:02,099 INFO  logic.ProcessingAirplane - Processing of the airplane ID-15 is complete
23.06.2015 13:26:02,099 INFO  logic.ProcessingAirplane - Processing airplane ID-34, passanger count 91, necessary time 9100
23.06.2015 13:26:02,099 INFO  logic.ProcessingAirplane - Use ladder number 4, airplane ID-34
23.06.2015 13:26:02,194 INFO  creator.GenerateAirplane - Generate new airplane ID-40, passanger 64
23.06.2015 13:26:02,194 INFO  logic.ProcessingAirplane - The airplane ID-40 expects service
23.06.2015 13:26:02,380 INFO  logic.ProcessingAirplane - Processing of the airplane ID-21 is complete
23.06.2015 13:26:02,380 INFO  logic.ProcessingAirplane - Processing airplane ID-31, passanger count 53, necessary time 5300
23.06.2015 13:26:02,380 INFO  logic.ProcessingAirplane - Use ladder number 1, airplane ID-31
23.06.2015 13:26:02,709 INFO  creator.GenerateAirplane - Generate new airplane ID-41, passanger 60
23.06.2015 13:26:02,710 INFO  logic.ProcessingAirplane - The airplane ID-41 expects service
23.06.2015 13:26:02,774 INFO  logic.ProcessingAirplane - Processing of the airplane ID-33 is complete
23.06.2015 13:26:02,774 INFO  logic.ProcessingAirplane - Processing airplane ID-38, passanger count 82, necessary time 8200
23.06.2015 13:26:02,774 INFO  logic.ProcessingAirplane - Use terminal number 2, airplane ID-38
23.06.2015 13:26:03,212 INFO  creator.GenerateAirplane - Generate new airplane ID-42, passanger 28
23.06.2015 13:26:03,212 INFO  logic.ProcessingAirplane - The airplane ID-42 expects service
23.06.2015 13:26:03,716 INFO  creator.GenerateAirplane - Generate new airplane ID-43, passanger 66
23.06.2015 13:26:03,716 INFO  logic.ProcessingAirplane - The airplane ID-43 expects service
23.06.2015 13:26:04,079 INFO  logic.ProcessingAirplane - Processing of the airplane ID-28 is complete
23.06.2015 13:26:04,079 INFO  logic.ProcessingAirplane - Processing airplane ID-42, passanger count 28, necessary time 2800
23.06.2015 13:26:04,079 INFO  logic.ProcessingAirplane - Use terminal number 1, airplane ID-42
23.06.2015 13:26:04,220 INFO  creator.GenerateAirplane - Generate new airplane ID-44, passanger 53
23.06.2015 13:26:04,220 INFO  logic.ProcessingAirplane - The airplane ID-44 expects service
23.06.2015 13:26:04,735 INFO  creator.GenerateAirplane - Generate new airplane ID-45, passanger 16
23.06.2015 13:26:04,738 INFO  logic.ProcessingAirplane - The airplane ID-45 expects service
23.06.2015 13:26:05,238 INFO  creator.GenerateAirplane - Generate new airplane ID-46, passanger 63
23.06.2015 13:26:05,238 INFO  logic.ProcessingAirplane - The airplane ID-46 expects service
23.06.2015 13:26:05,739 INFO  creator.GenerateAirplane - Generate new airplane ID-47, passanger 51
23.06.2015 13:26:05,740 INFO  logic.ProcessingAirplane - The airplane ID-47 expects service
23.06.2015 13:26:06,242 INFO  creator.GenerateAirplane - Generate new airplane ID-48, passanger 38
23.06.2015 13:26:06,242 INFO  logic.ProcessingAirplane - The airplane ID-48 expects service
23.06.2015 13:26:06,679 INFO  logic.ProcessingAirplane - Processing of the airplane ID-19 is complete
23.06.2015 13:26:06,679 INFO  logic.ProcessingAirplane - Processing airplane ID-27, passanger count 34, necessary time 3400
23.06.2015 13:26:06,679 INFO  logic.ProcessingAirplane - Use terminal number 3, airplane ID-27
23.06.2015 13:26:06,743 INFO  creator.GenerateAirplane - Generate new airplane ID-49, passanger 29
23.06.2015 13:26:06,743 INFO  logic.ProcessingAirplane - The airplane ID-49 expects service
23.06.2015 13:26:06,886 INFO  logic.ProcessingAirplane - Processing of the airplane ID-42 is complete
23.06.2015 13:26:06,886 INFO  logic.ProcessingAirplane - Processing airplane ID-43, passanger count 66, necessary time 6600
23.06.2015 13:26:06,886 INFO  logic.ProcessingAirplane - Use terminal number 1, airplane ID-43
23.06.2015 13:26:07,245 INFO  creator.GenerateAirplane - Generate new airplane ID-50, passanger 20
23.06.2015 13:26:07,245 INFO  logic.ProcessingAirplane - The airplane ID-50 expects service
23.06.2015 13:26:07,308 INFO  logic.ProcessingAirplane - Processing of the airplane ID-25 is complete
23.06.2015 13:26:07,308 INFO  logic.ProcessingAirplane - Processing airplane ID-39, passanger count 58, necessary time 5800
23.06.2015 13:26:07,308 INFO  logic.ProcessingAirplane - Use ladder number 3, airplane ID-39
23.06.2015 13:26:07,496 INFO  logic.ProcessingAirplane - Processing of the airplane ID-30 is complete
23.06.2015 13:26:07,496 INFO  logic.ProcessingAirplane - Processing airplane ID-49, passanger count 29, necessary time 2900
23.06.2015 13:26:07,496 INFO  logic.ProcessingAirplane - Use ladder number 2, airplane ID-49
23.06.2015 13:26:07,689 INFO  logic.ProcessingAirplane - Processing of the airplane ID-31 is complete
23.06.2015 13:26:07,689 INFO  logic.ProcessingAirplane - Processing airplane ID-50, passanger count 20, necessary time 2000
23.06.2015 13:26:07,689 INFO  logic.ProcessingAirplane - Use ladder number 1, airplane ID-50
23.06.2015 13:26:07,751 INFO  creator.GenerateAirplane - Generate new airplane ID-51, passanger 39
23.06.2015 13:26:07,753 INFO  logic.ProcessingAirplane - The airplane ID-51 expects service
23.06.2015 13:26:08,238 INFO  logic.ProcessingAirplane - Processing of the airplane ID-26 is complete
23.06.2015 13:26:08,238 INFO  logic.ProcessingAirplane - Processing airplane ID-29, passanger count 39, necessary time 3900
23.06.2015 13:26:08,238 INFO  logic.ProcessingAirplane - Use ladder number 5, airplane ID-29
23.06.2015 13:26:08,254 INFO  creator.GenerateAirplane - Generate new airplane ID-52, passanger 56
23.06.2015 13:26:08,254 INFO  logic.ProcessingAirplane - The airplane ID-52 expects service
23.06.2015 13:26:08,770 INFO  creator.GenerateAirplane - Generate new airplane ID-53, passanger 18
23.06.2015 13:26:08,771 INFO  logic.ProcessingAirplane - The airplane ID-53 expects service
23.06.2015 13:26:09,272 INFO  creator.GenerateAirplane - Generate new airplane ID-54, passanger 18
23.06.2015 13:26:09,272 INFO  logic.ProcessingAirplane - The airplane ID-54 expects service
23.06.2015 13:26:09,697 INFO  logic.ProcessingAirplane - Processing of the airplane ID-50 is complete
23.06.2015 13:26:09,697 INFO  logic.ProcessingAirplane - Processing airplane ID-45, passanger count 16, necessary time 1600
23.06.2015 13:26:09,697 INFO  logic.ProcessingAirplane - Use ladder number 1, airplane ID-45
23.06.2015 13:26:09,776 INFO  creator.GenerateAirplane - Generate new airplane ID-55, passanger 42
23.06.2015 13:26:09,776 INFO  logic.ProcessingAirplane - The airplane ID-55 expects service
23.06.2015 13:26:10,093 INFO  logic.ProcessingAirplane - Processing of the airplane ID-27 is complete
23.06.2015 13:26:10,093 INFO  logic.ProcessingAirplane - Processing airplane ID-44, passanger count 53, necessary time 5300
23.06.2015 13:26:10,093 INFO  logic.ProcessingAirplane - Use terminal number 3, airplane ID-44
23.06.2015 13:26:10,281 INFO  creator.GenerateAirplane - Generate new airplane ID-56, passanger 63
23.06.2015 13:26:10,281 INFO  logic.ProcessingAirplane - The airplane ID-56 expects service
23.06.2015 13:26:10,406 INFO  logic.ProcessingAirplane - Processing airplane ID-32, passanger count 90, necessary time 9000
23.06.2015 13:26:10,406 INFO  logic.ProcessingAirplane - Use ladder number 2, airplane ID-32
23.06.2015 13:26:10,406 INFO  logic.ProcessingAirplane - Processing of the airplane ID-49 is complete
23.06.2015 13:26:10,795 INFO  creator.GenerateAirplane - Generate new airplane ID-57, passanger 10
23.06.2015 13:26:10,797 INFO  logic.ProcessingAirplane - The airplane ID-57 expects service
23.06.2015 13:26:10,986 INFO  logic.ProcessingAirplane - Processing of the airplane ID-38 is complete
23.06.2015 13:26:10,986 INFO  logic.ProcessingAirplane - Processing airplane ID-56, passanger count 63, necessary time 6300
23.06.2015 13:26:10,986 INFO  logic.ProcessingAirplane - Use terminal number 2, airplane ID-56
23.06.2015 13:26:11,205 INFO  logic.ProcessingAirplane - Processing of the airplane ID-34 is complete
23.06.2015 13:26:11,205 INFO  logic.ProcessingAirplane - Processing airplane ID-40, passanger count 64, necessary time 6400
23.06.2015 13:26:11,205 INFO  logic.ProcessingAirplane - Use ladder number 4, airplane ID-40
23.06.2015 13:26:11,298 INFO  logic.ProcessingAirplane - Processing of the airplane ID-45 is complete
23.06.2015 13:26:11,298 INFO  creator.GenerateAirplane - Generate new airplane ID-58, passanger 64
23.06.2015 13:26:11,298 INFO  logic.ProcessingAirplane - Processing airplane ID-55, passanger count 42, necessary time 4200
23.06.2015 13:26:11,298 INFO  logic.ProcessingAirplane - Use ladder number 1, airplane ID-55
23.06.2015 13:26:11,298 INFO  logic.ProcessingAirplane - The airplane ID-58 expects service
23.06.2015 13:26:11,803 INFO  creator.GenerateAirplane - Generate new airplane ID-59, passanger 76
23.06.2015 13:26:11,804 INFO  logic.ProcessingAirplane - The airplane ID-59 expects service
23.06.2015 13:26:12,149 INFO  logic.ProcessingAirplane - Processing of the airplane ID-29 is complete
23.06.2015 13:26:12,149 INFO  logic.ProcessingAirplane - Processing airplane ID-35, passanger count 75, necessary time 7500
23.06.2015 13:26:12,149 INFO  logic.ProcessingAirplane - Use ladder number 5, airplane ID-35
23.06.2015 13:26:12,305 INFO  creator.GenerateAirplane - Generate new airplane ID-60, passanger 64
23.06.2015 13:26:12,305 INFO  logic.ProcessingAirplane - The airplane ID-60 expects service
23.06.2015 13:26:12,821 INFO  creator.GenerateAirplane - Generate new airplane ID-61, passanger 43
23.06.2015 13:26:12,822 INFO  logic.ProcessingAirplane - The airplane ID-61 expects service
23.06.2015 13:26:13,121 INFO  logic.ProcessingAirplane - Processing of the airplane ID-39 is complete
23.06.2015 13:26:13,121 INFO  logic.ProcessingAirplane - Processing airplane ID-59, passanger count 76, necessary time 7600
23.06.2015 13:26:13,121 INFO  logic.ProcessingAirplane - Use ladder number 3, airplane ID-59
23.06.2015 13:26:13,324 INFO  creator.GenerateAirplane - Generate new airplane ID-62, passanger 82
23.06.2015 13:26:13,324 INFO  logic.ProcessingAirplane - The airplane ID-62 expects service
23.06.2015 13:26:13,491 INFO  logic.ProcessingAirplane - Processing of the airplane ID-43 is complete
23.06.2015 13:26:13,491 INFO  logic.ProcessingAirplane - Processing airplane ID-60, passanger count 64, necessary time 6400
23.06.2015 13:26:13,491 INFO  logic.ProcessingAirplane - Use terminal number 1, airplane ID-60
23.06.2015 13:26:13,834 INFO  creator.GenerateAirplane - Generate new airplane ID-63, passanger 74
23.06.2015 13:26:13,835 INFO  logic.ProcessingAirplane - The airplane ID-63 expects service
23.06.2015 13:26:14,337 INFO  creator.GenerateAirplane - Generate new airplane ID-64, passanger 62
23.06.2015 13:26:14,337 INFO  logic.ProcessingAirplane - The airplane ID-64 expects service
23.06.2015 13:26:14,837 INFO  creator.GenerateAirplane - Generate new airplane ID-65, passanger 16
23.06.2015 13:26:14,837 INFO  logic.ProcessingAirplane - The airplane ID-65 expects service
23.06.2015 13:26:15,339 INFO  creator.GenerateAirplane - Generate new airplane ID-66, passanger 77
23.06.2015 13:26:15,339 INFO  logic.ProcessingAirplane - The airplane ID-66 expects service
23.06.2015 13:26:15,401 INFO  logic.ProcessingAirplane - Processing of the airplane ID-44 is complete
23.06.2015 13:26:15,401 INFO  logic.ProcessingAirplane - Processing airplane ID-53, passanger count 18, necessary time 1800
23.06.2015 13:26:15,401 INFO  logic.ProcessingAirplane - Use terminal number 3, airplane ID-53
23.06.2015 13:26:15,508 INFO  logic.ProcessingAirplane - Processing airplane ID-61, passanger count 43, necessary time 4300
23.06.2015 13:26:15,508 INFO  logic.ProcessingAirplane - Use ladder number 1, airplane ID-61
23.06.2015 13:26:15,508 INFO  logic.ProcessingAirplane - Processing of the airplane ID-55 is complete
23.06.2015 13:26:15,852 INFO  creator.GenerateAirplane - Generate new airplane ID-67, passanger 23
23.06.2015 13:26:15,853 INFO  logic.ProcessingAirplane - The airplane ID-67 expects service
23.06.2015 13:26:16,354 INFO  creator.GenerateAirplane - Generate new airplane ID-68, passanger 74
23.06.2015 13:26:16,354 INFO  logic.ProcessingAirplane - The airplane ID-68 expects service
23.06.2015 13:26:16,870 INFO  creator.GenerateAirplane - Generate new airplane ID-69, passanger 41
23.06.2015 13:26:16,871 INFO  logic.ProcessingAirplane - The airplane ID-69 expects service
23.06.2015 13:26:17,217 INFO  logic.ProcessingAirplane - Processing of the airplane ID-53 is complete
23.06.2015 13:26:17,217 INFO  logic.ProcessingAirplane - Processing airplane ID-52, passanger count 56, necessary time 5600
23.06.2015 13:26:17,217 INFO  logic.ProcessingAirplane - Use terminal number 3, airplane ID-52
23.06.2015 13:26:17,295 INFO  logic.ProcessingAirplane - Processing of the airplane ID-56 is complete
23.06.2015 13:26:17,295 INFO  logic.ProcessingAirplane - Processing airplane ID-67, passanger count 23, necessary time 2300
23.06.2015 13:26:17,295 INFO  logic.ProcessingAirplane - Use terminal number 2, airplane ID-67
23.06.2015 13:26:17,374 INFO  creator.GenerateAirplane - Generate new airplane ID-70, passanger 80
23.06.2015 13:26:17,374 INFO  logic.ProcessingAirplane - The airplane ID-70 expects service
23.06.2015 13:26:17,613 INFO  logic.ProcessingAirplane - Processing airplane ID-65, passanger count 16, necessary time 1600
23.06.2015 13:26:17,613 INFO  logic.ProcessingAirplane - Processing of the airplane ID-40 is complete
23.06.2015 13:26:17,613 INFO  logic.ProcessingAirplane - Use ladder number 4, airplane ID-65
23.06.2015 13:26:17,879 INFO  creator.GenerateAirplane - Generate new airplane ID-71, passanger 79
23.06.2015 13:26:17,880 INFO  logic.ProcessingAirplane - The airplane ID-71 expects service
23.06.2015 13:26:18,382 INFO  creator.GenerateAirplane - Generate new airplane ID-72, passanger 39
23.06.2015 13:26:18,382 INFO  logic.ProcessingAirplane - The airplane ID-72 expects service
23.06.2015 13:26:18,882 INFO  creator.GenerateAirplane - Generate new airplane ID-73, passanger 45
23.06.2015 13:26:18,883 INFO  logic.ProcessingAirplane - The airplane ID-73 expects service
23.06.2015 13:26:19,228 INFO  logic.ProcessingAirplane - Processing of the airplane ID-65 is complete
23.06.2015 13:26:19,228 INFO  logic.ProcessingAirplane - Processing airplane ID-46, passanger count 63, necessary time 6300
23.06.2015 13:26:19,228 INFO  logic.ProcessingAirplane - Use ladder number 4, airplane ID-46
23.06.2015 13:26:19,384 INFO  creator.GenerateAirplane - Generate new airplane ID-74, passanger 25
23.06.2015 13:26:19,384 INFO  logic.ProcessingAirplane - The airplane ID-74 expects service
23.06.2015 13:26:19,416 INFO  logic.ProcessingAirplane - Processing of the airplane ID-32 is complete
23.06.2015 13:26:19,416 INFO  logic.ProcessingAirplane - Processing airplane ID-41, passanger count 60, necessary time 6000
23.06.2015 13:26:19,416 INFO  logic.ProcessingAirplane - Use ladder number 2, airplane ID-41
23.06.2015 13:26:19,596 INFO  logic.ProcessingAirplane - Processing airplane ID-71, passanger count 79, necessary time 7900
23.06.2015 13:26:19,596 INFO  logic.ProcessingAirplane - Use terminal number 2, airplane ID-71
23.06.2015 13:26:19,596 INFO  logic.ProcessingAirplane - Processing of the airplane ID-67 is complete
23.06.2015 13:26:19,659 INFO  logic.ProcessingAirplane - Processing of the airplane ID-35 is complete
23.06.2015 13:26:19,659 INFO  logic.ProcessingAirplane - Processing airplane ID-36, passanger count 50, necessary time 5000
23.06.2015 13:26:19,659 INFO  logic.ProcessingAirplane - Use ladder number 5, airplane ID-36
23.06.2015 13:26:19,815 INFO  logic.ProcessingAirplane - Processing of the airplane ID-61 is complete
23.06.2015 13:26:19,815 INFO  logic.ProcessingAirplane - Processing airplane ID-47, passanger count 51, necessary time 5100
23.06.2015 13:26:19,815 INFO  logic.ProcessingAirplane - Use ladder number 1, airplane ID-47
23.06.2015 13:26:19,893 INFO  logic.ProcessingAirplane - Processing of the airplane ID-60 is complete
23.06.2015 13:26:19,895 INFO  logic.ProcessingAirplane - Processing airplane ID-48, passanger count 38, necessary time 3800
23.06.2015 13:26:19,895 INFO  logic.ProcessingAirplane - Use terminal number 1, airplane ID-48
23.06.2015 13:26:19,895 INFO  creator.GenerateAirplane - Generate new airplane ID-75, passanger 99
23.06.2015 13:26:19,895 INFO  logic.ProcessingAirplane - The airplane ID-75 expects service
23.06.2015 13:26:20,411 INFO  creator.GenerateAirplane - Generate new airplane ID-76, passanger 39
23.06.2015 13:26:20,411 INFO  logic.ProcessingAirplane - The airplane ID-76 expects service
23.06.2015 13:26:20,723 INFO  logic.ProcessingAirplane - Processing of the airplane ID-59 is complete
23.06.2015 13:26:20,723 INFO  logic.ProcessingAirplane - Processing airplane ID-74, passanger count 25, necessary time 2500
23.06.2015 13:26:20,723 INFO  logic.ProcessingAirplane - Use ladder number 3, airplane ID-74
23.06.2015 13:26:20,927 INFO  creator.GenerateAirplane - Generate new airplane ID-77, passanger 10
23.06.2015 13:26:20,927 INFO  logic.ProcessingAirplane - The airplane ID-77 expects service
23.06.2015 13:26:21,428 INFO  creator.GenerateAirplane - Generate new airplane ID-78, passanger 55
23.06.2015 13:26:21,428 INFO  logic.ProcessingAirplane - The airplane ID-78 expects service
23.06.2015 13:26:21,935 INFO  creator.GenerateAirplane - Generate new airplane ID-79, passanger 32
23.06.2015 13:26:21,936 INFO  logic.ProcessingAirplane - The airplane ID-79 expects service
23.06.2015 13:26:22,439 INFO  creator.GenerateAirplane - Generate new airplane ID-80, passanger 80
23.06.2015 13:26:22,439 INFO  logic.ProcessingAirplane - The airplane ID-80 expects service
23.06.2015 13:26:22,828 INFO  logic.ProcessingAirplane - Processing of the airplane ID-52 is complete
23.06.2015 13:26:22,828 INFO  logic.ProcessingAirplane - Processing airplane ID-77, passanger count 10, necessary time 1000
23.06.2015 13:26:22,828 INFO  logic.ProcessingAirplane - Use terminal number 3, airplane ID-77
23.06.2015 13:26:22,953 INFO  creator.GenerateAirplane - Generate new airplane ID-81, passanger 48
23.06.2015 13:26:22,954 INFO  logic.ProcessingAirplane - The airplane ID-81 expects service
23.06.2015 13:26:23,236 INFO  logic.ProcessingAirplane - Processing of the airplane ID-74 is complete
23.06.2015 13:26:23,236 INFO  logic.ProcessingAirplane - Processing airplane ID-81, passanger count 48, necessary time 4800
23.06.2015 13:26:23,236 INFO  logic.ProcessingAirplane - Use ladder number 3, airplane ID-81
23.06.2015 13:26:23,456 INFO  creator.GenerateAirplane - Generate new airplane ID-82, passanger 10
23.06.2015 13:26:23,456 INFO  logic.ProcessingAirplane - The airplane ID-82 expects service
23.06.2015 13:26:23,706 INFO  logic.ProcessingAirplane - Processing of the airplane ID-48 is complete
23.06.2015 13:26:23,706 INFO  logic.ProcessingAirplane - Processing airplane ID-79, passanger count 32, necessary time 3200
23.06.2015 13:26:23,706 INFO  logic.ProcessingAirplane - Use terminal number 1, airplane ID-79
23.06.2015 13:26:23,831 INFO  logic.ProcessingAirplane - Processing of the airplane ID-77 is complete
23.06.2015 13:26:23,831 INFO  logic.ProcessingAirplane - Processing airplane ID-70, passanger count 80, necessary time 8000
23.06.2015 13:26:23,831 INFO  logic.ProcessingAirplane - Use terminal number 3, airplane ID-70
23.06.2015 13:26:23,956 INFO  creator.GenerateAirplane - Generate new airplane ID-83, passanger 22
23.06.2015 13:26:23,957 INFO  logic.ProcessingAirplane - The airplane ID-83 expects service
23.06.2015 13:26:24,459 INFO  creator.GenerateAirplane - Generate new airplane ID-84, passanger 56
23.06.2015 13:26:24,459 INFO  logic.ProcessingAirplane - The airplane ID-84 expects service
23.06.2015 13:26:24,662 INFO  logic.ProcessingAirplane - Processing of the airplane ID-36 is complete
23.06.2015 13:26:24,662 INFO  logic.ProcessingAirplane - Processing airplane ID-69, passanger count 41, necessary time 4100
23.06.2015 13:26:24,662 INFO  logic.ProcessingAirplane - Use ladder number 5, airplane ID-69
23.06.2015 13:26:24,928 INFO  logic.ProcessingAirplane - Processing of the airplane ID-47 is complete
23.06.2015 13:26:24,928 INFO  logic.ProcessingAirplane - Processing airplane ID-75, passanger count 99, necessary time 9900
23.06.2015 13:26:24,928 INFO  logic.ProcessingAirplane - Use ladder number 1, airplane ID-75
23.06.2015 13:26:24,975 INFO  creator.GenerateAirplane - Generate new airplane ID-85, passanger 84
23.06.2015 13:26:24,975 INFO  logic.ProcessingAirplane - The airplane ID-85 expects service
23.06.2015 13:26:25,430 INFO  logic.ProcessingAirplane - Processing of the airplane ID-41 is complete
23.06.2015 13:26:25,430 INFO  logic.ProcessingAirplane - Processing airplane ID-78, passanger count 55, necessary time 5500
23.06.2015 13:26:25,430 INFO  logic.ProcessingAirplane - Use ladder number 2, airplane ID-78
23.06.2015 13:26:25,481 INFO  creator.GenerateAirplane - Generate new airplane ID-86, passanger 96
23.06.2015 13:26:25,481 INFO  logic.ProcessingAirplane - The airplane ID-86 expects service
23.06.2015 13:26:25,543 INFO  logic.ProcessingAirplane - Processing of the airplane ID-46 is complete
23.06.2015 13:26:25,543 INFO  logic.ProcessingAirplane - Processing airplane ID-57, passanger count 10, necessary time 1000
23.06.2015 13:26:25,543 INFO  logic.ProcessingAirplane - Use ladder number 4, airplane ID-57
23.06.2015 13:26:25,981 INFO  creator.GenerateAirplane - Generate new airplane ID-87, passanger 75
23.06.2015 13:26:25,982 INFO  logic.ProcessingAirplane - The airplane ID-87 expects service
23.06.2015 13:26:26,483 INFO  creator.GenerateAirplane - Generate new airplane ID-88, passanger 49
23.06.2015 13:26:26,483 INFO  logic.ProcessingAirplane - The airplane ID-88 expects service
23.06.2015 13:26:26,546 INFO  logic.ProcessingAirplane - Processing airplane ID-86, passanger count 96, necessary time 9600
23.06.2015 13:26:26,546 INFO  logic.ProcessingAirplane - Processing of the airplane ID-57 is complete
23.06.2015 13:26:26,546 INFO  logic.ProcessingAirplane - Use ladder number 4, airplane ID-86
23.06.2015 13:26:26,921 INFO  logic.ProcessingAirplane - Processing of the airplane ID-79 is complete
23.06.2015 13:26:26,921 INFO  logic.ProcessingAirplane - Processing airplane ID-83, passanger count 22, necessary time 2200
23.06.2015 13:26:26,921 INFO  logic.ProcessingAirplane - Use terminal number 1, airplane ID-83
23.06.2015 13:26:26,983 INFO  creator.GenerateAirplane - Generate new airplane ID-89, passanger 96
23.06.2015 13:26:26,984 INFO  logic.ProcessingAirplane - The airplane ID-89 expects service
23.06.2015 13:26:27,491 INFO  creator.GenerateAirplane - Generate new airplane ID-90, passanger 63
23.06.2015 13:26:27,491 INFO  logic.ProcessingAirplane - The airplane ID-90 expects service
23.06.2015 13:26:27,506 INFO  logic.ProcessingAirplane - Processing of the airplane ID-71 is complete
23.06.2015 13:26:27,506 INFO  logic.ProcessingAirplane - Processing airplane ID-89, passanger count 96, necessary time 9600
23.06.2015 13:26:27,506 INFO  logic.ProcessingAirplane - Use terminal number 2, airplane ID-89
23.06.2015 13:26:28,006 INFO  creator.GenerateAirplane - Generate new airplane ID-91, passanger 27
23.06.2015 13:26:28,007 INFO  logic.ProcessingAirplane - The airplane ID-91 expects service
23.06.2015 13:26:28,040 INFO  logic.ProcessingAirplane - Processing of the airplane ID-81 is complete
23.06.2015 13:26:28,040 INFO  logic.ProcessingAirplane - Processing airplane ID-51, passanger count 39, necessary time 3900
23.06.2015 13:26:28,040 INFO  logic.ProcessingAirplane - Use ladder number 3, airplane ID-51
23.06.2015 13:26:28,509 INFO  creator.GenerateAirplane - Generate new airplane ID-92, passanger 24
23.06.2015 13:26:28,509 INFO  logic.ProcessingAirplane - The airplane ID-92 expects service
23.06.2015 13:26:28,775 INFO  logic.ProcessingAirplane - Processing of the airplane ID-69 is complete
23.06.2015 13:26:28,775 INFO  logic.ProcessingAirplane - Processing airplane ID-68, passanger count 74, necessary time 7400
23.06.2015 13:26:28,775 INFO  logic.ProcessingAirplane - Use ladder number 5, airplane ID-68
23.06.2015 13:26:29,024 INFO  creator.GenerateAirplane - Generate new airplane ID-93, passanger 55
23.06.2015 13:26:29,025 INFO  logic.ProcessingAirplane - The airplane ID-93 expects service
23.06.2015 13:26:29,136 INFO  logic.ProcessingAirplane - Processing of the airplane ID-83 is complete
23.06.2015 13:26:29,136 INFO  logic.ProcessingAirplane - Processing airplane ID-85, passanger count 84, necessary time 8400
23.06.2015 13:26:29,136 INFO  logic.ProcessingAirplane - Use terminal number 1, airplane ID-85
23.06.2015 13:26:29,529 INFO  creator.GenerateAirplane - Generate new airplane ID-94, passanger 87
23.06.2015 13:26:29,529 INFO  logic.ProcessingAirplane - The airplane ID-94 expects service
23.06.2015 13:26:30,044 INFO  creator.GenerateAirplane - Generate new airplane ID-95, passanger 67
23.06.2015 13:26:30,045 INFO  logic.ProcessingAirplane - The airplane ID-95 expects service
23.06.2015 13:26:30,547 INFO  creator.GenerateAirplane - Generate new airplane ID-96, passanger 19
23.06.2015 13:26:30,547 INFO  logic.ProcessingAirplane - The airplane ID-96 expects service
23.06.2015 13:26:30,937 INFO  logic.ProcessingAirplane - Processing of the airplane ID-78 is complete
23.06.2015 13:26:30,937 INFO  logic.ProcessingAirplane - Processing airplane ID-24, passanger count 72, necessary time 7200
23.06.2015 13:26:30,937 INFO  logic.ProcessingAirplane - Use ladder number 2, airplane ID-24
23.06.2015 13:26:31,047 INFO  creator.GenerateAirplane - Generate new airplane ID-97, passanger 41
23.06.2015 13:26:31,048 INFO  logic.ProcessingAirplane - The airplane ID-97 expects service
23.06.2015 13:26:31,554 INFO  creator.GenerateAirplane - Generate new airplane ID-98, passanger 16
23.06.2015 13:26:31,554 INFO  logic.ProcessingAirplane - The airplane ID-98 expects service
23.06.2015 13:26:31,833 INFO  logic.ProcessingAirplane - Processing of the airplane ID-70 is complete
23.06.2015 13:26:31,833 INFO  logic.ProcessingAirplane - Processing airplane ID-64, passanger count 62, necessary time 6200
23.06.2015 13:26:31,833 INFO  logic.ProcessingAirplane - Use terminal number 3, airplane ID-64
23.06.2015 13:26:31,942 INFO  logic.ProcessingAirplane - Processing of the airplane ID-51 is complete
23.06.2015 13:26:31,942 INFO  logic.ProcessingAirplane - Processing airplane ID-84, passanger count 56, necessary time 5600
23.06.2015 13:26:31,942 INFO  logic.ProcessingAirplane - Use ladder number 3, airplane ID-84
23.06.2015 13:26:32,067 INFO  creator.GenerateAirplane - Generate new airplane ID-99, passanger 69
23.06.2015 13:26:32,070 INFO  logic.ProcessingAirplane - The airplane ID-99 expects service
23.06.2015 13:26:32,570 INFO  creator.GenerateAirplane - Generate new airplane ID-100, passanger 23
23.06.2015 13:26:32,570 INFO  logic.ProcessingAirplane - The airplane ID-100 expects service
23.06.2015 13:26:33,085 INFO  creator.GenerateAirplane - Generate new airplane ID-101, passanger 11
23.06.2015 13:26:33,087 INFO  logic.ProcessingAirplane - The airplane ID-101 expects service
23.06.2015 13:26:33,591 INFO  creator.GenerateAirplane - Generate new airplane ID-102, passanger 58
23.06.2015 13:26:33,591 INFO  logic.ProcessingAirplane - The airplane ID-102 expects service
23.06.2015 13:26:34,106 INFO  creator.GenerateAirplane - Generate new airplane ID-103, passanger 69
23.06.2015 13:26:34,107 INFO  logic.ProcessingAirplane - The airplane ID-103 expects service
23.06.2015 13:26:34,608 INFO  creator.GenerateAirplane - Generate new airplane ID-104, passanger 33
23.06.2015 13:26:34,608 INFO  logic.ProcessingAirplane - The airplane ID-104 expects service
23.06.2015 13:26:34,843 INFO  logic.ProcessingAirplane - Processing of the airplane ID-75 is complete
23.06.2015 13:26:34,843 INFO  logic.ProcessingAirplane - Processing airplane ID-103, passanger count 69, necessary time 6900
23.06.2015 13:26:34,843 INFO  logic.ProcessingAirplane - Use ladder number 1, airplane ID-103
23.06.2015 13:26:35,108 INFO  creator.GenerateAirplane - Generate new airplane ID-105, passanger 52
23.06.2015 13:26:35,110 INFO  logic.ProcessingAirplane - The airplane ID-105 expects service
23.06.2015 13:26:35,615 INFO  creator.GenerateAirplane - Generate new airplane ID-106, passanger 62
23.06.2015 13:26:35,615 INFO  logic.ProcessingAirplane - The airplane ID-106 expects service
23.06.2015 13:26:36,130 INFO  creator.GenerateAirplane - Generate new airplane ID-107, passanger 94
23.06.2015 13:26:36,131 INFO  logic.ProcessingAirplane - The airplane ID-107 expects service
23.06.2015 13:26:36,148 INFO  logic.ProcessingAirplane - Processing of the airplane ID-86 is complete
23.06.2015 13:26:36,148 INFO  logic.ProcessingAirplane - Processing airplane ID-107, passanger count 94, necessary time 9400
23.06.2015 13:26:36,148 INFO  logic.ProcessingAirplane - Use ladder number 4, airplane ID-107
23.06.2015 13:26:36,180 INFO  logic.ProcessingAirplane - Processing of the airplane ID-68 is complete
23.06.2015 13:26:36,180 INFO  logic.ProcessingAirplane - Processing airplane ID-72, passanger count 39, necessary time 3900
23.06.2015 13:26:36,180 INFO  logic.ProcessingAirplane - Use ladder number 5, airplane ID-72
23.06.2015 13:26:36,633 INFO  creator.GenerateAirplane - Generate new airplane ID-108, passanger 92
23.06.2015 13:26:36,633 INFO  logic.ProcessingAirplane - The airplane ID-108 expects service
23.06.2015 13:26:37,117 INFO  logic.ProcessingAirplane - Processing of the airplane ID-89 is complete
23.06.2015 13:26:37,117 INFO  logic.ProcessingAirplane - Processing airplane ID-82, passanger count 10, necessary time 1000
23.06.2015 13:26:37,117 INFO  logic.ProcessingAirplane - Use terminal number 2, airplane ID-82
23.06.2015 13:26:37,133 INFO  creator.GenerateAirplane - Generate new airplane ID-109, passanger 70
23.06.2015 13:26:37,134 INFO  logic.ProcessingAirplane - The airplane ID-109 expects service
23.06.2015 13:26:37,545 INFO  logic.ProcessingAirplane - Processing of the airplane ID-84 is complete
23.06.2015 13:26:37,545 INFO  logic.ProcessingAirplane - Processing of the airplane ID-85 is complete
23.06.2015 13:26:37,545 INFO  logic.ProcessingAirplane - Processing airplane ID-98, passanger count 16, necessary time 1600
23.06.2015 13:26:37,545 INFO  logic.ProcessingAirplane - Processing airplane ID-87, passanger count 75, necessary time 7500
23.06.2015 13:26:37,545 INFO  logic.ProcessingAirplane - Use ladder number 3, airplane ID-98
23.06.2015 13:26:37,545 INFO  logic.ProcessingAirplane - Use terminal number 1, airplane ID-87
23.06.2015 13:26:37,638 INFO  creator.GenerateAirplane - Generate new airplane ID-110, passanger 68
23.06.2015 13:26:37,638 INFO  logic.ProcessingAirplane - The airplane ID-110 expects service
23.06.2015 13:26:38,045 INFO  logic.ProcessingAirplane - Processing of the airplane ID-64 is complete
23.06.2015 13:26:38,045 INFO  logic.ProcessingAirplane - Processing airplane ID-54, passanger count 18, necessary time 1800
23.06.2015 13:26:38,045 INFO  logic.ProcessingAirplane - Use terminal number 3, airplane ID-54
23.06.2015 13:26:38,123 INFO  logic.ProcessingAirplane - Processing of the airplane ID-82 is complete
23.06.2015 13:26:38,123 INFO  logic.ProcessingAirplane - Processing airplane ID-91, passanger count 27, necessary time 2700
23.06.2015 13:26:38,123 INFO  logic.ProcessingAirplane - Use terminal number 2, airplane ID-91
23.06.2015 13:26:38,139 INFO  creator.GenerateAirplane - Generate new airplane ID-111, passanger 99
23.06.2015 13:26:38,139 INFO  logic.ProcessingAirplane - Processing of the airplane ID-24 is complete
23.06.2015 13:26:38,139 INFO  logic.ProcessingAirplane - Processing airplane ID-94, passanger count 87, necessary time 8700
23.06.2015 13:26:38,139 INFO  logic.ProcessingAirplane - Use ladder number 2, airplane ID-94
23.06.2015 13:26:38,139 INFO  logic.ProcessingAirplane - The airplane ID-111 expects service
23.06.2015 13:26:38,643 INFO  creator.GenerateAirplane - Generate new airplane ID-112, passanger 70
23.06.2015 13:26:38,643 INFO  logic.ProcessingAirplane - The airplane ID-112 expects service
23.06.2015 13:26:39,158 INFO  creator.GenerateAirplane - Generate new airplane ID-113, passanger 96
23.06.2015 13:26:39,158 INFO  logic.ProcessingAirplane - Processing of the airplane ID-98 is complete
23.06.2015 13:26:39,158 INFO  logic.ProcessingAirplane - Processing airplane ID-106, passanger count 62, necessary time 6200
23.06.2015 13:26:39,158 INFO  logic.ProcessingAirplane - Use ladder number 3, airplane ID-106
23.06.2015 13:26:39,158 INFO  logic.ProcessingAirplane - The airplane ID-113 expects service
23.06.2015 13:26:39,666 INFO  creator.GenerateAirplane - Generate new airplane ID-114, passanger 74
23.06.2015 13:26:39,666 INFO  logic.ProcessingAirplane - The airplane ID-114 expects service
23.06.2015 13:26:39,854 INFO  logic.ProcessingAirplane - Processing of the airplane ID-54 is complete
23.06.2015 13:26:39,854 INFO  logic.ProcessingAirplane - Processing airplane ID-93, passanger count 55, necessary time 5500
23.06.2015 13:26:39,854 INFO  logic.ProcessingAirplane - Use terminal number 3, airplane ID-93
23.06.2015 13:26:40,088 INFO  logic.ProcessingAirplane - Processing of the airplane ID-72 is complete
23.06.2015 13:26:40,088 INFO  logic.ProcessingAirplane - Processing airplane ID-80, passanger count 80, necessary time 8000
23.06.2015 13:26:40,088 INFO  logic.ProcessingAirplane - Use ladder number 5, airplane ID-80
23.06.2015 13:26:40,166 INFO  creator.GenerateAirplane - Generate new airplane ID-115, passanger 96
23.06.2015 13:26:40,167 INFO  logic.ProcessingAirplane - The airplane ID-115 expects service
23.06.2015 13:26:40,670 INFO  creator.GenerateAirplane - Generate new airplane ID-116, passanger 76
23.06.2015 13:26:40,670 INFO  logic.ProcessingAirplane - The airplane ID-116 expects service
23.06.2015 13:26:40,825 INFO  logic.ProcessingAirplane - Processing of the airplane ID-91 is complete
23.06.2015 13:26:40,825 INFO  logic.ProcessingAirplane - Processing airplane ID-116, passanger count 76, necessary time 7600
23.06.2015 13:26:40,825 INFO  logic.ProcessingAirplane - Use terminal number 2, airplane ID-116
23.06.2015 13:26:41,185 INFO  creator.GenerateAirplane - Generate new airplane ID-117, passanger 51
23.06.2015 13:26:41,186 INFO  logic.ProcessingAirplane - The airplane ID-117 expects service
23.06.2015 13:26:41,687 INFO  creator.GenerateAirplane - Generate new airplane ID-118, passanger 80
23.06.2015 13:26:41,687 INFO  logic.ProcessingAirplane - The airplane ID-118 expects service
23.06.2015 13:26:41,749 INFO  logic.ProcessingAirplane - Processing of the airplane ID-103 is complete
23.06.2015 13:26:41,749 INFO  logic.ProcessingAirplane - Processing airplane ID-117, passanger count 51, necessary time 5100
23.06.2015 13:26:41,749 INFO  logic.ProcessingAirplane - Use ladder number 1, airplane ID-117
23.06.2015 13:26:42,202 INFO  creator.GenerateAirplane - Generate new airplane ID-119, passanger 75
23.06.2015 13:26:42,203 INFO  logic.ProcessingAirplane - The airplane ID-119 expects service
23.06.2015 13:26:42,705 INFO  creator.GenerateAirplane - Generate new airplane ID-120, passanger 26
23.06.2015 13:26:42,705 INFO  logic.ProcessingAirplane - The airplane ID-120 expects service
23.06.2015 13:26:43,205 INFO  creator.GenerateAirplane - Generate new airplane ID-121, passanger 36
23.06.2015 13:26:43,206 INFO  logic.ProcessingAirplane - The airplane ID-121 expects service
23.06.2015 13:26:43,721 INFO  creator.GenerateAirplane - Generate new airplane ID-122, passanger 21
23.06.2015 13:26:43,721 INFO  logic.ProcessingAirplane - The airplane ID-122 expects service
23.06.2015 13:26:44,237 INFO  creator.GenerateAirplane - Generate new airplane ID-123, passanger 31
23.06.2015 13:26:44,239 INFO  logic.ProcessingAirplane - The airplane ID-123 expects service
23.06.2015 13:26:44,740 INFO  creator.GenerateAirplane - Generate new airplane ID-124, passanger 11
23.06.2015 13:26:44,740 INFO  logic.ProcessingAirplane - The airplane ID-124 expects service
23.06.2015 13:26:45,053 INFO  logic.ProcessingAirplane - Processing of the airplane ID-87 is complete
23.06.2015 13:26:45,053 INFO  logic.ProcessingAirplane - Processing airplane ID-119, passanger count 75, necessary time 7500
23.06.2015 13:26:45,053 INFO  logic.ProcessingAirplane - Use terminal number 1, airplane ID-119
23.06.2015 13:26:45,256 INFO  creator.GenerateAirplane - Generate new airplane ID-125, passanger 49
23.06.2015 13:26:45,257 INFO  logic.ProcessingAirplane - The airplane ID-125 expects service
23.06.2015 13:26:45,361 INFO  logic.ProcessingAirplane - Processing of the airplane ID-93 is complete
23.06.2015 13:26:45,361 INFO  logic.ProcessingAirplane - Processing airplane ID-58, passanger count 64, necessary time 6400
23.06.2015 13:26:45,361 INFO  logic.ProcessingAirplane - Processing of the airplane ID-106 is complete
23.06.2015 13:26:45,361 INFO  logic.ProcessingAirplane - Use terminal number 3, airplane ID-58
23.06.2015 13:26:45,361 INFO  logic.ProcessingAirplane - Processing airplane ID-62, passanger count 82, necessary time 8200
23.06.2015 13:26:45,361 INFO  logic.ProcessingAirplane - Use ladder number 3, airplane ID-62
23.06.2015 13:26:45,559 INFO  logic.ProcessingAirplane - Processing of the airplane ID-107 is complete
23.06.2015 13:26:45,559 INFO  logic.ProcessingAirplane - Processing airplane ID-125, passanger count 49, necessary time 4900
23.06.2015 13:26:45,559 INFO  logic.ProcessingAirplane - Use ladder number 4, airplane ID-125
23.06.2015 13:26:45,762 INFO  creator.GenerateAirplane - Generate new airplane ID-126, passanger 53
23.06.2015 13:26:45,762 INFO  logic.ProcessingAirplane - The airplane ID-126 expects service
23.06.2015 13:26:46,262 INFO  creator.GenerateAirplane - Generate new airplane ID-127, passanger 49
23.06.2015 13:26:46,264 INFO  logic.ProcessingAirplane - The airplane ID-127 expects service
23.06.2015 13:26:46,766 INFO  creator.GenerateAirplane - Generate new airplane ID-128, passanger 78
23.06.2015 13:26:46,766 INFO  logic.ProcessingAirplane - The airplane ID-128 expects service
23.06.2015 13:26:46,844 INFO  logic.ProcessingAirplane - Processing of the airplane ID-94 is complete
23.06.2015 13:26:46,844 INFO  logic.ProcessingAirplane - Processing airplane ID-88, passanger count 49, necessary time 4900
23.06.2015 13:26:46,844 INFO  logic.ProcessingAirplane - Use ladder number 2, airplane ID-88
23.06.2015 13:26:46,859 INFO  logic.ProcessingAirplane - Processing of the airplane ID-117 is complete
23.06.2015 13:26:46,859 INFO  logic.ProcessingAirplane - Processing airplane ID-121, passanger count 36, necessary time 3600
23.06.2015 13:26:46,859 INFO  logic.ProcessingAirplane - Use ladder number 1, airplane ID-121
23.06.2015 13:26:47,267 INFO  creator.GenerateAirplane - Generate new airplane ID-129, passanger 91
23.06.2015 13:26:47,267 INFO  logic.ProcessingAirplane - The airplane ID-129 expects service
23.06.2015 13:26:47,772 INFO  creator.GenerateAirplane - Generate new airplane ID-130, passanger 51
23.06.2015 13:26:47,772 INFO  logic.ProcessingAirplane - The airplane ID-130 expects service
23.06.2015 13:26:48,100 INFO  logic.ProcessingAirplane - Processing of the airplane ID-80 is complete
23.06.2015 13:26:48,100 INFO  logic.ProcessingAirplane - Processing airplane ID-112, passanger count 70, necessary time 7000
23.06.2015 13:26:48,100 INFO  logic.ProcessingAirplane - Use ladder number 5, airplane ID-112
23.06.2015 13:26:48,272 INFO  creator.GenerateAirplane - Generate new airplane ID-131, passanger 30
23.06.2015 13:26:48,273 INFO  logic.ProcessingAirplane - The airplane ID-131 expects service
23.06.2015 13:26:48,431 INFO  logic.ProcessingAirplane - Processing of the airplane ID-116 is complete
23.06.2015 13:26:48,431 INFO  logic.ProcessingAirplane - Processing airplane ID-127, passanger count 49, necessary time 4900
23.06.2015 13:26:48,431 INFO  logic.ProcessingAirplane - Use terminal number 2, airplane ID-127
23.06.2015 13:26:48,775 INFO  creator.GenerateAirplane - Generate new airplane ID-132, passanger 36
23.06.2015 13:26:48,775 INFO  logic.ProcessingAirplane - The airplane ID-132 expects service
23.06.2015 13:26:49,290 INFO  creator.GenerateAirplane - Generate new airplane ID-133, passanger 33
23.06.2015 13:26:49,291 INFO  logic.ProcessingAirplane - The airplane ID-133 expects service
23.06.2015 13:26:49,795 INFO  creator.GenerateAirplane - Generate new airplane ID-134, passanger 88
23.06.2015 13:26:49,795 INFO  logic.ProcessingAirplane - The airplane ID-134 expects service
23.06.2015 13:26:50,311 INFO  creator.GenerateAirplane - Generate new airplane ID-135, passanger 10
23.06.2015 13:26:50,312 INFO  logic.ProcessingAirplane - The airplane ID-135 expects service
23.06.2015 13:26:50,470 INFO  logic.ProcessingAirplane - Processing of the airplane ID-121 is complete
23.06.2015 13:26:50,470 INFO  logic.ProcessingAirplane - Processing airplane ID-90, passanger count 63, necessary time 6300
23.06.2015 13:26:50,470 INFO  logic.ProcessingAirplane - Use ladder number 1, airplane ID-90
23.06.2015 13:26:50,470 INFO  logic.ProcessingAirplane - Processing of the airplane ID-125 is complete
23.06.2015 13:26:50,470 INFO  logic.ProcessingAirplane - Processing airplane ID-129, passanger count 91, necessary time 9100
23.06.2015 13:26:50,470 INFO  logic.ProcessingAirplane - Use ladder number 4, airplane ID-129
23.06.2015 13:26:50,814 INFO  creator.GenerateAirplane - Generate new airplane ID-136, passanger 42
23.06.2015 13:26:50,814 INFO  logic.ProcessingAirplane - The airplane ID-136 expects service
23.06.2015 13:26:51,315 INFO  creator.GenerateAirplane - Generate new airplane ID-137, passanger 95
23.06.2015 13:26:51,315 INFO  logic.ProcessingAirplane - The airplane ID-137 expects service
23.06.2015 13:26:51,757 INFO  logic.ProcessingAirplane - Processing of the airplane ID-88 is complete
23.06.2015 13:26:51,757 INFO  logic.ProcessingAirplane - Processing airplane ID-76, passanger count 39, necessary time 3900
23.06.2015 13:26:51,757 INFO  logic.ProcessingAirplane - Use ladder number 2, airplane ID-76
23.06.2015 13:26:51,772 INFO  logic.ProcessingAirplane - Processing of the airplane ID-58 is complete
23.06.2015 13:26:51,772 INFO  logic.ProcessingAirplane - Processing airplane ID-134, passanger count 88, necessary time 8800
23.06.2015 13:26:51,772 INFO  logic.ProcessingAirplane - Use terminal number 3, airplane ID-134
23.06.2015 13:26:51,819 INFO  creator.GenerateAirplane - Generate new airplane ID-138, passanger 41
23.06.2015 13:26:51,819 INFO  logic.ProcessingAirplane - The airplane ID-138 expects service
23.06.2015 13:26:52,335 INFO  creator.GenerateAirplane - Generate new airplane ID-139, passanger 95
23.06.2015 13:26:52,336 INFO  logic.ProcessingAirplane - The airplane ID-139 expects service
23.06.2015 13:26:52,556 INFO  logic.ProcessingAirplane - Processing of the airplane ID-119 is complete
23.06.2015 13:26:52,556 INFO  logic.ProcessingAirplane - Processing airplane ID-66, passanger count 77, necessary time 7700
23.06.2015 13:26:52,556 INFO  logic.ProcessingAirplane - Use terminal number 1, airplane ID-66
23.06.2015 13:26:52,837 INFO  creator.GenerateAirplane - Generate new airplane ID-140, passanger 12
23.06.2015 13:26:52,837 INFO  logic.ProcessingAirplane - The airplane ID-140 expects service
23.06.2015 13:26:53,333 INFO  logic.ProcessingAirplane - Processing airplane ID-92, passanger count 24, necessary time 2400
23.06.2015 13:26:53,334 INFO  logic.ProcessingAirplane - Use terminal number 2, airplane ID-92
23.06.2015 13:26:53,334 INFO  logic.ProcessingAirplane - Processing of the airplane ID-127 is complete
23.06.2015 13:26:53,338 INFO  creator.GenerateAirplane - Generate new airplane ID-141, passanger 34
23.06.2015 13:26:53,338 INFO  logic.ProcessingAirplane - The airplane ID-141 expects service
23.06.2015 13:26:53,575 INFO  logic.ProcessingAirplane - Processing of the airplane ID-62 is complete
23.06.2015 13:26:53,575 INFO  logic.ProcessingAirplane - Processing airplane ID-133, passanger count 33, necessary time 3300
23.06.2015 13:26:53,575 INFO  logic.ProcessingAirplane - Use ladder number 3, airplane ID-133
23.06.2015 13:26:53,840 INFO  creator.GenerateAirplane - Generate new airplane ID-142, passanger 81
23.06.2015 13:26:53,840 INFO  logic.ProcessingAirplane - The airplane ID-142 expects service
23.06.2015 13:26:54,340 INFO  creator.GenerateAirplane - Generate new airplane ID-143, passanger 46
23.06.2015 13:26:54,342 INFO  logic.ProcessingAirplane - The airplane ID-143 expects service
23.06.2015 13:26:54,843 INFO  creator.GenerateAirplane - Generate new airplane ID-144, passanger 98
23.06.2015 13:26:54,843 INFO  logic.ProcessingAirplane - The airplane ID-144 expects service
23.06.2015 13:26:55,109 INFO  logic.ProcessingAirplane - Processing of the airplane ID-112 is complete
23.06.2015 13:26:55,109 INFO  logic.ProcessingAirplane - Processing airplane ID-132, passanger count 36, necessary time 3600
23.06.2015 13:26:55,109 INFO  logic.ProcessingAirplane - Use ladder number 5, airplane ID-132
23.06.2015 13:26:55,354 INFO  creator.GenerateAirplane - Generate new airplane ID-145, passanger 83
23.06.2015 13:26:55,354 INFO  logic.ProcessingAirplane - The airplane ID-145 expects service
23.06.2015 13:26:55,669 INFO  logic.ProcessingAirplane - Processing of the airplane ID-76 is complete
23.06.2015 13:26:55,669 INFO  logic.ProcessingAirplane - Processing airplane ID-108, passanger count 92, necessary time 9200
23.06.2015 13:26:55,669 INFO  logic.ProcessingAirplane - Use ladder number 2, airplane ID-108
23.06.2015 13:26:55,746 INFO  logic.ProcessingAirplane - Processing of the airplane ID-92 is complete
23.06.2015 13:26:55,746 INFO  logic.ProcessingAirplane - Processing airplane ID-105, passanger count 52, necessary time 5200
23.06.2015 13:26:55,746 INFO  logic.ProcessingAirplane - Use terminal number 2, airplane ID-105
23.06.2015 13:26:55,856 INFO  creator.GenerateAirplane - Generate new airplane ID-146, passanger 13
23.06.2015 13:26:55,856 INFO  logic.ProcessingAirplane - The airplane ID-146 expects service
23.06.2015 13:26:56,371 INFO  creator.GenerateAirplane - Generate new airplane ID-147, passanger 36
23.06.2015 13:26:56,372 INFO  logic.ProcessingAirplane - The airplane ID-147 expects service
23.06.2015 13:26:56,780 INFO  logic.ProcessingAirplane - Processing of the airplane ID-90 is complete
23.06.2015 13:26:56,780 INFO  logic.ProcessingAirplane - Processing airplane ID-63, passanger count 74, necessary time 7400
23.06.2015 13:26:56,780 INFO  logic.ProcessingAirplane - Use ladder number 1, airplane ID-63
23.06.2015 13:26:56,874 INFO  creator.GenerateAirplane - Generate new airplane ID-148, passanger 42
23.06.2015 13:26:56,874 INFO  logic.ProcessingAirplane - The airplane ID-148 expects service
23.06.2015 13:26:56,890 INFO  logic.ProcessingAirplane - Processing of the airplane ID-133 is complete
23.06.2015 13:26:56,890 INFO  logic.ProcessingAirplane - Processing airplane ID-124, passanger count 11, necessary time 1100
23.06.2015 13:26:56,890 INFO  logic.ProcessingAirplane - Use ladder number 3, airplane ID-124
23.06.2015 13:26:57,376 INFO  creator.GenerateAirplane - Generate new airplane ID-149, passanger 33
23.06.2015 13:26:57,377 INFO  logic.ProcessingAirplane - The airplane ID-149 expects service
23.06.2015 13:26:57,879 INFO  creator.GenerateAirplane - Generate new airplane ID-150, passanger 65
23.06.2015 13:26:57,879 INFO  logic.ProcessingAirplane - The airplane ID-150 expects service
23.06.2015 13:26:58,004 INFO  logic.ProcessingAirplane - Processing of the airplane ID-124 is complete
23.06.2015 13:26:58,004 INFO  logic.ProcessingAirplane - Processing airplane ID-123, passanger count 31, necessary time 3100
23.06.2015 13:26:58,004 INFO  logic.ProcessingAirplane - Use ladder number 3, airplane ID-123
23.06.2015 13:26:58,379 INFO  runner.Runner - Job finish
23.06.2015 13:26:58,709 INFO  logic.ProcessingAirplane - Processing of the airplane ID-132 is complete
23.06.2015 13:26:58,709 INFO  logic.ProcessingAirplane - Processing airplane ID-141, passanger count 34, necessary time 3400
23.06.2015 13:26:58,709 INFO  logic.ProcessingAirplane - Use ladder number 5, airplane ID-141
23.06.2015 13:26:59,571 INFO  logic.ProcessingAirplane - Processing of the airplane ID-129 is complete
23.06.2015 13:26:59,572 INFO  logic.ProcessingAirplane - Processing airplane ID-111, passanger count 99, necessary time 9900
23.06.2015 13:26:59,572 INFO  logic.ProcessingAirplane - Use ladder number 4, airplane ID-111
23.06.2015 13:27:00,262 INFO  logic.ProcessingAirplane - Processing of the airplane ID-66 is complete
23.06.2015 13:27:00,262 INFO  logic.ProcessingAirplane - Processing airplane ID-149, passanger count 33, necessary time 3300
23.06.2015 13:27:00,262 INFO  logic.ProcessingAirplane - Use terminal number 1, airplane ID-149
23.06.2015 13:27:00,574 INFO  logic.ProcessingAirplane - Processing of the airplane ID-134 is complete
23.06.2015 13:27:00,575 INFO  logic.ProcessingAirplane - Processing airplane ID-142, passanger count 81, necessary time 8100
23.06.2015 13:27:00,575 INFO  logic.ProcessingAirplane - Use terminal number 3, airplane ID-142
23.06.2015 13:27:00,951 INFO  logic.ProcessingAirplane - Processing of the airplane ID-105 is complete
23.06.2015 13:27:00,951 INFO  logic.ProcessingAirplane - Processing airplane ID-101, passanger count 11, necessary time 1100
23.06.2015 13:27:00,951 INFO  logic.ProcessingAirplane - Use terminal number 2, airplane ID-101
23.06.2015 13:27:01,108 INFO  logic.ProcessingAirplane - Processing of the airplane ID-123 is complete
23.06.2015 13:27:01,108 INFO  logic.ProcessingAirplane - Processing airplane ID-126, passanger count 53, necessary time 5300
23.06.2015 13:27:01,108 INFO  logic.ProcessingAirplane - Use ladder number 3, airplane ID-126
23.06.2015 13:27:02,055 INFO  logic.ProcessingAirplane - Processing of the airplane ID-101 is complete
23.06.2015 13:27:02,055 INFO  logic.ProcessingAirplane - Processing airplane ID-146, passanger count 13, necessary time 1300
23.06.2015 13:27:02,056 INFO  logic.ProcessingAirplane - Use terminal number 2, airplane ID-146
23.06.2015 13:27:02,119 INFO  logic.ProcessingAirplane - Processing of the airplane ID-141 is complete
23.06.2015 13:27:02,119 INFO  logic.ProcessingAirplane - Processing airplane ID-150, passanger count 65, necessary time 6500
23.06.2015 13:27:02,119 INFO  logic.ProcessingAirplane - Use ladder number 5, airplane ID-150
23.06.2015 13:27:03,356 INFO  logic.ProcessingAirplane - Processing airplane ID-73, passanger count 45, necessary time 4500
23.06.2015 13:27:03,358 INFO  logic.ProcessingAirplane - Use terminal number 2, airplane ID-73
23.06.2015 13:27:03,356 INFO  logic.ProcessingAirplane - Processing of the airplane ID-146 is complete
23.06.2015 13:27:03,563 INFO  logic.ProcessingAirplane - Processing of the airplane ID-149 is complete
23.06.2015 13:27:03,563 INFO  logic.ProcessingAirplane - Processing airplane ID-110, passanger count 68, necessary time 6800
23.06.2015 13:27:03,563 INFO  logic.ProcessingAirplane - Use terminal number 1, airplane ID-110
23.06.2015 13:27:04,188 INFO  logic.ProcessingAirplane - Processing of the airplane ID-63 is complete
23.06.2015 13:27:04,188 INFO  logic.ProcessingAirplane - Processing airplane ID-99, passanger count 69, necessary time 6900
23.06.2015 13:27:04,188 INFO  logic.ProcessingAirplane - Use ladder number 1, airplane ID-99
23.06.2015 13:27:04,876 INFO  logic.ProcessingAirplane - Processing of the airplane ID-108 is complete
23.06.2015 13:27:04,876 INFO  logic.ProcessingAirplane - Processing airplane ID-95, passanger count 67, necessary time 6700
23.06.2015 13:27:04,877 INFO  logic.ProcessingAirplane - Use ladder number 2, airplane ID-95
23.06.2015 13:27:06,413 INFO  logic.ProcessingAirplane - Processing of the airplane ID-126 is complete
23.06.2015 13:27:06,413 INFO  logic.ProcessingAirplane - Processing airplane ID-118, passanger count 80, necessary time 8000
23.06.2015 13:27:06,415 INFO  logic.ProcessingAirplane - Use ladder number 3, airplane ID-118
23.06.2015 13:27:07,872 INFO  logic.ProcessingAirplane - Processing of the airplane ID-73 is complete
23.06.2015 13:27:07,874 INFO  logic.ProcessingAirplane - Processing airplane ID-136, passanger count 42, necessary time 4200
23.06.2015 13:27:07,874 INFO  logic.ProcessingAirplane - Use terminal number 2, airplane ID-136
23.06.2015 13:27:08,625 INFO  logic.ProcessingAirplane - Processing airplane ID-115, passanger count 96, necessary time 9600
23.06.2015 13:27:08,625 INFO  logic.ProcessingAirplane - Use ladder number 5, airplane ID-115
23.06.2015 13:27:08,625 INFO  logic.ProcessingAirplane - Processing of the airplane ID-150 is complete
23.06.2015 13:27:08,688 INFO  logic.ProcessingAirplane - Processing of the airplane ID-142 is complete
23.06.2015 13:27:08,688 INFO  logic.ProcessingAirplane - Processing airplane ID-113, passanger count 96, necessary time 9600
23.06.2015 13:27:08,688 INFO  logic.ProcessingAirplane - Use terminal number 3, airplane ID-113
23.06.2015 13:27:09,486 INFO  logic.ProcessingAirplane - Processing of the airplane ID-111 is complete
23.06.2015 13:27:09,487 INFO  logic.ProcessingAirplane - Processing airplane ID-138, passanger count 41, necessary time 4100
23.06.2015 13:27:09,487 INFO  logic.ProcessingAirplane - Use ladder number 4, airplane ID-138
23.06.2015 13:27:10,364 INFO  logic.ProcessingAirplane - Processing of the airplane ID-110 is complete
23.06.2015 13:27:10,364 INFO  logic.ProcessingAirplane - Processing airplane ID-104, passanger count 33, necessary time 3300
23.06.2015 13:27:10,364 INFO  logic.ProcessingAirplane - Use terminal number 1, airplane ID-104
23.06.2015 13:27:11,099 INFO  logic.ProcessingAirplane - Processing of the airplane ID-99 is complete
23.06.2015 13:27:11,099 INFO  logic.ProcessingAirplane - Processing airplane ID-128, passanger count 78, necessary time 7800
23.06.2015 13:27:11,100 INFO  logic.ProcessingAirplane - Use ladder number 1, airplane ID-128
23.06.2015 13:27:11,579 INFO  logic.ProcessingAirplane - Processing of the airplane ID-95 is complete
23.06.2015 13:27:11,579 INFO  logic.ProcessingAirplane - Processing airplane ID-147, passanger count 36, necessary time 3600
23.06.2015 13:27:11,579 INFO  logic.ProcessingAirplane - Use ladder number 2, airplane ID-147
23.06.2015 13:27:12,079 INFO  logic.ProcessingAirplane - Processing airplane ID-102, passanger count 58, necessary time 5800
23.06.2015 13:27:12,079 INFO  logic.ProcessingAirplane - Use terminal number 2, airplane ID-102
23.06.2015 13:27:12,079 INFO  logic.ProcessingAirplane - Processing of the airplane ID-136 is complete
23.06.2015 13:27:13,593 INFO  logic.ProcessingAirplane - Processing of the airplane ID-138 is complete
23.06.2015 13:27:13,593 INFO  logic.ProcessingAirplane - Processing airplane ID-122, passanger count 21, necessary time 2100
23.06.2015 13:27:13,594 INFO  logic.ProcessingAirplane - Use ladder number 4, airplane ID-122
23.06.2015 13:27:13,673 INFO  logic.ProcessingAirplane - Processing of the airplane ID-104 is complete
23.06.2015 13:27:13,673 INFO  logic.ProcessingAirplane - Processing airplane ID-148, passanger count 42, necessary time 4200
23.06.2015 13:27:13,673 INFO  logic.ProcessingAirplane - Use terminal number 1, airplane ID-148
23.06.2015 13:27:14,423 INFO  logic.ProcessingAirplane - Processing of the airplane ID-118 is complete
23.06.2015 13:27:14,423 INFO  logic.ProcessingAirplane - Processing airplane ID-143, passanger count 46, necessary time 4600
23.06.2015 13:27:14,423 INFO  logic.ProcessingAirplane - Use ladder number 3, airplane ID-143
23.06.2015 13:27:15,189 INFO  logic.ProcessingAirplane - Processing of the airplane ID-147 is complete
23.06.2015 13:27:15,190 INFO  logic.ProcessingAirplane - Processing airplane ID-140, passanger count 12, necessary time 1200
23.06.2015 13:27:15,190 INFO  logic.ProcessingAirplane - Use ladder number 2, airplane ID-140
23.06.2015 13:27:15,698 INFO  logic.ProcessingAirplane - Processing of the airplane ID-122 is complete
23.06.2015 13:27:15,698 INFO  logic.ProcessingAirplane - Processing airplane ID-139, passanger count 95, necessary time 9500
23.06.2015 13:27:15,698 INFO  logic.ProcessingAirplane - Use ladder number 4, airplane ID-139
23.06.2015 13:27:16,402 INFO  logic.ProcessingAirplane - Processing of the airplane ID-140 is complete
23.06.2015 13:27:16,402 INFO  logic.ProcessingAirplane - Processing airplane ID-131, passanger count 30, necessary time 3000
23.06.2015 13:27:16,402 INFO  logic.ProcessingAirplane - Use ladder number 2, airplane ID-131
23.06.2015 13:27:17,877 INFO  logic.ProcessingAirplane - Processing of the airplane ID-148 is complete
23.06.2015 13:27:17,877 INFO  logic.ProcessingAirplane - Processing airplane ID-135, passanger count 10, necessary time 1000
23.06.2015 13:27:17,878 INFO  logic.ProcessingAirplane - Use terminal number 1, airplane ID-135
23.06.2015 13:27:17,879 INFO  logic.ProcessingAirplane - Processing of the airplane ID-102 is complete
23.06.2015 13:27:17,879 INFO  logic.ProcessingAirplane - Processing airplane ID-37, passanger count 77, necessary time 7700
23.06.2015 13:27:17,879 INFO  logic.ProcessingAirplane - Use terminal number 2, airplane ID-37
23.06.2015 13:27:18,240 INFO  logic.ProcessingAirplane - Processing of the airplane ID-115 is complete
23.06.2015 13:27:18,240 INFO  logic.ProcessingAirplane - Processing airplane ID-130, passanger count 51, necessary time 5100
23.06.2015 13:27:18,240 INFO  logic.ProcessingAirplane - Use ladder number 5, airplane ID-130
23.06.2015 13:27:18,301 INFO  logic.ProcessingAirplane - Processing of the airplane ID-113 is complete
23.06.2015 13:27:18,301 INFO  logic.ProcessingAirplane - Processing airplane ID-120, passanger count 26, necessary time 2600
23.06.2015 13:27:18,301 INFO  logic.ProcessingAirplane - Use terminal number 3, airplane ID-120
23.06.2015 13:27:18,879 INFO  logic.ProcessingAirplane - Processing of the airplane ID-135 is complete
23.06.2015 13:27:18,879 INFO  logic.ProcessingAirplane - Processing airplane ID-114, passanger count 74, necessary time 7400
23.06.2015 13:27:18,879 INFO  logic.ProcessingAirplane - Use terminal number 1, airplane ID-114
23.06.2015 13:27:18,903 INFO  logic.ProcessingAirplane - Processing of the airplane ID-128 is complete
23.06.2015 13:27:18,903 INFO  logic.ProcessingAirplane - Processing airplane ID-109, passanger count 70, necessary time 7000
23.06.2015 13:27:18,903 INFO  logic.ProcessingAirplane - Use ladder number 1, airplane ID-109
23.06.2015 13:27:19,027 INFO  logic.ProcessingAirplane - Processing of the airplane ID-143 is complete
23.06.2015 13:27:19,027 INFO  logic.ProcessingAirplane - Processing airplane ID-97, passanger count 41, necessary time 4100
23.06.2015 13:27:19,027 INFO  logic.ProcessingAirplane - Use ladder number 3, airplane ID-97
23.06.2015 13:27:19,405 INFO  logic.ProcessingAirplane - Processing of the airplane ID-131 is complete
23.06.2015 13:27:19,405 INFO  logic.ProcessingAirplane - Processing airplane ID-145, passanger count 83, necessary time 8300
23.06.2015 13:27:19,405 INFO  logic.ProcessingAirplane - Use ladder number 2, airplane ID-145
23.06.2015 13:27:20,906 INFO  logic.ProcessingAirplane - Processing of the airplane ID-120 is complete
23.06.2015 13:27:20,906 INFO  logic.ProcessingAirplane - Processing airplane ID-137, passanger count 95, necessary time 9500
23.06.2015 13:27:20,908 INFO  logic.ProcessingAirplane - Use terminal number 3, airplane ID-137
23.06.2015 13:27:23,130 INFO  logic.ProcessingAirplane - Processing of the airplane ID-97 is complete
23.06.2015 13:27:23,130 INFO  logic.ProcessingAirplane - Processing airplane ID-144, passanger count 98, necessary time 9800
23.06.2015 13:27:23,130 INFO  logic.ProcessingAirplane - Use ladder number 3, airplane ID-144
23.06.2015 13:27:23,340 INFO  logic.ProcessingAirplane - Processing of the airplane ID-130 is complete
23.06.2015 13:27:23,340 INFO  logic.ProcessingAirplane - Processing airplane ID-96, passanger count 19, necessary time 1900
23.06.2015 13:27:23,340 INFO  logic.ProcessingAirplane - Use ladder number 5, airplane ID-96
23.06.2015 13:27:25,200 INFO  logic.ProcessingAirplane - Processing of the airplane ID-139 is complete
23.06.2015 13:27:25,200 INFO  logic.ProcessingAirplane - Processing airplane ID-100, passanger count 23, necessary time 2300
23.06.2015 13:27:25,200 INFO  logic.ProcessingAirplane - Use ladder number 4, airplane ID-100
23.06.2015 13:27:25,254 INFO  logic.ProcessingAirplane - Processing of the airplane ID-96 is complete
23.06.2015 13:27:25,582 INFO  logic.ProcessingAirplane - Processing of the airplane ID-37 is complete
23.06.2015 13:27:25,910 INFO  logic.ProcessingAirplane - Processing of the airplane ID-109 is complete
23.06.2015 13:27:26,285 INFO  logic.ProcessingAirplane - Processing of the airplane ID-114 is complete
23.06.2015 13:27:27,513 INFO  logic.ProcessingAirplane - Processing of the airplane ID-100 is complete
23.06.2015 13:27:27,720 INFO  logic.ProcessingAirplane - Processing of the airplane ID-145 is complete
23.06.2015 13:27:30,413 INFO  logic.ProcessingAirplane - Processing of the airplane ID-137 is complete
23.06.2015 13:27:32,936 INFO  logic.ProcessingAirplane - Processing of the airplane ID-144 is complete
23.06.2015 13:27:32,940 INFO  logic.StatisticsSingleton - The airplane ID   1 expects service      0 milliseconds
23.06.2015 13:27:32,940 INFO  logic.StatisticsSingleton - The airplane ID   2 expects service      0 milliseconds
23.06.2015 13:27:32,940 INFO  logic.StatisticsSingleton - The airplane ID   3 expects service      0 milliseconds
23.06.2015 13:27:32,940 INFO  logic.StatisticsSingleton - The airplane ID   4 expects service      0 milliseconds
23.06.2015 13:27:32,940 INFO  logic.StatisticsSingleton - The airplane ID   5 expects service      0 milliseconds
23.06.2015 13:27:32,940 INFO  logic.StatisticsSingleton - The airplane ID   6 expects service      0 milliseconds
23.06.2015 13:27:32,940 INFO  logic.StatisticsSingleton - The airplane ID   7 expects service      0 milliseconds
23.06.2015 13:27:32,940 INFO  logic.StatisticsSingleton - The airplane ID   8 expects service      0 milliseconds
23.06.2015 13:27:32,940 INFO  logic.StatisticsSingleton - The airplane ID  10 expects service    235 milliseconds
23.06.2015 13:27:32,940 INFO  logic.StatisticsSingleton - The airplane ID  11 expects service    286 milliseconds
23.06.2015 13:27:32,940 INFO  logic.StatisticsSingleton - The airplane ID   9 expects service   1865 milliseconds
23.06.2015 13:27:32,940 INFO  logic.StatisticsSingleton - The airplane ID  13 expects service    673 milliseconds
23.06.2015 13:27:32,940 INFO  logic.StatisticsSingleton - The airplane ID  14 expects service    437 milliseconds
23.06.2015 13:27:32,940 INFO  logic.StatisticsSingleton - The airplane ID  16 expects service    752 milliseconds
23.06.2015 13:27:32,940 INFO  logic.StatisticsSingleton - The airplane ID  12 expects service   2970 milliseconds
23.06.2015 13:27:32,940 INFO  logic.StatisticsSingleton - The airplane ID  17 expects service    923 milliseconds
23.06.2015 13:27:32,940 INFO  logic.StatisticsSingleton - The airplane ID  20 expects service    784 milliseconds
23.06.2015 13:27:32,940 INFO  logic.StatisticsSingleton - The airplane ID  21 expects service    485 milliseconds
23.06.2015 13:27:32,940 INFO  logic.StatisticsSingleton - The airplane ID  18 expects service   2999 milliseconds
23.06.2015 13:27:32,940 INFO  logic.StatisticsSingleton - The airplane ID  28 expects service    250 milliseconds
23.06.2015 13:27:32,940 INFO  logic.StatisticsSingleton - The airplane ID  22 expects service   3719 milliseconds
23.06.2015 13:27:32,940 INFO  logic.StatisticsSingleton - The airplane ID  15 expects service   7662 milliseconds
23.06.2015 13:27:32,940 INFO  logic.StatisticsSingleton - The airplane ID  19 expects service   6309 milliseconds
23.06.2015 13:27:32,940 INFO  logic.StatisticsSingleton - The airplane ID  25 expects service   3485 milliseconds
23.06.2015 13:27:32,940 INFO  logic.StatisticsSingleton - The airplane ID  23 expects service   4626 milliseconds
23.06.2015 13:27:32,940 INFO  logic.StatisticsSingleton - The airplane ID  33 expects service   1007 milliseconds
23.06.2015 13:27:32,940 INFO  logic.StatisticsSingleton - The airplane ID  30 expects service   3453 milliseconds
23.06.2015 13:27:32,940 INFO  logic.StatisticsSingleton - The airplane ID  26 expects service   6010 milliseconds
23.06.2015 13:27:32,940 INFO  logic.StatisticsSingleton - The airplane ID  34 expects service   2938 milliseconds
23.06.2015 13:27:32,940 INFO  logic.StatisticsSingleton - The airplane ID  31 expects service   4739 milliseconds
23.06.2015 13:27:32,940 INFO  logic.StatisticsSingleton - The airplane ID  38 expects service   1589 milliseconds
23.06.2015 13:27:32,940 INFO  logic.StatisticsSingleton - The airplane ID  42 expects service    867 milliseconds
23.06.2015 13:27:32,940 INFO  logic.StatisticsSingleton - The airplane ID  27 expects service  11063 milliseconds
23.06.2015 13:27:32,940 INFO  logic.StatisticsSingleton - The airplane ID  43 expects service   3170 milliseconds
23.06.2015 13:27:32,940 INFO  logic.StatisticsSingleton - The airplane ID  39 expects service   5617 milliseconds
23.06.2015 13:27:32,940 INFO  logic.StatisticsSingleton - The airplane ID  49 expects service    753 milliseconds
23.06.2015 13:27:32,940 INFO  logic.StatisticsSingleton - The airplane ID  50 expects service    444 milliseconds
23.06.2015 13:27:32,940 INFO  logic.StatisticsSingleton - The airplane ID  29 expects service  11604 milliseconds
23.06.2015 13:27:32,940 INFO  logic.StatisticsSingleton - The airplane ID  45 expects service   4959 milliseconds
23.06.2015 13:27:32,940 INFO  logic.StatisticsSingleton - The airplane ID  44 expects service   5873 milliseconds
23.06.2015 13:27:32,940 INFO  logic.StatisticsSingleton - The airplane ID  32 expects service  12264 milliseconds
23.06.2015 13:27:32,940 INFO  logic.StatisticsSingleton - The airplane ID  56 expects service    705 milliseconds
23.06.2015 13:27:32,940 INFO  logic.StatisticsSingleton - The airplane ID  40 expects service   9011 milliseconds
23.06.2015 13:27:32,940 INFO  logic.StatisticsSingleton - The airplane ID  55 expects service   1522 milliseconds
23.06.2015 13:27:32,940 INFO  logic.StatisticsSingleton - The airplane ID  35 expects service  12483 milliseconds
23.06.2015 13:27:32,940 INFO  logic.StatisticsSingleton - The airplane ID  59 expects service   1317 milliseconds
23.06.2015 13:27:32,940 INFO  logic.StatisticsSingleton - The airplane ID  60 expects service   1186 milliseconds
23.06.2015 13:27:32,940 INFO  logic.StatisticsSingleton - The airplane ID  53 expects service   6630 milliseconds
23.06.2015 13:27:32,940 INFO  logic.StatisticsSingleton - The airplane ID  61 expects service   2686 milliseconds
23.06.2015 13:27:32,956 INFO  logic.StatisticsSingleton - The airplane ID  52 expects service   8963 milliseconds
23.06.2015 13:27:32,956 INFO  logic.StatisticsSingleton - The airplane ID  67 expects service   1442 milliseconds
23.06.2015 13:27:32,956 INFO  logic.StatisticsSingleton - The airplane ID  65 expects service   2776 milliseconds
23.06.2015 13:27:32,956 INFO  logic.StatisticsSingleton - The airplane ID  46 expects service  13990 milliseconds
23.06.2015 13:27:32,956 INFO  logic.StatisticsSingleton - The airplane ID  41 expects service  16706 milliseconds
23.06.2015 13:27:32,956 INFO  logic.StatisticsSingleton - The airplane ID  71 expects service   1716 milliseconds
23.06.2015 13:27:32,956 INFO  logic.StatisticsSingleton - The airplane ID  36 expects service  19477 milliseconds
23.06.2015 13:27:32,956 INFO  logic.StatisticsSingleton - The airplane ID  47 expects service  14075 milliseconds
23.06.2015 13:27:32,956 INFO  logic.StatisticsSingleton - The airplane ID  48 expects service  13653 milliseconds
23.06.2015 13:27:32,956 INFO  logic.StatisticsSingleton - The airplane ID  74 expects service   1339 milliseconds
23.06.2015 13:27:32,956 INFO  logic.StatisticsSingleton - The airplane ID  77 expects service   1901 milliseconds
23.06.2015 13:27:32,956 INFO  logic.StatisticsSingleton - The airplane ID  81 expects service    282 milliseconds
23.06.2015 13:27:32,956 INFO  logic.StatisticsSingleton - The airplane ID  79 expects service   1770 milliseconds
23.06.2015 13:27:32,956 INFO  logic.StatisticsSingleton - The airplane ID  70 expects service   6457 milliseconds
23.06.2015 13:27:32,956 INFO  logic.StatisticsSingleton - The airplane ID  69 expects service   7791 milliseconds
23.06.2015 13:27:32,956 INFO  logic.StatisticsSingleton - The airplane ID  75 expects service   5033 milliseconds
23.06.2015 13:27:32,956 INFO  logic.StatisticsSingleton - The airplane ID  78 expects service   4002 milliseconds
23.06.2015 13:27:32,956 INFO  logic.StatisticsSingleton - The airplane ID  57 expects service  14746 milliseconds
23.06.2015 13:27:32,956 INFO  logic.StatisticsSingleton - The airplane ID  86 expects service   1065 milliseconds
23.06.2015 13:27:32,956 INFO  logic.StatisticsSingleton - The airplane ID  83 expects service   2964 milliseconds
23.06.2015 13:27:32,956 INFO  logic.StatisticsSingleton - The airplane ID  89 expects service    522 milliseconds
23.06.2015 13:27:32,956 INFO  logic.StatisticsSingleton - The airplane ID  51 expects service  20287 milliseconds
23.06.2015 13:27:32,956 INFO  logic.StatisticsSingleton - The airplane ID  68 expects service  12421 milliseconds
23.06.2015 13:27:32,956 INFO  logic.StatisticsSingleton - The airplane ID  85 expects service   4161 milliseconds
23.06.2015 13:27:32,956 INFO  logic.StatisticsSingleton - The airplane ID  24 expects service  36841 milliseconds
23.06.2015 13:27:32,956 INFO  logic.StatisticsSingleton - The airplane ID  64 expects service  17496 milliseconds
23.06.2015 13:27:32,956 INFO  logic.StatisticsSingleton - The airplane ID  84 expects service   7483 milliseconds
23.06.2015 13:27:32,956 INFO  logic.StatisticsSingleton - The airplane ID 103 expects service    736 milliseconds
23.06.2015 13:27:32,956 INFO  logic.StatisticsSingleton - The airplane ID 107 expects service     17 milliseconds
23.06.2015 13:27:32,956 INFO  logic.StatisticsSingleton - The airplane ID  72 expects service  17798 milliseconds
23.06.2015 13:27:32,956 INFO  logic.StatisticsSingleton - The airplane ID  82 expects service  13661 milliseconds
23.06.2015 13:27:32,956 INFO  logic.StatisticsSingleton - The airplane ID  98 expects service   5991 milliseconds
23.06.2015 13:27:32,956 INFO  logic.StatisticsSingleton - The airplane ID  87 expects service  11563 milliseconds
23.06.2015 13:27:32,956 INFO  logic.StatisticsSingleton - The airplane ID  54 expects service  28773 milliseconds
23.06.2015 13:27:32,956 INFO  logic.StatisticsSingleton - The airplane ID  91 expects service  10116 milliseconds
23.06.2015 13:27:32,956 INFO  logic.StatisticsSingleton - The airplane ID  94 expects service   8610 milliseconds
23.06.2015 13:27:32,956 INFO  logic.StatisticsSingleton - The airplane ID 106 expects service   3543 milliseconds
23.06.2015 13:27:32,956 INFO  logic.StatisticsSingleton - The airplane ID  93 expects service  10829 milliseconds
23.06.2015 13:27:32,956 INFO  logic.StatisticsSingleton - The airplane ID  80 expects service  17649 milliseconds
23.06.2015 13:27:32,956 INFO  logic.StatisticsSingleton - The airplane ID 116 expects service    155 milliseconds
23.06.2015 13:27:32,956 INFO  logic.StatisticsSingleton - The airplane ID 117 expects service    563 milliseconds
23.06.2015 13:27:32,956 INFO  logic.StatisticsSingleton - The airplane ID 119 expects service   2850 milliseconds
23.06.2015 13:27:32,956 INFO  logic.StatisticsSingleton - The airplane ID  58 expects service  34063 milliseconds
23.06.2015 13:27:32,956 INFO  logic.StatisticsSingleton - The airplane ID  62 expects service  32037 milliseconds
23.06.2015 13:27:32,956 INFO  logic.StatisticsSingleton - The airplane ID 125 expects service    302 milliseconds
23.06.2015 13:27:32,956 INFO  logic.StatisticsSingleton - The airplane ID  88 expects service  20361 milliseconds
23.06.2015 13:27:32,956 INFO  logic.StatisticsSingleton - The airplane ID 121 expects service   3653 milliseconds
23.06.2015 13:27:32,956 INFO  logic.StatisticsSingleton - The airplane ID 112 expects service   9457 milliseconds
23.06.2015 13:27:32,956 INFO  logic.StatisticsSingleton - The airplane ID 127 expects service   2167 milliseconds
23.06.2015 13:27:32,956 INFO  logic.StatisticsSingleton - The airplane ID  90 expects service  22979 milliseconds
23.06.2015 13:27:32,956 INFO  logic.StatisticsSingleton - The airplane ID 129 expects service   3203 milliseconds
23.06.2015 13:27:32,956 INFO  logic.StatisticsSingleton - The airplane ID  76 expects service  31346 milliseconds
23.06.2015 13:27:32,956 INFO  logic.StatisticsSingleton - The airplane ID 134 expects service   1977 milliseconds
23.06.2015 13:27:32,956 INFO  logic.StatisticsSingleton - The airplane ID  66 expects service  37217 milliseconds
23.06.2015 13:27:32,956 INFO  logic.StatisticsSingleton - The airplane ID  92 expects service  24824 milliseconds
23.06.2015 13:27:32,956 INFO  logic.StatisticsSingleton - The airplane ID 133 expects service   4284 milliseconds
23.06.2015 13:27:32,956 INFO  logic.StatisticsSingleton - The airplane ID 132 expects service   6334 milliseconds
23.06.2015 13:27:32,956 INFO  logic.StatisticsSingleton - The airplane ID 108 expects service  19036 milliseconds
23.06.2015 13:27:32,956 INFO  logic.StatisticsSingleton - The airplane ID 105 expects service  20636 milliseconds
23.06.2015 13:27:32,956 INFO  logic.StatisticsSingleton - The airplane ID  63 expects service  42945 milliseconds
23.06.2015 13:27:32,956 INFO  logic.StatisticsSingleton - The airplane ID 124 expects service  12150 milliseconds
23.06.2015 13:27:32,956 INFO  logic.StatisticsSingleton - The airplane ID 123 expects service  13765 milliseconds
23.06.2015 13:27:32,956 INFO  logic.StatisticsSingleton - The airplane ID 141 expects service   5371 milliseconds
23.06.2015 13:27:32,956 INFO  logic.StatisticsSingleton - The airplane ID 111 expects service  21432 milliseconds
23.06.2015 13:27:32,956 INFO  logic.StatisticsSingleton - The airplane ID 149 expects service   2885 milliseconds
23.06.2015 13:27:32,956 INFO  logic.StatisticsSingleton - The airplane ID 142 expects service   6735 milliseconds
23.06.2015 13:27:32,956 INFO  logic.StatisticsSingleton - The airplane ID 101 expects service  27864 milliseconds
23.06.2015 13:27:32,956 INFO  logic.StatisticsSingleton - The airplane ID 126 expects service  15346 milliseconds
23.06.2015 13:27:32,956 INFO  logic.StatisticsSingleton - The airplane ID 146 expects service   6199 milliseconds
23.06.2015 13:27:32,956 INFO  logic.StatisticsSingleton - The airplane ID 150 expects service   4240 milliseconds
23.06.2015 13:27:32,956 INFO  logic.StatisticsSingleton - The airplane ID  73 expects service  44473 milliseconds
23.06.2015 13:27:32,956 INFO  logic.StatisticsSingleton - The airplane ID 110 expects service  25925 milliseconds
23.06.2015 13:27:32,956 INFO  logic.StatisticsSingleton - The airplane ID  99 expects service  32118 milliseconds
23.06.2015 13:27:32,956 INFO  logic.StatisticsSingleton - The airplane ID  95 expects service  34829 milliseconds
23.06.2015 13:27:32,956 INFO  logic.StatisticsSingleton - The airplane ID 118 expects service  24726 milliseconds
23.06.2015 13:27:32,956 INFO  logic.StatisticsSingleton - The airplane ID 136 expects service  17060 milliseconds
23.06.2015 13:27:32,956 INFO  logic.StatisticsSingleton - The airplane ID 115 expects service  28458 milliseconds
23.06.2015 13:27:32,956 INFO  logic.StatisticsSingleton - The airplane ID 113 expects service  29530 milliseconds
23.06.2015 13:27:32,972 INFO  logic.StatisticsSingleton - The airplane ID 138 expects service  17667 milliseconds
23.06.2015 13:27:32,972 INFO  logic.StatisticsSingleton - The airplane ID 104 expects service  35756 milliseconds
23.06.2015 13:27:32,972 INFO  logic.StatisticsSingleton - The airplane ID 128 expects service  24333 milliseconds
23.06.2015 13:27:32,972 INFO  logic.StatisticsSingleton - The airplane ID 147 expects service  15207 milliseconds
23.06.2015 13:27:32,972 INFO  logic.StatisticsSingleton - The airplane ID 102 expects service  38488 milliseconds
23.06.2015 13:27:32,972 INFO  logic.StatisticsSingleton - The airplane ID 122 expects service  29872 milliseconds
23.06.2015 13:27:32,972 INFO  logic.StatisticsSingleton - The airplane ID 148 expects service  16799 milliseconds
23.06.2015 13:27:32,972 INFO  logic.StatisticsSingleton - The airplane ID 143 expects service  20081 milliseconds
23.06.2015 13:27:32,972 INFO  logic.StatisticsSingleton - The airplane ID 140 expects service  22352 milliseconds
23.06.2015 13:27:32,972 INFO  logic.StatisticsSingleton - The airplane ID 139 expects service  23362 milliseconds
23.06.2015 13:27:32,972 INFO  logic.StatisticsSingleton - The airplane ID 131 expects service  28129 milliseconds
23.06.2015 13:27:32,972 INFO  logic.StatisticsSingleton - The airplane ID 135 expects service  27565 milliseconds
23.06.2015 13:27:32,972 INFO  logic.StatisticsSingleton - The airplane ID  37 expects service  77195 milliseconds
23.06.2015 13:27:32,972 INFO  logic.StatisticsSingleton - The airplane ID 130 expects service  30468 milliseconds
23.06.2015 13:27:32,972 INFO  logic.StatisticsSingleton - The airplane ID 120 expects service  35596 milliseconds
23.06.2015 13:27:32,972 INFO  logic.StatisticsSingleton - The airplane ID 114 expects service  39213 milliseconds
23.06.2015 13:27:32,972 INFO  logic.StatisticsSingleton - The airplane ID 109 expects service  41769 milliseconds
23.06.2015 13:27:32,972 INFO  logic.StatisticsSingleton - The airplane ID  97 expects service  47979 milliseconds
23.06.2015 13:27:32,972 INFO  logic.StatisticsSingleton - The airplane ID 145 expects service  24051 milliseconds
23.06.2015 13:27:32,972 INFO  logic.StatisticsSingleton - The airplane ID 137 expects service  29591 milliseconds
23.06.2015 13:27:32,972 INFO  logic.StatisticsSingleton - The airplane ID 144 expects service  28287 milliseconds
23.06.2015 13:27:32,972 INFO  logic.StatisticsSingleton - The airplane ID  96 expects service  52793 milliseconds
23.06.2015 13:27:32,972 INFO  logic.StatisticsSingleton - The airplane ID 100 expects service  52630 milliseconds
23.06.2015 13:27:32,972 INFO  logic.StatisticsSingleton - The general operating time 110512 milliseconds
